Algorithm: FFT Princeton Java Iterative block size: 16 0.516927 ms
average: 0.516927 ms

Algorithm: FFT Princeton Java Iterative block size: 32 0.753333 ms
average: 0.753333 ms

Algorithm: FFT Princeton Java Iterative block size: 64 1.455 ms
average: 1.455 ms

Algorithm: FFT Princeton Java Iterative block size: 128 3.093334 ms
average: 3.093334 ms

Algorithm: FFT Princeton Java Iterative block size: 256 0.875313 ms
average: 0.875313 ms

Algorithm: FFT Princeton Java Iterative block size: 512 1.457239 ms
average: 1.457239 ms

Algorithm: FFT Princeton Java Iterative block size: 1024 2.372396 ms
average: 2.372396 ms

Algorithm: FFT Princeton Java Iterative block size: 2048 6.524948 ms
average: 6.524948 ms

Algorithm: FFT Princeton Java Iterative block size: 4096 18.402397 ms
average: 18.402397 ms

Algorithm: FFT Princeton Java Iterative block size: 8192 30.123909 ms
average: 30.123909 ms

Algorithm: FFT Princeton Java Iterative block size: 16384 73.017091 ms
average: 73.017091 ms

Algorithm: FFT Princeton Java Iterative block size: 32768 173.147205 ms
average: 173.147205 ms

Algorithm: FFT Princeton Java Iterative block size: 65536 393.121602 ms
average: 393.121602 ms

Algorithm: FFT Princeton Java Recursive block size: 16 0.319792 ms
average: 0.319792 ms

Algorithm: FFT Princeton Java Recursive block size: 32 0.39224 ms
average: 0.39224 ms

Algorithm: FFT Princeton Java Recursive block size: 64 0.91125 ms
average: 0.91125 ms

Algorithm: FFT Princeton Java Recursive block size: 128 1.23724 ms
average: 1.23724 ms

Algorithm: FFT Princeton Java Recursive block size: 256 0.604271 ms
average: 0.604271 ms

Algorithm: FFT Princeton Java Recursive block size: 512 1.376354 ms
average: 1.376354 ms

Algorithm: FFT Princeton Java Recursive block size: 1024 2.836042 ms
average: 2.836042 ms

Algorithm: FFT Princeton Java Recursive block size: 2048 6.65323 ms
average: 6.65323 ms

Algorithm: FFT Princeton Java Recursive block size: 4096 25.777502 ms
average: 25.777502 ms

Algorithm: FFT Princeton Java Recursive block size: 8192 38.681514 ms
average: 38.681514 ms

Algorithm: FFT Princeton Java Recursive block size: 16384 94.751156 ms
average: 94.751156 ms

Algorithm: FFT Princeton Java Recursive block size: 32768 188.280123 ms
average: 188.280123 ms

Algorithm: FFT Princeton Java Recursive block size: 65536 387.958111 ms
average: 387.958111 ms

Algorithm: FFT Columbia Java Iterative block size: 16 0.192656 ms
average: 0.192656 ms

Algorithm: FFT Columbia Java Iterative block size: 32 0.094427 ms
average: 0.094427 ms

Algorithm: FFT Columbia Java Iterative block size: 64 0.161563 ms
average: 0.161563 ms

Algorithm: FFT Columbia Java Iterative block size: 128 0.286979 ms
average: 0.286979 ms

Algorithm: FFT Columbia Java Iterative block size: 256 0.516563 ms
average: 0.516563 ms

Algorithm: FFT Columbia Java Iterative block size: 512 1.366406 ms
average: 1.366406 ms

Algorithm: FFT Columbia Java Iterative block size: 1024 2.965469 ms
average: 2.965469 ms

Algorithm: FFT Columbia Java Iterative block size: 2048 6.041563 ms
average: 6.041563 ms

Algorithm: FFT Columbia Java Iterative block size: 4096 17.012242 ms
average: 17.012242 ms

Algorithm: FFT Columbia Java Iterative block size: 8192 3.956355 ms
average: 3.956355 ms

Algorithm: FFT Columbia Java Iterative block size: 16384 4.735782 ms
average: 4.735782 ms

Algorithm: FFT Columbia Java Iterative block size: 32768 9.66422 ms
average: 9.66422 ms

Algorithm: FFT Columbia Java Iterative block size: 65536 31.247868 ms
average: 31.247868 ms

Algorithm: FFT Java JTransforms block size: 16 1.34948 ms
average: 1.34948 ms

Algorithm: FFT Java JTransforms block size: 32 0.690677 ms
average: 0.690677 ms

Algorithm: FFT Java JTransforms block size: 64 0.279844 ms
average: 0.279844 ms

Algorithm: FFT Java JTransforms block size: 128 0.444271 ms
average: 0.444271 ms

Algorithm: FFT Java JTransforms block size: 256 0.804063 ms
average: 0.804063 ms

Algorithm: FFT Java JTransforms block size: 512 1.76276 ms
average: 1.76276 ms

Algorithm: FFT Java JTransforms block size: 1024 2.997136 ms
average: 2.997136 ms

Algorithm: FFT Java JTransforms block size: 2048 6.13297 ms
average: 6.13297 ms

Algorithm: FFT Java JTransforms block size: 4096 15.191512 ms
average: 15.191512 ms

Algorithm: FFT Java JTransforms block size: 8192 18.49797 ms
average: 18.49797 ms

Algorithm: FFT Java JTransforms block size: 16384 37.051305 ms
average: 37.051305 ms

Algorithm: FFT Java JTransforms block size: 32768 29.462138 ms
average: 29.462138 ms

Algorithm: FFT Java JTransforms block size: 65536 27.098024 ms
average: 27.098024 ms

Algorithm: FFT C++ Princeton converted Iterative block size: 16 0.092604 ms
average: 0.092604 ms

Algorithm: FFT C++ Princeton converted Iterative block size: 32 0.047761 ms
average: 0.047761 ms

Algorithm: FFT C++ Princeton converted Iterative block size: 64 0.085573 ms
average: 0.085573 ms

Algorithm: FFT C++ Princeton converted Iterative block size: 128 0.149531 ms
average: 0.149531 ms

Algorithm: FFT C++ Princeton converted Iterative block size: 256 0.263177 ms
average: 0.263177 ms

Algorithm: FFT C++ Princeton converted Iterative block size: 512 0.555052 ms
average: 0.555052 ms

Algorithm: FFT C++ Princeton converted Iterative block size: 1024 1.174062 ms
average: 1.174062 ms

Algorithm: FFT C++ Princeton converted Iterative block size: 2048 2.640678 ms
average: 2.640678 ms

Algorithm: FFT C++ Princeton converted Iterative block size: 4096 5.07823 ms
average: 5.07823 ms

Algorithm: FFT C++ Princeton converted Iterative block size: 8192 11.498178 ms
average: 11.498178 ms

Algorithm: FFT C++ Princeton converted Iterative block size: 16384 23.516253 ms
average: 23.516253 ms

Algorithm: FFT C++ Princeton converted Iterative block size: 32768 50.819119 ms
average: 50.819119 ms

Algorithm: FFT C++ Princeton converted Iterative block size: 65536 117.502408 ms
average: 117.502408 ms

Algorithm: FFT C++ Princeton converted Recursive block size: 16 0.106771 ms
average: 0.106771 ms

Algorithm: FFT C++ Princeton converted Recursive block size: 32 0.115885 ms
average: 0.115885 ms

Algorithm: FFT C++ Princeton converted Recursive block size: 64 0.230938 ms
average: 0.230938 ms

Algorithm: FFT C++ Princeton converted Recursive block size: 128 0.438958 ms
average: 0.438958 ms

Algorithm: FFT C++ Princeton converted Recursive block size: 256 0.908281 ms
average: 0.908281 ms

Algorithm: FFT C++ Princeton converted Recursive block size: 512 1.928854 ms
average: 1.928854 ms

Algorithm: FFT C++ Princeton converted Recursive block size: 1024 4.000886 ms
average: 4.000886 ms

Algorithm: FFT C++ Princeton converted Recursive block size: 2048 8.181667 ms
average: 8.181667 ms

Algorithm: FFT C++ Princeton converted Recursive block size: 4096 16.998127 ms
average: 16.998127 ms

Algorithm: FFT C++ Princeton converted Recursive block size: 8192 35.698024 ms
average: 35.698024 ms

Algorithm: FFT C++ Princeton converted Recursive block size: 16384 74.833965 ms
average: 74.833965 ms

Algorithm: FFT C++ Princeton converted Recursive block size: 32768 170.297621 ms
average: 170.297621 ms

Algorithm: FFT C++ Princeton converted Recursive block size: 65536 347.993992 ms
average: 347.993992 ms

Algorithm: FFT C++ Columbia converted Iterative block size: 16 0.068437 ms
average: 0.068437 ms

Algorithm: FFT C++ Columbia converted Iterative block size: 32 0.035104 ms
average: 0.035104 ms

Algorithm: FFT C++ Columbia converted Iterative block size: 64 0.069792 ms
average: 0.069792 ms

Algorithm: FFT C++ Columbia converted Iterative block size: 128 0.224063 ms
average: 0.224063 ms

Algorithm: FFT C++ Columbia converted Iterative block size: 256 0.219531 ms
average: 0.219531 ms

Algorithm: FFT C++ Columbia converted Iterative block size: 512 0.451146 ms
average: 0.451146 ms

Algorithm: FFT C++ Columbia converted Iterative block size: 1024 1.194427 ms
average: 1.194427 ms

Algorithm: FFT C++ Columbia converted Iterative block size: 2048 0.851146 ms
average: 0.851146 ms

Algorithm: FFT C++ Columbia converted Iterative block size: 4096 1.690417 ms
average: 1.690417 ms

Algorithm: FFT C++ Columbia converted Iterative block size: 8192 3.635782 ms
average: 3.635782 ms

Algorithm: FFT C++ Columbia converted Iterative block size: 16384 7.392813 ms
average: 7.392813 ms

Algorithm: FFT C++ Columbia converted Iterative block size: 32768 17.500835 ms
average: 17.500835 ms

Algorithm: FFT C++ Columbia converted Iterative block size: 65536 38.502608 ms
average: 38.502608 ms

Algorithm: FFT C++ KISS block size: 16 0.144531 ms
average: 0.144531 ms

Algorithm: FFT C++ KISS block size: 32 0.061146 ms
average: 0.061146 ms

Algorithm: FFT C++ KISS block size: 64 0.054479 ms
average: 0.054479 ms

Algorithm: FFT C++ KISS block size: 128 0.105573 ms
average: 0.105573 ms

Algorithm: FFT C++ KISS block size: 256 0.147708 ms
average: 0.147708 ms

Algorithm: FFT C++ KISS block size: 512 0.305729 ms
average: 0.305729 ms

Algorithm: FFT C++ KISS block size: 1024 0.578282 ms
average: 0.578282 ms

Algorithm: FFT C++ KISS block size: 2048 1.027031 ms
average: 1.027031 ms

Algorithm: FFT C++ KISS block size: 4096 2.014844 ms
average: 2.014844 ms

Algorithm: FFT C++ KISS block size: 8192 3.894635 ms
average: 3.894635 ms

Algorithm: FFT C++ KISS block size: 16384 8.197605 ms
average: 8.197605 ms

Algorithm: FFT C++ KISS block size: 32768 18.85193 ms
average: 18.85193 ms

Algorithm: FFT C++ KISS block size: 65536 39.049952 ms
average: 39.049952 ms

Algorithm: FFT C++ Columbia optimized Iterative block size: 16 0.238594 ms
average: 0.238594 ms

Algorithm: FFT C++ Columbia optimized Iterative block size: 32 0.107604 ms
average: 0.107604 ms

Algorithm: FFT C++ Columbia optimized Iterative block size: 64 0.173333 ms
average: 0.173333 ms

Algorithm: FFT C++ Columbia optimized Iterative block size: 128 0.219896 ms
average: 0.219896 ms

Algorithm: FFT C++ Columbia optimized Iterative block size: 256 0.310313 ms
average: 0.310313 ms

Algorithm: FFT C++ Columbia optimized Iterative block size: 512 0.48125 ms
average: 0.48125 ms

Algorithm: FFT C++ Columbia optimized Iterative block size: 1024 0.449375 ms
average: 0.449375 ms

Algorithm: FFT C++ Columbia optimized Iterative block size: 2048 0.811198 ms
average: 0.811198 ms

Algorithm: FFT C++ Columbia optimized Iterative block size: 4096 1.680052 ms
average: 1.680052 ms

Algorithm: FFT C++ Columbia optimized Iterative block size: 8192 3.498855 ms
average: 3.498855 ms

Algorithm: FFT C++ Columbia optimized Iterative block size: 16384 7.922293 ms
average: 7.922293 ms

Algorithm: FFT C++ Columbia optimized Iterative block size: 32768 22.935263 ms
average: 22.935263 ms

Algorithm: FFT C++ Columbia optimized Iterative block size: 65536 40.366202 ms
average: 40.366202 ms

Algorithm: JNI Benchmark with no params block size: 16 0.009166 ms
average: 0.009166 ms

Algorithm: JNI Benchmark with no params block size: 32 0.002709 ms
average: 0.002709 ms

Algorithm: JNI Benchmark with no params block size: 64 0.002553 ms
average: 0.002553 ms

Algorithm: JNI Benchmark with no params block size: 128 0.002396 ms
average: 0.002396 ms

Algorithm: JNI Benchmark with no params block size: 256 0.002396 ms
average: 0.002396 ms

Algorithm: JNI Benchmark with no params block size: 512 0.002448 ms
average: 0.002448 ms

Algorithm: JNI Benchmark with no params block size: 1024 0.002448 ms
average: 0.002448 ms

Algorithm: JNI Benchmark with no params block size: 2048 0.002396 ms
average: 0.002396 ms

Algorithm: JNI Benchmark with no params block size: 4096 0.002395 ms
average: 0.002395 ms

Algorithm: JNI Benchmark with no params block size: 8192 0.002344 ms
average: 0.002344 ms

Algorithm: JNI Benchmark with no params block size: 16384 0.002604 ms
average: 0.002604 ms

Algorithm: JNI Benchmark with no params block size: 32768 0.002813 ms
average: 0.002813 ms

Algorithm: JNI Benchmark with no params block size: 65536 0.002343 ms
average: 0.002343 ms

Algorithm: JNI Benchmark with vector as param block size: 16 0.004323 ms
average: 0.004323 ms

Algorithm: JNI Benchmark with vector as param block size: 32 0.003281 ms
average: 0.003281 ms

Algorithm: JNI Benchmark with vector as param block size: 64 0.003177 ms
average: 0.003177 ms

Algorithm: JNI Benchmark with vector as param block size: 128 0.003594 ms
average: 0.003594 ms

Algorithm: JNI Benchmark with vector as param block size: 256 0.003646 ms
average: 0.003646 ms

Algorithm: JNI Benchmark with vector as param block size: 512 0.003437 ms
average: 0.003437 ms

Algorithm: JNI Benchmark with vector as param block size: 1024 0.004219 ms
average: 0.004219 ms

Algorithm: JNI Benchmark with vector as param block size: 2048 0.004115 ms
average: 0.004115 ms

Algorithm: JNI Benchmark with vector as param block size: 4096 0.004323 ms
average: 0.004323 ms

Algorithm: JNI Benchmark with vector as param block size: 8192 0.004791 ms
average: 0.004791 ms

Algorithm: JNI Benchmark with vector as param block size: 16384 0.006302 ms
average: 0.006302 ms

Algorithm: JNI Benchmark with vector as param block size: 32768 0.008594 ms
average: 0.008594 ms

Algorithm: JNI Benchmark with vector as param block size: 65536 0.011041 ms
average: 0.011041 ms

Algorithm: JNI Benchmark convert param to vector block size: 16 0.0175 ms
average: 0.0175 ms

Algorithm: JNI Benchmark convert param to vector block size: 32 0.007552 ms
average: 0.007552 ms

Algorithm: JNI Benchmark convert param to vector block size: 64 0.0075 ms
average: 0.0075 ms

Algorithm: JNI Benchmark convert param to vector block size: 128 0.008489 ms
average: 0.008489 ms

Algorithm: JNI Benchmark convert param to vector block size: 256 0.010261 ms
average: 0.010261 ms

Algorithm: JNI Benchmark convert param to vector block size: 512 0.01401 ms
average: 0.01401 ms

Algorithm: JNI Benchmark convert param to vector block size: 1024 0.008229 ms
average: 0.008229 ms

Algorithm: JNI Benchmark convert param to vector block size: 2048 0.007604 ms
average: 0.007604 ms

Algorithm: JNI Benchmark convert param to vector block size: 4096 0.008229 ms
average: 0.008229 ms

Algorithm: JNI Benchmark convert param to vector block size: 8192 0.008802 ms
average: 0.008802 ms

Algorithm: JNI Benchmark convert param to vector block size: 16384 0.009792 ms
average: 0.009792 ms

Algorithm: JNI Benchmark convert param to vector block size: 32768 0.017396 ms
average: 0.017396 ms

Algorithm: JNI Benchmark convert param to vector block size: 65536 0.016146 ms
average: 0.016146 ms

