-- Running Algorithm FFT Princeton Java Iterative N=131072 for 5 iter

1165.785793 ms
1130.390633 ms
1154.445167 ms
1155.018866 ms
1145.671885 ms
average: 1150.2624688 ms

-- Running Algorithm FFT Princeton Java Recursive N=131072 for 5 iter

1462.247385 ms
1369.147689 ms
1399.478108 ms
1358.305864 ms
1397.975764 ms
average: 1397.430962 ms

-- Running Algorithm FFT Columbia Java Iterative N=131072 for 5 iter

655.648555 ms
615.162874 ms
618.005426 ms
549.709013 ms
552.04641 ms
average: 598.1144556000002 ms

-- Running Algorithm FFT Java JTransforms N=131072 for 5 iter

307.286333 ms
153.425015 ms
89.8323 ms
75.275685 ms
78.139435 ms
average: 140.7917536 ms

-- Running Algorithm FFT C++ Princeton converted Iterative N=131072 for 5 iter

834.908261 ms
794.502788 ms
799.827267 ms
794.813152 ms
790.63685 ms
average: 802.9376636 ms

-- Running Algorithm FFT C++ Princeton converted Recursive N=131072 for 5 iter

1605.71641 ms
1594.078232 ms
1580.798699 ms
1591.873648 ms
1571.610365 ms
average: 1588.8154708 ms

-- Running Algorithm FFT C++ Columbia converted Iterative N=131072 for 5 iter

730.711062 ms
702.07132 ms
697.538351 ms
685.302412 ms
690.443142 ms
average: 701.2132574 ms

-- Running Algorithm FFT C++ KISS N=131072 for 5 iter

316.304823 ms
332.863054 ms
338.428575 ms
303.506905 ms
330.342377 ms
average: 324.28914679999997 ms

