Algorithm: FFT Princeton Java Iterative block size: 16 0.469896 ms
average: 0.469896 ms

Algorithm: FFT Princeton Java Iterative block size: 32 0.706562 ms
average: 0.706562 ms

Algorithm: FFT Princeton Java Iterative block size: 64 1.186511 ms
average: 1.186511 ms

Algorithm: FFT Princeton Java Iterative block size: 128 2.219271 ms
average: 2.219271 ms

Algorithm: FFT Princeton Java Iterative block size: 256 0.826563 ms
average: 0.826563 ms

Algorithm: FFT Princeton Java Iterative block size: 512 1.186146 ms
average: 1.186146 ms

Algorithm: FFT Princeton Java Iterative block size: 1024 2.120052 ms
average: 2.120052 ms

Algorithm: FFT Princeton Java Iterative block size: 2048 5.048543 ms
average: 5.048543 ms

Algorithm: FFT Princeton Java Iterative block size: 4096 13.465157 ms
average: 13.465157 ms

Algorithm: FFT Princeton Java Iterative block size: 8192 28.103597 ms
average: 28.103597 ms

Algorithm: FFT Princeton Java Iterative block size: 16384 77.052091 ms
average: 77.052091 ms

Algorithm: FFT Princeton Java Iterative block size: 32768 179.47382 ms
average: 179.47382 ms

Algorithm: FFT Princeton Java Iterative block size: 65536 388.655819 ms
average: 388.655819 ms

Algorithm: FFT Princeton Java Recursive block size: 16 0.385781 ms
average: 0.385781 ms

Algorithm: FFT Princeton Java Recursive block size: 32 0.383698 ms
average: 0.383698 ms

Algorithm: FFT Princeton Java Recursive block size: 64 0.917917 ms
average: 0.917917 ms

Algorithm: FFT Princeton Java Recursive block size: 128 1.792552 ms
average: 1.792552 ms

Algorithm: FFT Princeton Java Recursive block size: 256 0.854219 ms
average: 0.854219 ms

Algorithm: FFT Princeton Java Recursive block size: 512 2.467709 ms
average: 2.467709 ms

Algorithm: FFT Princeton Java Recursive block size: 1024 4.541668 ms
average: 4.541668 ms

Algorithm: FFT Princeton Java Recursive block size: 2048 11.892761 ms
average: 11.892761 ms

Algorithm: FFT Princeton Java Recursive block size: 4096 16.361565 ms
average: 16.361565 ms

Algorithm: FFT Princeton Java Recursive block size: 8192 45.206983 ms
average: 45.206983 ms

Algorithm: FFT Princeton Java Recursive block size: 16384 98.218499 ms
average: 98.218499 ms

Algorithm: FFT Princeton Java Recursive block size: 32768 218.12148 ms
average: 218.12148 ms

Algorithm: FFT Princeton Java Recursive block size: 65536 418.688479 ms
average: 418.688479 ms

Algorithm: FFT Columbia Java Iterative block size: 16 0.212083 ms
average: 0.212083 ms

Algorithm: FFT Columbia Java Iterative block size: 32 0.121719 ms
average: 0.121719 ms

Algorithm: FFT Columbia Java Iterative block size: 64 0.197553 ms
average: 0.197553 ms

Algorithm: FFT Columbia Java Iterative block size: 128 0.35526 ms
average: 0.35526 ms

Algorithm: FFT Columbia Java Iterative block size: 256 0.70526 ms
average: 0.70526 ms

Algorithm: FFT Columbia Java Iterative block size: 512 1.405157 ms
average: 1.405157 ms

Algorithm: FFT Columbia Java Iterative block size: 1024 3.596094 ms
average: 3.596094 ms

Algorithm: FFT Columbia Java Iterative block size: 2048 0.34349 ms
average: 0.34349 ms

Algorithm: FFT Columbia Java Iterative block size: 4096 1.160729 ms
average: 1.160729 ms

Algorithm: FFT Columbia Java Iterative block size: 8192 2.904271 ms
average: 2.904271 ms

Algorithm: FFT Columbia Java Iterative block size: 16384 4.429375 ms
average: 4.429375 ms

Algorithm: FFT Columbia Java Iterative block size: 32768 9.71922 ms
average: 9.71922 ms

Algorithm: FFT Columbia Java Iterative block size: 65536 43.770681 ms
average: 43.770681 ms

Algorithm: FFT Java JTransforms block size: 16 1.369271 ms
average: 1.369271 ms

Algorithm: FFT Java JTransforms block size: 32 0.672709 ms
average: 0.672709 ms

Algorithm: FFT Java JTransforms block size: 64 0.279635 ms
average: 0.279635 ms

Algorithm: FFT Java JTransforms block size: 128 0.465781 ms
average: 0.465781 ms

Algorithm: FFT Java JTransforms block size: 256 0.752917 ms
average: 0.752917 ms

Algorithm: FFT Java JTransforms block size: 512 1.574531 ms
average: 1.574531 ms

Algorithm: FFT Java JTransforms block size: 1024 3.049584 ms
average: 3.049584 ms

Algorithm: FFT Java JTransforms block size: 2048 6.246042 ms
average: 6.246042 ms

Algorithm: FFT Java JTransforms block size: 4096 20.017502 ms
average: 20.017502 ms

Algorithm: FFT Java JTransforms block size: 8192 23.515471 ms
average: 23.515471 ms

Algorithm: FFT Java JTransforms block size: 16384 40.843546 ms
average: 40.843546 ms

Algorithm: FFT Java JTransforms block size: 32768 35.000733 ms
average: 35.000733 ms

Algorithm: FFT Java JTransforms block size: 65536 33.023962 ms
average: 33.023962 ms

Algorithm: FFT C++ Princeton converted Iterative block size: 16 0.126666 ms
average: 0.126666 ms

Algorithm: FFT C++ Princeton converted Iterative block size: 32 0.068229 ms
average: 0.068229 ms

Algorithm: FFT C++ Princeton converted Iterative block size: 64 0.120365 ms
average: 0.120365 ms

Algorithm: FFT C++ Princeton converted Iterative block size: 128 0.199219 ms
average: 0.199219 ms

Algorithm: FFT C++ Princeton converted Iterative block size: 256 0.432813 ms
average: 0.432813 ms

Algorithm: FFT C++ Princeton converted Iterative block size: 512 0.815469 ms
average: 0.815469 ms

Algorithm: FFT C++ Princeton converted Iterative block size: 1024 1.693021 ms
average: 1.693021 ms

Algorithm: FFT C++ Princeton converted Iterative block size: 2048 3.589479 ms
average: 3.589479 ms

Algorithm: FFT C++ Princeton converted Iterative block size: 4096 8.012032 ms
average: 8.012032 ms

Algorithm: FFT C++ Princeton converted Iterative block size: 8192 15.365782 ms
average: 15.365782 ms

Algorithm: FFT C++ Princeton converted Iterative block size: 16384 26.087294 ms
average: 26.087294 ms

Algorithm: FFT C++ Princeton converted Iterative block size: 32768 53.436776 ms
average: 53.436776 ms

Algorithm: FFT C++ Princeton converted Iterative block size: 65536 122.483553 ms
average: 122.483553 ms

Algorithm: FFT C++ Princeton converted Recursive block size: 16 0.101927 ms
average: 0.101927 ms

Algorithm: FFT C++ Princeton converted Recursive block size: 32 0.115 ms
average: 0.115 ms

Algorithm: FFT C++ Princeton converted Recursive block size: 64 0.220573 ms
average: 0.220573 ms

Algorithm: FFT C++ Princeton converted Recursive block size: 128 0.444166 ms
average: 0.444166 ms

Algorithm: FFT C++ Princeton converted Recursive block size: 256 0.962969 ms
average: 0.962969 ms

Algorithm: FFT C++ Princeton converted Recursive block size: 512 1.892239 ms
average: 1.892239 ms

Algorithm: FFT C++ Princeton converted Recursive block size: 1024 3.994271 ms
average: 3.994271 ms

Algorithm: FFT C++ Princeton converted Recursive block size: 2048 8.359741 ms
average: 8.359741 ms

Algorithm: FFT C++ Princeton converted Recursive block size: 4096 17.130783 ms
average: 17.130783 ms

Algorithm: FFT C++ Princeton converted Recursive block size: 8192 36.169587 ms
average: 36.169587 ms

Algorithm: FFT C++ Princeton converted Recursive block size: 16384 75.690424 ms
average: 75.690424 ms

Algorithm: FFT C++ Princeton converted Recursive block size: 32768 158.040589 ms
average: 158.040589 ms

Algorithm: FFT C++ Princeton converted Recursive block size: 65536 331.200658 ms
average: 331.200658 ms

Algorithm: FFT C++ Columbia converted Iterative block size: 16 0.069062 ms
average: 0.069062 ms

Algorithm: FFT C++ Columbia converted Iterative block size: 32 0.037864 ms
average: 0.037864 ms

Algorithm: FFT C++ Columbia converted Iterative block size: 64 0.068906 ms
average: 0.068906 ms

Algorithm: FFT C++ Columbia converted Iterative block size: 128 0.146041 ms
average: 0.146041 ms

Algorithm: FFT C++ Columbia converted Iterative block size: 256 0.200782 ms
average: 0.200782 ms

Algorithm: FFT C++ Columbia converted Iterative block size: 512 0.405364 ms
average: 0.405364 ms

Algorithm: FFT C++ Columbia converted Iterative block size: 1024 0.846406 ms
average: 0.846406 ms

Algorithm: FFT C++ Columbia converted Iterative block size: 2048 1.774427 ms
average: 1.774427 ms

Algorithm: FFT C++ Columbia converted Iterative block size: 4096 4.243698 ms
average: 4.243698 ms

Algorithm: FFT C++ Columbia converted Iterative block size: 8192 4.055104 ms
average: 4.055104 ms

Algorithm: FFT C++ Columbia converted Iterative block size: 16384 10.669012 ms
average: 10.669012 ms

Algorithm: FFT C++ Columbia converted Iterative block size: 32768 20.76219 ms
average: 20.76219 ms

Algorithm: FFT C++ Columbia converted Iterative block size: 65536 40.160368 ms
average: 40.160368 ms

Algorithm: FFT C++ KISS block size: 16 0.079167 ms
average: 0.079167 ms

Algorithm: FFT C++ KISS block size: 32 0.046614 ms
average: 0.046614 ms

Algorithm: FFT C++ KISS block size: 64 0.04552 ms
average: 0.04552 ms

Algorithm: FFT C++ KISS block size: 128 0.081198 ms
average: 0.081198 ms

Algorithm: FFT C++ KISS block size: 256 0.115052 ms
average: 0.115052 ms

Algorithm: FFT C++ KISS block size: 512 0.216614 ms
average: 0.216614 ms

Algorithm: FFT C++ KISS block size: 1024 0.405938 ms
average: 0.405938 ms

Algorithm: FFT C++ KISS block size: 2048 0.822812 ms
average: 0.822812 ms

Algorithm: FFT C++ KISS block size: 4096 1.66 ms
average: 1.66 ms

Algorithm: FFT C++ KISS block size: 8192 3.911979 ms
average: 3.911979 ms

Algorithm: FFT C++ KISS block size: 16384 8.469115 ms
average: 8.469115 ms

Algorithm: FFT C++ KISS block size: 32768 17.01969 ms
average: 17.01969 ms

Algorithm: FFT C++ KISS block size: 65536 37.148181 ms
average: 37.148181 ms

Algorithm: FFT C++ Columbia optimized Iterative block size: 16 0.196563 ms
average: 0.196563 ms

Algorithm: FFT C++ Columbia optimized Iterative block size: 32 0.090729 ms
average: 0.090729 ms

Algorithm: FFT C++ Columbia optimized Iterative block size: 64 0.143437 ms
average: 0.143437 ms

Algorithm: FFT C++ Columbia optimized Iterative block size: 128 0.228437 ms
average: 0.228437 ms

Algorithm: FFT C++ Columbia optimized Iterative block size: 256 0.277917 ms
average: 0.277917 ms

Algorithm: FFT C++ Columbia optimized Iterative block size: 512 0.535 ms
average: 0.535 ms

Algorithm: FFT C++ Columbia optimized Iterative block size: 1024 0.891615 ms
average: 0.891615 ms

Algorithm: FFT C++ Columbia optimized Iterative block size: 2048 2.322864 ms
average: 2.322864 ms

Algorithm: FFT C++ Columbia optimized Iterative block size: 4096 1.654896 ms
average: 1.654896 ms

Algorithm: FFT C++ Columbia optimized Iterative block size: 8192 3.509323 ms
average: 3.509323 ms

Algorithm: FFT C++ Columbia optimized Iterative block size: 16384 12.693438 ms
average: 12.693438 ms

Algorithm: FFT C++ Columbia optimized Iterative block size: 32768 17.864533 ms
average: 17.864533 ms

Algorithm: FFT C++ Columbia optimized Iterative block size: 65536 37.087972 ms
average: 37.087972 ms

Algorithm: JNI Benchmark with no params block size: 16 0.007917 ms
average: 0.007917 ms

Algorithm: JNI Benchmark with no params block size: 32 0.002656 ms
average: 0.002656 ms

Algorithm: JNI Benchmark with no params block size: 64 0.002656 ms
average: 0.002656 ms

Algorithm: JNI Benchmark with no params block size: 128 0.002448 ms
average: 0.002448 ms

Algorithm: JNI Benchmark with no params block size: 256 0.002448 ms
average: 0.002448 ms

Algorithm: JNI Benchmark with no params block size: 512 0.002291 ms
average: 0.002291 ms

Algorithm: JNI Benchmark with no params block size: 1024 0.002343 ms
average: 0.002343 ms

Algorithm: JNI Benchmark with no params block size: 2048 0.002448 ms
average: 0.002448 ms

Algorithm: JNI Benchmark with no params block size: 4096 0.002395 ms
average: 0.002395 ms

Algorithm: JNI Benchmark with no params block size: 8192 0.002864 ms
average: 0.002864 ms

Algorithm: JNI Benchmark with no params block size: 16384 0.002813 ms
average: 0.002813 ms

Algorithm: JNI Benchmark with no params block size: 32768 0.002344 ms
average: 0.002344 ms

Algorithm: JNI Benchmark with no params block size: 65536 0.002552 ms
average: 0.002552 ms

Algorithm: JNI Benchmark with vector as param block size: 16 0.004271 ms
average: 0.004271 ms

Algorithm: JNI Benchmark with vector as param block size: 32 0.003281 ms
average: 0.003281 ms

Algorithm: JNI Benchmark with vector as param block size: 64 0.003645 ms
average: 0.003645 ms

Algorithm: JNI Benchmark with vector as param block size: 128 0.003334 ms
average: 0.003334 ms

Algorithm: JNI Benchmark with vector as param block size: 256 0.003489 ms
average: 0.003489 ms

Algorithm: JNI Benchmark with vector as param block size: 512 0.003334 ms
average: 0.003334 ms

Algorithm: JNI Benchmark with vector as param block size: 1024 0.005104 ms
average: 0.005104 ms

Algorithm: JNI Benchmark with vector as param block size: 2048 0.00349 ms
average: 0.00349 ms

Algorithm: JNI Benchmark with vector as param block size: 4096 0.004271 ms
average: 0.004271 ms

Algorithm: JNI Benchmark with vector as param block size: 8192 0.005208 ms
average: 0.005208 ms

Algorithm: JNI Benchmark with vector as param block size: 16384 0.006771 ms
average: 0.006771 ms

Algorithm: JNI Benchmark with vector as param block size: 32768 0.007813 ms
average: 0.007813 ms

Algorithm: JNI Benchmark with vector as param block size: 65536 0.010416 ms
average: 0.010416 ms

Algorithm: JNI Benchmark convert param to vector block size: 16 0.017135 ms
average: 0.017135 ms

Algorithm: JNI Benchmark convert param to vector block size: 32 0.008438 ms
average: 0.008438 ms

Algorithm: JNI Benchmark convert param to vector block size: 64 0.008333 ms
average: 0.008333 ms

Algorithm: JNI Benchmark convert param to vector block size: 128 0.007968 ms
average: 0.007968 ms

Algorithm: JNI Benchmark convert param to vector block size: 256 0.010312 ms
average: 0.010312 ms

Algorithm: JNI Benchmark convert param to vector block size: 512 0.013698 ms
average: 0.013698 ms

Algorithm: JNI Benchmark convert param to vector block size: 1024 0.008541 ms
average: 0.008541 ms

Algorithm: JNI Benchmark convert param to vector block size: 2048 0.007187 ms
average: 0.007187 ms

Algorithm: JNI Benchmark convert param to vector block size: 4096 0.007552 ms
average: 0.007552 ms

Algorithm: JNI Benchmark convert param to vector block size: 8192 0.011615 ms
average: 0.011615 ms

Algorithm: JNI Benchmark convert param to vector block size: 16384 0.008855 ms
average: 0.008855 ms

Algorithm: JNI Benchmark convert param to vector block size: 32768 0.014636 ms
average: 0.014636 ms

Algorithm: JNI Benchmark convert param to vector block size: 65536 0.016198 ms
average: 0.016198 ms

