-- Running Algorithm FFT Princeton Java Iterative N=131072 for 5 iter

1207.88236 ms
1117.381518 ms
1167.865377 ms
1132.260581 ms
1159.516418 ms
average: 1156.9812508 ms

-- Running Algorithm FFT Princeton Java Recursive N=131072 for 5 iter

1498.676712 ms
1377.97722 ms
1387.081909 ms
1408.247432 ms
1372.294564 ms
average: 1408.8555674 ms

-- Running Algorithm FFT Columbia Java Iterative N=131072 for 5 iter

695.416007 ms
630.310115 ms
619.761728 ms
537.067918 ms
537.759637 ms
average: 604.0630809999999 ms

-- Running Algorithm FFT Java JTransforms N=131072 for 5 iter

300.717478 ms
151.761734 ms
76.746675 ms
78.957664 ms
72.427924 ms
average: 136.12229499999998 ms

-- Running Algorithm FFT C++ Princeton converted Iterative N=131072 for 5 iter

830.296281 ms
791.970652 ms
775.861483 ms
803.725705 ms
806.958466 ms
average: 801.7625174 ms

-- Running Algorithm FFT C++ Princeton converted Recursive N=131072 for 5 iter

1585.107606 ms
1574.352917 ms
1568.925781 ms
1571.87974 ms
1609.288962 ms
average: 1581.9110012 ms

-- Running Algorithm FFT C++ Columbia converted Iterative N=131072 for 5 iter

756.27518 ms
720.101166 ms
691.19835 ms
704.564237 ms
718.486686 ms
average: 718.1251238 ms

-- Running Algorithm FFT C++ KISS N=131072 for 5 iter

303.035864 ms
330.199043 ms
296.668623 ms
311.40524 ms
311.42925 ms
average: 310.547604 ms

