numTests 30
JNI 1_Benchmark_no_params blockSize: 16 executionTime: 4.218 1.979 1.771 1.719 1.771 1.719 1.719 1.719 1.719 1.718 1.667 1.667 1.718 1.719 1.719 1.718 1.718 1.823 1.667 1.666 1.719 1.667 1.666 1.667 1.666 1.667 1.615 1.667 1.718 1.667 

JNI 1_Benchmark_no_params blockSize: 32 executionTime: 2.448 1.77 1.614 1.719 1.666 1.615 1.615 1.614 1.666 1.667 1.719 1.718 1.615 1.719 1.719 1.614 1.667 1.771 1.667 1.667 1.667 1.667 1.615 1.667 1.719 1.823 1.614 1.719 1.667 1.666 

JNI 1_Benchmark_no_params blockSize: 64 executionTime: 2.031 1.719 1.667 1.667 1.667 1.719 1.666 1.666 7.188 1.667 1.666 1.667 1.667 1.667 1.614 1.614 1.667 2.083 1.615 1.666 1.615 1.614 1.666 1.667 1.667 1.563 1.666 1.614 2.448 1.667 

JNI 1_Benchmark_no_params blockSize: 128 executionTime: 6.042 2.083 1.718 1.718 1.615 1.719 1.719 1.667 1.666 1.667 1.823 2.188 1.667 1.615 1.771 1.614 1.666 1.614 1.563 1.719 1.667 1.667 1.667 1.614 1.563 1.666 1.771 1.667 1.615 5.313 

JNI 1_Benchmark_no_params blockSize: 256 executionTime: 1.823 1.667 1.563 2.865 1.614 1.615 1.875 1.667 1.615 1.667 1.615 1.614 1.614 1.562 1.562 1.615 1.615 1.615 1.614 1.615 1.563 1.615 1.615 1.615 1.562 1.615 1.562 1.875 1.666 1.667 

JNI 1_Benchmark_no_params blockSize: 512 executionTime: 1.823 1.667 1.667 1.667 1.666 1.666 1.666 1.666 1.614 1.666 1.666 1.615 1.667 1.666 1.667 1.719 1.666 1.666 1.719 1.667 1.667 1.667 1.667 1.615 1.666 1.667 1.875 1.563 1.718 1.667 

JNI 1_Benchmark_no_params blockSize: 1024 executionTime: 1.719 1.666 1.614 1.667 1.614 1.667 1.614 1.771 1.614 1.614 1.614 1.615 1.667 1.615 1.667 1.666 4.375 1.614 1.667 1.615 1.667 1.615 1.614 1.667 1.666 1.666 1.667 1.615 1.719 1.614 

JNI 1_Benchmark_no_params blockSize: 2048 executionTime: 1.875 1.614 1.667 1.614 1.667 1.563 1.615 1.614 1.562 1.667 1.615 1.615 1.667 1.614 1.614 1.667 1.614 1.667 1.615 1.615 1.667 1.614 1.614 1.615 1.615 1.615 1.615 1.615 1.614 1.667 

JNI 1_Benchmark_no_params blockSize: 4096 executionTime: 1.719 1.562 1.719 1.771 1.614 1.563 1.614 1.667 1.615 1.667 1.563 1.615 1.615 1.875 1.667 1.719 1.823 1.614 1.615 1.615 1.615 1.615 1.563 1.615 1.563 1.667 1.823 1.615 1.666 1.666 

JNI 1_Benchmark_no_params blockSize: 8192 executionTime: 1.823 1.615 1.719 1.667 1.667 1.615 1.614 1.615 1.615 1.719 1.667 1.667 1.719 1.666 1.719 1.667 1.667 1.615 1.615 1.614 1.563 1.823 1.667 1.666 1.823 1.719 1.771 1.667 1.667 1.666 

JNI 1_Benchmark_no_params blockSize: 16384 executionTime: 1.875 1.667 1.667 1.667 1.615 1.667 1.667 1.562 1.614 1.667 1.666 1.615 1.615 1.667 1.614 1.615 1.615 1.615 1.615 1.667 1.615 1.615 1.666 1.614 1.614 1.614 1.615 1.614 1.666 1.667 

JNI 1_Benchmark_no_params blockSize: 32768 executionTime: 1.875 1.719 1.667 1.719 1.615 1.614 3.229 1.667 1.667 1.666 1.666 1.667 1.615 1.666 1.615 1.667 1.667 1.667 1.666 1.719 1.615 1.667 1.666 1.615 1.667 1.667 1.614 1.667 1.667 1.667 

JNI 1_Benchmark_no_params blockSize: 65536 executionTime: 1.823 1.667 1.666 1.667 1.719 1.615 1.667 1.615 1.667 1.77 1.667 1.615 1.667 1.666 1.667 1.666 1.615 1.667 1.667 1.666 1.667 1.771 1.667 1.614 1.667 1.666 1.666 1.667 1.614 1.667 

JNI 1_Benchmark_no_params blockSize: 131072 executionTime: 2.032 1.719 1.666 1.667 1.666 1.718 4.427 1.927 1.667 1.666 1.823 1.667 1.719 1.719 1.719 5.781 1.771 1.667 1.667 1.666 1.666 1.719 1.615 1.667 1.719 1.719 1.667 1.667 1.667 1.666 

JNI 1_Benchmark_no_params blockSize: 262144 executionTime: 2.031 1.614 1.771 1.667 1.615 1.615 1.666 1.667 1.667 1.667 1.667 1.666 1.666 1.615 1.666 1.667 1.615 1.615 1.614 1.614 1.667 1.667 1.562 1.614 1.667 1.771 1.615 1.666 1.666 1.667 

JNI 2_Benchmark_vector blockSize: 16 executionTime: 2.448 1.979 1.98 1.771 1.875 1.771 1.718 1.719 1.823 1.771 1.875 1.823 1.928 1.928 1.771 1.771 1.771 1.823 1.771 1.771 1.823 1.823 1.718 1.718 1.77 1.875 1.77 1.823 1.719 1.875 

JNI 2_Benchmark_vector blockSize: 32 executionTime: 2.448 1.823 1.719 1.771 1.771 1.719 1.718 1.666 1.719 1.718 1.77 1.771 1.823 1.719 1.771 2.031 1.719 1.77 1.771 1.719 1.719 1.771 8.593 1.719 7.552 1.719 5.209 1.719 1.667 1.771 

JNI 2_Benchmark_vector blockSize: 64 executionTime: 1.823 1.719 2.084 1.823 2.188 1.719 1.667 1.771 1.771 1.771 1.719 2.708 1.719 1.719 1.719 1.771 1.667 1.771 1.771 2.343 2.032 1.771 1.927 1.77 1.615 1.719 1.771 1.718 1.927 1.719 

JNI 2_Benchmark_vector blockSize: 128 executionTime: 2.135 1.718 2.031 2.188 1.771 1.823 1.771 1.927 1.771 2.031 5.729 1.771 1.667 1.927 2.292 1.615 1.875 1.719 8.385 2.187 1.771 1.719 1.667 2.5 1.719 1.771 2.135 1.771 1.719 1.771 

JNI 2_Benchmark_vector blockSize: 256 executionTime: 2.5 2.083 1.771 2.031 1.927 1.979 1.979 1.927 1.77 1.823 1.771 2.135 1.771 2.239 1.822 2.136 1.927 1.771 1.875 1.771 1.823 1.771 1.927 1.771 2.187 2.083 1.718 1.979 2.344 1.771 

JNI 2_Benchmark_vector blockSize: 512 executionTime: 3.333 4.531 2.188 2.24 2.656 2.396 1.979 1.875 2.447 1.927 7.136 2.344 1.927 2.865 2.344 3.021 2.813 3.073 2.709 2.24 2.031 2.552 2.031 2.291 2.24 4.323 2.761 1.927 2.396 1.875 

JNI 2_Benchmark_vector blockSize: 1024 executionTime: 1.614 1.094 1.146 1.146 1.25 1.146 1.093 1.094 1.094 1.042 1.093 1.146 1.146 1.146 1.458 1.094 1.041 1.042 1.615 1.041 1.093 1.094 1.093 1.042 1.094 1.093 2.083 1.094 1.042 1.094 

JNI 2_Benchmark_vector blockSize: 2048 executionTime: 1.667 1.146 1.146 1.145 1.042 1.094 1.094 1.25 1.042 1.406 1.042 1.146 1.145 1.094 1.093 1.302 1.094 1.094 1.093 1.094 1.094 1.094 1.041 1.094 1.146 1.094 1.302 1.562 1.094 1.146 

JNI 2_Benchmark_vector blockSize: 4096 executionTime: 1.354 1.146 1.145 1.094 1.042 1.094 1.302 1.354 1.563 1.355 1.302 1.042 1.719 1.355 1.094 1.406 1.25 1.614 1.563 1.25 1.146 1.302 1.094 1.094 1.25 1.146 2.291 2.24 1.094 2.135 

JNI 2_Benchmark_vector blockSize: 8192 executionTime: 1.354 1.355 1.198 1.719 2.448 1.25 1.25 1.354 7.5 1.198 1.562 1.562 1.718 2.239 3.229 1.719 1.979 2.5 2.291 1.928 1.562 1.718 1.302 1.25 1.146 1.511 1.406 1.146 1.459 1.146 

JNI 2_Benchmark_vector blockSize: 16384 executionTime: 2.032 1.25 1.51 1.667 1.146 1.51 1.823 1.302 1.146 1.979 1.093 1.614 1.406 1.146 1.459 1.198 1.25 2.188 2.5 3.698 2.708 2.812 1.562 1.51 2.084 1.302 1.355 1.771 1.094 1.823 

JNI 2_Benchmark_vector blockSize: 32768 executionTime: 2.344 1.823 1.771 1.667 1.719 2.136 2.083 1.615 2.292 1.927 1.666 1.146 2.448 2.76 2.396 1.458 2.344 1.875 2.239 1.719 3.178 5.156 1.666 1.406 1.666 2.864 2.969 2.5 1.511 2.031 

JNI 2_Benchmark_vector blockSize: 65536 executionTime: 2.5 3.958 2.969 3.229 2.5 3.49 2.604 2.291 3.073 2.812 1.875 2.448 5.052 1.719 3.177 7.292 2.239 1.979 2.396 2.292 3.333 2.552 8.802 1.77 2.344 5.0 2.865 2.396 2.292 3.125 

JNI 2_Benchmark_vector blockSize: 131072 executionTime: 8.177 3.281 2.604 3.125 3.021 3.281 2.5 3.386 7.032 3.229 3.229 2.448 3.489 2.291 5.625 2.812 3.073 7.552 2.865 3.229 3.541 3.489 2.968 3.334 2.187 2.813 3.021 2.553 4.584 4.583 

JNI 2_Benchmark_vector blockSize: 262144 executionTime: 3.906 4.01 3.334 7.135 4.115 3.542 3.802 4.166 3.907 3.437 4.271 3.385 2.917 3.802 2.76 3.229 4.062 3.333 4.063 4.531 3.958 3.802 4.688 3.49 3.333 3.594 4.167 7.5 4.792 3.958 

JNI 3_Benchmark_convert blockSize: 16 executionTime: 8.437 2.865 2.76 2.605 2.396 2.396 2.344 2.396 2.395 2.448 2.344 2.604 2.605 2.5 2.343 2.552 2.291 2.5 2.396 3.021 2.709 2.448 2.448 2.396 2.396 2.396 2.396 2.604 2.396 2.344 

JNI 3_Benchmark_convert blockSize: 32 executionTime: 2.813 2.396 2.292 2.709 2.291 2.656 2.604 2.552 2.343 2.292 2.552 2.812 2.344 2.396 2.395 2.604 2.292 2.5 2.344 2.656 2.5 2.448 2.604 2.553 2.343 2.448 2.292 2.292 2.448 2.343 

JNI 3_Benchmark_convert blockSize: 64 executionTime: 3.073 2.396 2.291 2.708 2.291 2.343 2.343 2.604 2.344 2.343 2.344 2.344 2.344 2.656 2.291 8.229 11.719 2.812 2.604 2.396 2.396 2.552 2.343 2.448 3.125 2.448 2.396 4.428 2.448 2.5 

JNI 3_Benchmark_convert blockSize: 128 executionTime: 6.562 2.813 2.448 2.656 2.448 2.396 2.395 2.76 2.708 2.761 2.812 2.657 2.448 2.344 2.864 2.656 2.604 2.656 2.448 2.448 2.5 2.396 2.396 2.5 2.5 2.396 2.396 2.709 3.125 2.917 

JNI 3_Benchmark_convert blockSize: 256 executionTime: 3.281 2.916 2.448 3.125 2.448 2.5 2.813 2.448 2.5 2.5 3.281 2.656 2.709 2.604 2.812 2.396 2.656 2.864 2.552 2.396 2.343 2.656 2.552 2.657 2.448 2.448 2.604 2.448 2.76 2.709 

JNI 3_Benchmark_convert blockSize: 512 executionTime: 3.438 4.01 2.917 2.968 3.073 2.865 3.073 3.125 2.657 2.448 2.656 2.396 2.916 5.417 2.864 2.656 2.5 2.709 2.812 2.604 338.125 5.833 4.271 3.073 3.177 3.386 2.865 3.542 2.813 2.864 

JNI 3_Benchmark_convert blockSize: 1024 executionTime: 3.49 2.812 2.604 2.865 2.604 2.552 3.281 3.385 2.604 2.553 2.552 2.395 2.552 2.709 3.177 2.604 2.396 2.969 5.104 2.552 2.343 2.604 2.395 2.396 2.5 3.021 2.084 1.719 1.719 1.718 

JNI 3_Benchmark_convert blockSize: 2048 executionTime: 3.646 2.187 1.771 2.656 1.771 1.771 1.823 1.927 1.823 1.667 1.771 1.719 1.979 1.666 1.719 1.719 1.979 1.927 1.927 1.928 1.927 1.666 2.343 1.666 1.875 4.427 3.386 1.771 1.927 2.343 

JNI 3_Benchmark_convert blockSize: 4096 executionTime: 2.5 2.083 2.813 1.771 1.719 1.771 1.718 2.344 5.938 2.031 1.77 1.979 1.666 1.875 1.771 1.875 1.979 1.927 1.771 1.719 2.864 2.083 1.719 2.032 2.084 1.771 1.823 1.718 2.5 1.77 

JNI 3_Benchmark_convert blockSize: 8192 executionTime: 3.333 2.084 1.927 2.187 2.448 1.979 2.865 1.771 2.136 1.771 2.188 2.135 2.761 1.875 2.136 2.292 1.927 2.292 2.448 1.667 1.771 1.823 2.5 2.396 2.396 1.979 1.771 2.083 1.77 1.928 

JNI 3_Benchmark_convert blockSize: 16384 executionTime: 3.906 2.344 2.24 2.969 2.447 2.187 2.917 2.291 2.396 3.229 2.292 1.927 2.032 3.385 1.875 2.448 3.281 2.448 1.823 2.031 1.822 2.448 2.916 5.0 7.083 8.073 3.906 2.917 2.396 2.969 

JNI 3_Benchmark_convert blockSize: 32768 executionTime: 3.698 2.968 2.5 3.333 2.917 3.333 3.073 2.604 2.708 3.49 2.239 5.989 4.218 7.032 4.011 3.75 2.709 3.281 2.396 4.167 3.698 2.292 4.167 2.812 3.02 11.198 11.302 7.396 5.833 5.417 

JNI 3_Benchmark_convert blockSize: 65536 executionTime: 5.104 4.792 4.063 4.323 4.01 8.333 3.854 4.74 5.104 4.948 4.48 5.312 3.855 4.062 3.542 4.427 4.583 3.49 5.0 4.218 3.75 3.75 9.011 7.395 6.667 4.74 4.948 4.166 4.948 4.635 

JNI 3_Benchmark_convert blockSize: 131072 executionTime: 5.208 4.687 10.365 9.375 6.25 21.771 6.771 6.093 5.833 6.094 5.73 7.292 5.468 6.25 6.562 7.083 7.761 6.094 7.969 6.823 5.625 5.209 5.0 6.459 6.823 5.729 6.615 7.136 7.343 5.053 

JNI 3_Benchmark_convert blockSize: 262144 executionTime: 8.386 8.958 9.895 7.083 10.677 9.687 8.333 7.969 7.135 9.375 7.031 8.646 7.604 7.448 9.479 9.063 8.594 7.24 7.969 8.021 9.74 8.073 6.406 8.125 8.958 6.928 7.084 6.198 9.532 9.479 

JNI 4_Benchmark_Columbia blockSize: 16 executionTime: 7.969 4.48 3.802 3.698 3.646 3.646 3.593 3.75 3.646 3.645 3.646 3.907 3.698 4.218 3.75 3.646 3.697 3.75 4.114 3.803 3.698 3.802 3.698 3.75 3.698 3.646 3.698 4.427 3.698 3.698 

JNI 4_Benchmark_Columbia blockSize: 32 executionTime: 3.906 3.75 3.646 3.646 3.594 3.802 4.167 3.854 3.646 3.75 3.698 3.645 5.0 3.802 3.854 3.75 3.698 3.646 3.75 3.646 3.646 3.593 3.594 3.594 3.593 3.542 3.854 4.584 4.843 3.854 

JNI 4_Benchmark_Columbia blockSize: 64 executionTime: 4.532 3.802 4.688 3.958 3.646 3.646 3.802 3.959 5.0 4.531 4.167 3.854 3.802 3.698 3.645 3.854 3.854 3.594 3.698 3.594 3.698 3.646 3.698 3.698 3.75 3.698 3.75 4.115 3.594 3.646 

JNI 4_Benchmark_Columbia blockSize: 128 executionTime: 4.062 3.854 3.698 3.593 3.646 3.646 3.698 3.75 3.75 3.645 4.114 3.594 3.594 3.646 4.271 3.75 3.646 3.75 3.854 3.698 3.803 3.698 3.698 3.698 3.698 3.802 3.906 3.802 3.907 3.854 

JNI 4_Benchmark_Columbia blockSize: 256 executionTime: 5.886 4.01 4.635 4.947 4.218 4.271 3.75 3.593 3.646 3.541 3.75 3.645 3.594 3.75 3.698 3.907 3.698 3.802 5.209 3.802 4.062 3.594 4.219 3.646 3.646 3.594 3.646 3.75 3.802 3.854 

JNI 4_Benchmark_Columbia blockSize: 512 executionTime: 5.573 4.323 3.855 5.052 3.802 5.469 5.208 3.854 3.75 4.01 3.854 4.271 4.167 3.698 6.094 3.803 3.177 3.75 3.437 2.812 2.969 2.656 2.76 2.709 2.76 2.864 2.708 2.709 3.698 2.709 

JNI 4_Benchmark_Columbia blockSize: 1024 executionTime: 3.281 2.916 2.813 2.761 2.708 2.761 2.761 2.76 2.76 2.812 3.281 2.813 2.761 5.573 3.906 4.114 4.375 3.646 2.916 3.541 3.021 3.489 3.021 2.76 2.813 2.761 2.865 2.76 2.865 3.49 

JNI 4_Benchmark_Columbia blockSize: 2048 executionTime: 4.635 3.125 3.125 3.229 3.281 4.948 3.229 3.125 3.02 3.854 3.489 3.073 3.073 3.177 3.645 3.855 3.229 4.531 3.282 3.125 3.021 3.437 5.625 4.062 3.542 4.01 4.323 2.969 3.698 3.802 

JNI 4_Benchmark_Columbia blockSize: 4096 executionTime: 11.98 4.323 3.386 4.323 3.542 3.125 3.542 3.698 4.323 3.385 3.698 3.854 3.386 3.125 3.906 3.698 3.333 3.959 3.489 3.594 2.969 3.49 3.541 4.844 3.802 3.438 2.969 3.489 3.229 4.948 

JNI 4_Benchmark_Columbia blockSize: 8192 executionTime: 3.854 3.229 4.427 3.438 3.334 4.218 3.073 2.917 5.208 4.011 2.969 2.969 3.594 2.812 4.531 3.854 3.542 5.104 2.865 3.229 5.0 3.802 3.333 3.334 4.948 2.656 3.177 5.313 3.854 3.958 

JNI 4_Benchmark_Columbia blockSize: 16384 executionTime: 5.052 4.584 3.49 5.105 4.948 4.218 9.063 7.865 8.177 5.99 5.364 4.48 4.375 3.437 4.844 3.125 5.521 4.011 3.281 30.781 5.885 3.386 5.261 5.208 3.125 5.521 5.469 3.437 4.427 3.75 

JNI 4_Benchmark_Columbia blockSize: 32768 executionTime: 6.145 5.417 5.521 5.833 5.521 5.052 7.24 7.865 5.156 6.198 23.542 6.094 6.927 5.833 7.76 6.094 5.209 6.354 4.479 6.198 5.313 6.041 6.302 6.614 5.938 4.739 7.5 5.208 5.677 7.24 

JNI 4_Benchmark_Columbia blockSize: 65536 executionTime: 8.541 8.698 8.177 9.219 19.636 9.479 10.104 9.218 9.583 7.031 7.76 7.552 7.605 6.979 9.322 8.073 6.928 6.928 9.896 7.76 6.458 7.084 8.281 7.865 7.917 10.625 8.333 5.938 7.761 6.562 

JNI 4_Benchmark_Columbia blockSize: 131072 executionTime: 12.084 12.552 10.782 9.219 9.271 9.531 9.844 10.729 11.146 9.792 9.427 10.365 9.896 10.573 11.094 9.114 10.104 10.209 9.323 9.584 10.313 9.115 9.531 11.562 9.271 18.542 11.562 11.718 10.989 10.052 

JNI 4_Benchmark_Columbia blockSize: 262144 executionTime: 11.979 13.438 11.927 13.594 14.166 11.875 10.99 10.364 12.031 13.385 12.032 13.229 14.843 13.646 29.531 10.521 12.5 11.458 11.198 13.073 14.479 15.468 15.104 14.792 12.24 9.427 10.208 12.24 13.541 13.958 

FFT Java_Princeton_Iterative blockSize: 16 executionTime: 0.23974 0.155157 0.15099 0.171927 0.164844 0.164792 0.183698 0.164844 0.205886 0.150989 0.150469 0.142396 0.108177 0.132708 0.116511 0.111719 0.110677 0.111666 0.109792 0.11125 0.106511 0.120052 0.115938 0.111823 0.110833 0.107292 0.110677 0.111458 0.14375 0.120625 

FFT Java_Princeton_Iterative blockSize: 32 executionTime: 0.264427 0.258959 0.265729 0.257916 0.255625 0.254844 0.2625 0.256771 0.260989 0.262136 0.255886 0.259011 0.259271 0.261771 0.265052 0.02625 0.027708 0.025157 0.025573 0.029635 0.024948 0.022864 0.023073 0.026823 0.025781 0.026875 0.032292 0.028281 0.023802 0.028437 

FFT Java_Princeton_Iterative blockSize: 64 executionTime: 0.059531 0.059218 0.061927 0.059063 0.06073 0.066614 0.059375 0.063438 0.060365 0.055521 0.059948 0.063907 0.060469 0.056042 0.061354 0.059739 0.104167 0.062917 0.056458 0.056511 0.065678 0.059844 0.054896 0.480677 0.063385 0.057917 0.052865 0.060052 0.060989 0.055261 

FFT Java_Princeton_Iterative blockSize: 128 executionTime: 0.130989 0.130417 0.131719 0.134948 0.131094 0.13526 0.169323 1.144427 0.131354 0.130885 0.130833 0.131042 0.132916 0.131146 0.533958 0.795208 0.133959 0.126563 0.129636 0.133125 0.130625 0.132969 0.129739 0.132813 0.131198 0.129896 0.134635 0.140105 0.13099 0.132552 

FFT Java_Princeton_Iterative blockSize: 256 executionTime: 0.293177 0.387709 0.294531 0.296459 0.29552 0.293906 0.29302 0.29974 0.302083 0.304531 0.339896 0.29474 0.29677 0.303438 0.294115 0.295938 0.354063 0.341093 0.334063 0.404427 0.34323 0.347604 0.342708 0.333907 0.340209 0.341302 0.35474 0.345677 0.391563 0.547292 

FFT Java_Princeton_Iterative blockSize: 512 executionTime: 0.729479 0.814063 0.771719 0.74375 0.733646 0.756562 0.99349 0.852448 0.801823 1.260521 0.759115 0.764375 0.718593 0.839428 0.762916 0.762448 2.527501 1.808906 1.768906 2.325521 0.741667 0.683751 1.616615 2.202396 3.310573 2.220677 1.874896 1.183281 1.833698 2.448698 

FFT Java_Princeton_Iterative blockSize: 1024 executionTime: 6.57448 4.801615 5.406563 1.517709 1.589323 1.596094 1.481094 1.547813 1.631198 1.651823 1.607188 1.590417 1.647812 1.686251 1.781406 1.673386 1.747552 1.694063 1.846251 1.797656 1.70901 1.732448 1.643229 1.703073 1.691511 3.015677 1.768333 1.690313 1.881094 1.784063 

FFT Java_Princeton_Iterative blockSize: 2048 executionTime: 3.838126 3.873125 4.218282 3.795105 3.741355 3.913802 4.208699 5.572188 3.829063 3.938438 3.804636 3.722084 9.124324 11.212657 5.535313 5.270938 4.964792 5.475938 5.19875 4.292032 3.601406 3.637865 3.493959 3.529323 3.655157 3.52724 3.6025 3.489167 3.506146 3.543073 

FFT Java_Princeton_Iterative blockSize: 4096 executionTime: 7.842188 7.94297 8.388126 11.155522 14.75271 13.920105 13.350835 7.744897 7.76948 8.19396 8.361667 8.057084 7.904844 8.219793 7.849897 9.463907 11.27771 13.369585 13.865262 11.495366 7.871043 8.213803 7.925365 7.937866 7.844792 11.799897 9.102813 12.956303 15.339845 13.554533 

FFT Java_Princeton_Iterative blockSize: 8192 executionTime: 19.990471 18.982189 19.530054 21.034065 34.013285 26.176617 19.430888 19.387815 20.838439 36.110837 18.575939 19.384221 19.486721 22.473023 36.099847 18.475939 18.804481 19.778388 32.323024 22.11995 19.587242 19.007294 20.342711 34.62818 23.378544 18.818595 19.406044 23.438648 31.287191 19.022658 

FFT Java_Princeton_Iterative blockSize: 16384 executionTime: 48.138181 73.700893 47.832452 68.320528 49.733963 69.759486 48.484484 65.466152 49.077244 70.360111 47.976724 69.145996 49.445943 70.810059 48.943077 71.237038 49.644015 70.881987 48.114588 69.900267 50.002036 68.625319 48.346932 67.998809 49.204275 72.435736 47.544901 69.777299 49.524849 69.867038 

FFT Java_Princeton_Iterative blockSize: 32768 executionTime: 144.447931 144.71616 143.553035 147.275171 151.093296 153.026057 148.93465 141.264024 151.543921 155.20637 150.627671 158.43512 154.996838 154.234182 148.935431 155.557255 158.47762 150.494442 144.766524 146.393712 146.608921 142.77491 146.749025 143.487098 144.325744 145.210639 154.304234 150.479442 156.760901 148.196265 

FFT Java_Princeton_Iterative blockSize: 65536 executionTime: 363.800349 356.49165 345.161858 363.603473 351.005764 367.645557 346.906284 358.472952 348.296441 350.318837 345.034149 347.593004 343.42618 343.622118 348.878472 353.13066 364.258525 349.634357 355.233994 346.412586 367.916599 370.743475 356.090764 366.931182 343.28941 346.693993 346.407899 362.954568 369.189724 369.186443 

FFT Java_Princeton_Iterative blockSize: 131072 executionTime: 821.763155 780.870391 879.613317 791.633672 801.429246 789.283724 800.155861 801.209142 806.021435 798.287371 816.741071 846.500136 818.816176 816.308206 828.092895 804.539507 803.238621 879.673316 796.976902 804.218518 837.378365 807.484456 841.399146 795.831277 858.863627 775.976327 858.262273 767.276483 845.145449 828.376124 

FFT Java_Princeton_Iterative blockSize: 262144 executionTime: 1782.512313 1818.340129 1916.657066 1828.932683 1839.143309 1820.946432 1843.111798 1915.124149 1839.701016 1831.028672 1838.285443 1827.623307 1840.451954 1820.074608 1831.912995 1835.919297 1836.533725 1922.426233 1823.282578 1843.069194 1829.728932 1931.529775 1806.236742 1852.070602 1918.213264 2244.963661 1954.584049 1826.472266 1833.788516 2147.297558 

FFT Java_Princeton_Recursive blockSize: 16 executionTime: 0.324219 0.220937 0.177396 0.228386 0.338073 0.188802 0.297395 0.187968 0.228855 0.209115 0.286146 0.194635 0.180834 0.18125 0.180781 0.25125 0.188854 0.190053 0.237604 0.194479 0.191927 0.187448 0.207188 0.201354 0.288594 0.294114 0.226355 0.193959 0.303698 0.190364 

FFT Java_Princeton_Recursive blockSize: 32 executionTime: 0.522709 0.475 0.472188 0.494167 0.59349 0.456146 0.547344 0.450417 0.443958 0.547031 0.570729 0.29927 0.104323 0.095417 0.105209 0.176146 0.103437 0.180781 0.090104 0.105156 0.125677 0.108646 0.097761 0.103125 0.182344 0.103281 0.184531 0.13125 0.109583 0.099532 

FFT Java_Princeton_Recursive blockSize: 64 executionTime: 0.215521 0.241823 0.249427 0.244114 0.280208 0.229635 0.194167 0.258802 0.273698 0.244739 0.193438 0.22401 0.210208 0.22 0.21224 0.255937 0.235677 0.215521 0.25677 0.314062 0.411666 0.220469 0.285417 0.287344 0.209844 0.287969 0.252083 0.216459 0.21974 0.265157 

FFT Java_Princeton_Recursive blockSize: 128 executionTime: 0.511094 0.629428 0.479219 0.60125 0.47474 0.456302 0.465834 0.501302 0.767656 0.875104 0.716562 0.937448 0.637448 0.479011 0.76724 0.625573 0.440365 0.603958 0.554219 0.467031 0.523386 0.459791 0.462084 0.45125 0.491354 0.379479 0.355625 0.352969 0.355156 0.361823 

FFT Java_Princeton_Recursive blockSize: 256 executionTime: 0.826615 0.778646 0.777708 0.755208 0.892396 0.89448 0.882709 0.963802 0.891615 0.89849 0.890365 0.893855 0.825625 0.840573 0.86875 0.81349 0.800885 0.802812 0.874896 0.826719 0.829896 0.853125 0.86099 0.802136 0.803489 0.922813 0.910937 0.889635 0.781406 0.894896 

FFT Java_Princeton_Recursive blockSize: 512 executionTime: 1.784792 2.053802 2.32823 2.280574 2.137917 1.916615 1.832188 1.927969 2.510938 2.096042 2.795521 2.775105 2.193073 2.183594 2.241823 2.37375 2.397917 2.491979 2.513021 2.49849 2.590261 2.299323 2.502032 2.361302 2.300365 2.348125 2.884167 2.230781 2.303385 2.313698 

FFT Java_Princeton_Recursive blockSize: 1024 executionTime: 4.599271 4.250729 4.0075 4.107969 4.190365 4.145313 6.303386 4.230469 6.002501 6.367136 6.878803 8.206355 4.874688 4.734324 4.764011 5.447553 6.036094 5.479115 4.780105 4.789063 5.003074 4.944896 4.75448 3.89724 3.919167 3.927188 3.994063 3.922345 3.911459 3.87849 

FFT Java_Princeton_Recursive blockSize: 2048 executionTime: 8.547292 8.586251 8.862657 9.359792 10.14047 10.226615 10.665626 14.600835 14.621616 9.919376 11.981459 10.727084 8.493908 9.233334 8.406251 8.398387 8.529688 8.49724 8.518542 9.235521 8.870678 9.406459 15.286668 15.816356 11.385522 10.971667 10.522345 8.516459 9.657449 9.784741 

FFT Java_Princeton_Recursive blockSize: 4096 executionTime: 18.947346 18.787554 21.159013 30.993805 23.605158 19.556616 19.236252 19.174741 18.700106 23.701356 31.053545 22.949429 20.600262 18.946928 18.794429 20.573856 29.357763 24.787294 20.307762 19.645679 19.291147 18.922189 26.059794 30.818805 22.188284 20.95745 17.519221 15.277814 16.326564 26.706461 

FFT Java_Princeton_Recursive blockSize: 8192 executionTime: 34.314118 28.985263 45.223702 34.501774 30.957451 46.490265 30.925263 35.381202 41.603077 31.470889 45.990838 31.945889 35.064066 40.96141 31.686253 45.285474 31.418336 41.701255 34.631722 36.642191 40.787973 31.072087 48.712245 32.538337 44.61813 31.07766 45.583755 35.240941 44.95714 32.999482 

FFT Java_Princeton_Recursive blockSize: 16384 executionTime: 94.230634 82.765373 95.586208 89.054228 99.753187 105.48725 101.323447 95.915687 97.41902 114.994283 112.193397 99.431312 102.819073 109.988344 112.222511 111.404073 110.78949 111.690949 110.879647 106.956677 118.927825 111.536157 121.503241 115.259334 116.373657 98.442406 104.412406 114.270897 110.07699 95.064801 

FFT Java_Princeton_Recursive blockSize: 32768 executionTime: 233.469242 238.897263 239.729816 254.896379 263.041693 241.15242 230.14221 243.854087 244.778098 240.154711 239.094138 258.691796 246.173774 221.618043 184.695539 181.674653 187.701841 201.087103 220.107366 226.8632 169.923559 184.398508 180.136163 186.498768 187.421738 218.999813 194.91127 187.558872 169.404392 234.909659 

FFT Java_Princeton_Recursive blockSize: 65536 executionTime: 511.048905 500.822758 510.826561 474.426974 486.436246 512.84776 504.770832 502.677029 519.59151 522.22802 509.577551 537.842502 516.539166 511.937342 507.643175 524.889011 510.251665 510.868124 487.135466 366.412588 404.008113 467.560723 382.160143 475.336142 489.648122 510.081458 542.30745 502.461665 498.122341 509.637499 

FFT Java_Princeton_Recursive blockSize: 131072 executionTime: 1107.838496 1075.709795 1101.158079 1109.314746 1103.543704 1114.256674 1121.702559 1125.775477 1122.132039 1106.120892 1085.154014 1122.768341 1107.70261 1110.844434 1116.219851 1118.403393 1108.090683 1113.220997 1118.151309 1130.964956 1096.102349 1117.215163 1122.789382 1124.902456 1131.338393 1109.410475 1131.573655 1122.891987 1131.986675 1102.67386 

FFT Java_Princeton_Recursive blockSize: 262144 executionTime: 2424.483679 2485.460456 2464.73535 2502.237541 2464.256495 2495.465405 2448.279671 2495.691134 2450.842067 2534.40994 2475.909048 2435.677169 2438.153055 2433.0167 2408.60024 2446.193733 2446.355505 2482.562071 2400.634562 2504.020562 2475.919517 2478.888944 2471.452485 2422.311856 2442.884046 2473.303215 2557.061036 2440.025295 2410.289511 2515.606865 

FFT Java_Columbia_Iterative blockSize: 16 executionTime: 0.03125 0.026927 0.026145 0.025937 0.025625 0.025625 0.025625 0.025469 0.025417 0.025834 0.025469 0.025417 0.025365 0.025313 0.025469 0.025261 0.025261 0.025365 0.025677 0.025417 0.025312 0.025521 0.025312 0.025364 0.025417 0.025417 0.02573 0.025573 0.025573 0.025312 

FFT Java_Columbia_Iterative blockSize: 32 executionTime: 0.055886 0.055521 0.055365 0.05526 0.054948 0.055156 0.055052 0.055053 0.059166 0.054791 0.054895 0.054896 0.054688 0.056145 0.055313 0.061718 0.057031 0.055781 0.055573 0.055521 0.055208 0.054948 0.055261 0.054896 0.055 0.055104 0.056302 0.055573 0.055521 0.055468 

FFT Java_Columbia_Iterative blockSize: 64 executionTime: 0.121875 0.121458 0.121719 0.121563 0.125573 0.121355 0.151979 0.122292 0.121615 0.12177 0.167395 0.121822 0.122136 0.121406 0.121302 0.121666 0.121511 0.12125 0.121354 0.121198 0.121198 0.121822 0.12125 0.121198 0.121302 0.121302 0.121146 0.121354 0.121303 0.121354 

FFT Java_Columbia_Iterative blockSize: 128 executionTime: 0.301927 0.333594 0.373178 0.373021 0.376511 0.382292 0.380105 0.380052 0.372917 0.373594 0.371823 0.372708 0.372552 0.376458 0.372656 0.452812 0.375938 0.375521 0.598541 0.011927 0.011354 0.01073 0.010833 0.010625 0.010469 0.010572 0.010417 0.010834 0.010677 0.010521 

FFT Java_Columbia_Iterative blockSize: 256 executionTime: 0.022864 0.021823 0.021666 0.023489 0.022083 0.026823 0.022187 0.021719 0.021771 0.021614 0.021719 0.022396 0.021614 0.021875 0.02177 0.021875 0.021823 0.021563 0.02151 0.021979 0.021927 0.021511 0.022136 0.022865 0.021666 0.021875 0.0225 0.021614 0.022188 0.022135 

FFT Java_Columbia_Iterative blockSize: 512 executionTime: 0.045469 0.051302 0.044583 0.059271 0.044532 0.044531 0.045468 0.04401 0.044428 0.052135 0.051979 0.09651 0.046562 0.044792 0.045521 0.044271 0.050677 0.050312 0.043906 0.043698 0.043229 0.042708 0.044896 0.044115 0.043334 0.04349 0.049375 0.050052 0.043333 0.043854 

FFT Java_Columbia_Iterative blockSize: 1024 executionTime: 0.099479 0.116302 0.090469 0.089271 0.101198 0.098802 0.099427 0.192864 0.140469 0.089583 0.090469 0.095625 0.098958 0.091615 0.090938 0.09198 0.147657 0.091562 0.094062 0.101979 0.141875 0.091094 0.148907 0.100417 0.140677 0.110052 0.148958 0.09474 0.178542 0.153958 

FFT Java_Columbia_Iterative blockSize: 2048 executionTime: 0.245 0.316093 0.291145 0.369687 0.303907 0.417396 0.300677 0.298594 0.271979 0.315052 0.316823 0.380052 0.486823 0.46526 0.279323 0.314323 0.363906 0.365989 0.359636 0.390625 0.27625 0.43724 0.417864 0.431615 0.434062 0.526041 0.40474 0.28375 0.292187 0.346563 

FFT Java_Columbia_Iterative blockSize: 4096 executionTime: 0.908177 1.013906 0.985365 0.943073 1.022917 0.946875 0.861979 0.929479 0.962188 1.060937 0.904167 1.062552 0.979844 0.942292 1.009114 0.989011 1.041979 0.955625 0.918593 0.851354 0.858959 0.875677 0.922708 0.994948 0.819375 0.832553 0.840469 0.878907 0.894115 0.873698 

FFT Java_Columbia_Iterative blockSize: 8192 executionTime: 1.892344 1.948751 1.921094 1.979532 1.802083 2.013959 1.861302 1.927292 1.923126 2.075105 1.844948 2.088907 2.0375 2.032864 2.240313 2.054272 2.171667 2.08823 1.952344 1.953229 1.86349 1.880938 1.932761 1.798958 1.85448 1.908333 1.772084 1.871719 1.825885 2.067709 

FFT Java_Columbia_Iterative blockSize: 16384 executionTime: 6.622137 4.508178 4.424896 4.172865 4.307032 4.547604 4.278438 4.424479 4.340469 4.667969 4.539167 4.448646 4.614115 4.421719 4.44099 4.546198 4.350261 4.408907 7.463907 4.943386 4.206355 4.215677 4.252448 4.440365 4.319688 4.535834 4.325833 4.265157 4.301094 4.650573 

FFT Java_Columbia_Iterative blockSize: 32768 executionTime: 10.601824 9.57573 10.501199 17.944793 9.830783 9.921459 9.712813 9.847553 9.954219 10.370731 9.65823 9.658074 16.964012 9.402085 9.862918 9.559741 9.852188 9.577553 10.009584 16.93146 9.446303 9.474323 9.246042 9.64849 10.190834 9.688334 12.56547 9.479063 9.613855 9.745418 

FFT Java_Columbia_Iterative blockSize: 65536 executionTime: 22.864533 22.934638 38.441775 23.871617 23.976409 23.930211 22.31094 22.302242 23.655055 23.545054 24.316773 25.39094 23.297346 24.100263 23.749846 23.21271 24.410054 22.777606 43.731255 26.720315 22.637554 25.936253 24.966617 22.567034 21.698753 23.361669 23.046044 24.010367 45.352661 23.391304 

FFT Java_Columbia_Iterative blockSize: 131072 executionTime: 93.452562 82.961727 81.472508 77.856935 96.109592 83.723811 87.654071 85.448134 102.564437 83.433967 80.372196 72.459695 98.225374 83.082925 82.940581 77.170217 101.225374 84.407248 85.108238 83.148758 98.491833 82.16631 79.315425 81.612457 99.558708 81.593758 83.394644 92.276259 100.158812 80.227976 

FFT Java_Columbia_Iterative blockSize: 262144 executionTime: 268.901485 296.520238 268.22935 268.605027 256.753255 301.067895 264.964714 279.620653 264.730912 268.509402 263.005703 296.074404 264.890391 279.970913 263.588151 295.084508 258.958255 277.510809 257.597369 311.162687 264.510964 278.736122 258.838359 286.169612 268.002995 274.335757 265.050026 285.441956 260.299869 270.09935 

FFT CPP_Princeton_Iterative blockSize: 16 executionTime: 0.049322 0.012239 0.010052 0.009531 0.010156 0.009219 0.008802 0.00901 0.008698 0.008646 0.00875 0.008593 0.008958 0.009948 0.01 0.008906 0.008958 0.00901 0.008802 0.00875 0.008438 0.00849 0.009323 0.008802 0.009323 0.009532 0.009896 0.009011 0.009167 0.008854 

FFT CPP_Princeton_Iterative blockSize: 32 executionTime: 0.01776 0.014062 0.012917 0.012813 0.012813 0.013385 0.013438 0.013334 0.012657 0.012865 0.013178 0.015417 0.013489 0.013125 0.017917 0.012865 0.0125 0.0125 0.013489 0.013281 0.0125 0.012448 0.012396 0.013541 0.013178 0.012708 0.012448 0.013229 0.015156 0.013594 

FFT CPP_Princeton_Iterative blockSize: 64 executionTime: 0.028645 0.020886 0.020938 0.019948 0.020468 0.020156 0.020052 0.019687 0.021354 0.020104 0.020573 0.020052 0.019947 0.020521 0.02474 0.021511 0.020781 0.020261 0.020364 0.020833 0.020521 0.020052 0.021562 0.019792 0.020781 0.020572 0.023334 0.021875 0.019844 0.019792 

FFT CPP_Princeton_Iterative blockSize: 128 executionTime: 0.04375 0.036354 0.035417 0.03526 0.034896 0.035156 0.035157 0.035417 0.035625 0.063333 0.035678 0.034948 0.035209 0.035312 0.034792 0.0375 0.035469 0.03474 0.034843 0.034271 0.035677 0.035938 0.03526 0.035104 0.035417 0.035208 0.035052 0.034896 0.034948 0.034479 

FFT CPP_Princeton_Iterative blockSize: 256 executionTime: 0.075781 0.065625 0.064115 0.063646 0.064375 0.06448 0.063489 0.065 0.065104 0.064479 0.069843 0.065105 0.064011 0.070469 0.065208 0.065261 0.065312 0.064791 0.064271 0.064323 0.066041 0.066562 0.069167 0.064896 0.064323 0.063906 0.065573 0.064114 0.06474 0.065208 

FFT CPP_Princeton_Iterative blockSize: 512 executionTime: 0.147083 0.122604 0.123229 0.123333 0.122188 0.155573 0.123645 0.123698 0.123698 0.124479 0.12375 0.123385 0.121979 0.123177 0.127969 0.125677 0.124271 0.122812 0.134375 0.125521 0.12599 0.123073 0.126146 0.124844 0.124844 0.144218 0.120729 0.12026 0.119636 0.126354 

FFT CPP_Princeton_Iterative blockSize: 1024 executionTime: 0.26224 0.245053 0.246979 0.245365 0.241667 0.245156 0.241302 0.240781 0.240885 0.240677 0.262083 0.240781 0.241979 0.241042 0.242031 0.240521 0.242604 0.24526 0.271979 0.243698 0.242604 0.241875 0.242552 0.242292 0.243698 0.242084 0.242343 0.243802 0.242239 0.242604 

FFT CPP_Princeton_Iterative blockSize: 2048 executionTime: 0.569531 0.542292 0.622136 0.521302 0.522188 0.523594 0.55448 0.523593 0.521302 0.519271 0.575052 0.52448 0.517292 0.523646 0.52823 0.521979 0.522396 0.569583 0.531198 0.524792 0.521563 0.526459 0.524166 0.520625 0.561511 0.522865 0.523959 0.524011 0.554271 0.527709 

FFT CPP_Princeton_Iterative blockSize: 4096 executionTime: 1.20073 1.139323 1.159375 1.125261 1.205417 1.135834 1.125365 1.13276 1.133281 1.156511 1.132239 1.181146 1.224635 1.279636 1.191093 1.385573 1.371094 1.559532 1.396146 1.337083 1.269167 1.309115 1.296354 1.234531 1.210938 1.146407 1.131354 1.131927 1.130364 1.154062 

FFT CPP_Princeton_Iterative blockSize: 8192 executionTime: 2.607864 2.57974 2.481667 2.494479 2.455313 2.523386 2.463021 2.463855 2.465833 2.491667 2.473021 2.497344 2.462553 2.42823 2.451406 2.53724 2.485104 2.497031 2.44573 2.488281 2.544063 2.496563 2.59 2.559896 2.49474 2.458594 2.457032 2.486615 2.545834 2.495677 

FFT CPP_Princeton_Iterative blockSize: 16384 executionTime: 5.590105 5.423542 5.296616 6.767084 7.53474 5.319949 5.421771 5.350105 5.34099 5.453281 5.278802 5.273542 5.281511 5.287448 5.386198 5.468021 5.429115 5.368438 5.420365 5.42849 5.34224 5.383959 5.336458 5.379115 6.566772 7.968126 5.400417 5.239011 5.2 5.303594 

FFT CPP_Princeton_Iterative blockSize: 32768 executionTime: 11.450106 11.289741 11.097813 12.090886 11.353074 11.524115 11.596928 11.591147 19.661252 11.09823 11.111043 11.153803 11.140418 11.139949 11.324428 11.271251 11.462293 18.73594 11.065835 11.068595 11.187969 11.106043 11.179637 11.874741 11.684533 11.124168 18.920627 11.265105 11.037761 10.978022 

FFT CPP_Princeton_Iterative blockSize: 65536 executionTime: 23.988023 24.634899 31.105733 24.202763 23.983388 38.684379 38.779796 23.634429 23.948909 23.779898 23.950367 23.994169 39.58839 23.605836 23.832971 24.175367 24.309169 24.410315 36.979796 24.517815 24.203752 24.24318 24.478649 28.713128 24.384065 24.442294 30.828284 23.732555 23.710315 32.737972 

FFT CPP_Princeton_Iterative blockSize: 131072 executionTime: 76.737143 109.159437 76.592091 73.491101 83.161258 74.881153 76.058341 83.428654 75.495997 104.060531 74.083341 77.03282 83.689487 75.580789 76.536674 81.971415 76.940789 106.306678 73.368132 75.578862 82.913602 74.518029 75.371986 82.430686 76.137559 106.842355 73.695789 76.748289 82.823081 74.694903 

FFT CPP_Princeton_Iterative blockSize: 262144 executionTime: 291.006227 289.427217 240.878201 258.077109 258.785182 236.6807 278.724455 285.799872 228.361846 227.022679 232.988252 224.420439 226.266585 237.241795 225.075699 226.919762 235.826846 228.019397 226.878355 236.699503 228.24747 227.241638 235.596325 226.977939 225.509189 237.005388 226.9357 227.973148 235.042367 228.123981 

FFT CPP_Princeton_Recursive blockSize: 16 executionTime: 0.065209 0.030833 0.021302 0.019843 0.019583 0.020937 0.019166 0.01974 0.019219 0.018906 0.019896 0.020156 0.019167 0.020261 0.020782 0.018698 0.018959 0.019635 0.018646 0.019531 0.018594 0.019062 0.018698 0.019687 0.030938 0.020989 0.022604 0.020573 0.019532 0.019062 

FFT CPP_Princeton_Recursive blockSize: 32 executionTime: 0.044896 0.037917 0.037396 0.036459 0.036771 0.035729 0.036042 0.037292 0.035625 0.036771 0.035573 0.035521 0.03724 0.035469 0.03526 0.036041 0.047761 0.035312 0.03573 0.034791 0.040208 0.036511 0.03776 0.039739 0.036719 0.037656 0.037343 0.038542 0.03599 0.034792 

FFT CPP_Princeton_Recursive blockSize: 64 executionTime: 0.080781 0.07099 0.071563 0.070782 0.070521 0.074531 0.127761 0.074011 0.07125 0.077604 0.070729 0.07526 0.070468 0.07125 0.069375 0.073854 0.072448 0.071875 0.076875 0.070521 0.071614 0.069323 0.073229 0.071354 0.072604 0.073125 0.076875 0.07276 0.07125 0.071459 

FFT CPP_Princeton_Recursive blockSize: 128 executionTime: 0.167916 0.148906 0.181511 0.151042 0.157864 0.145417 0.155 0.146406 0.151145 0.147292 0.152812 0.148021 0.144687 0.14802 0.154323 0.146927 0.187343 0.146302 0.146302 0.145208 0.146511 0.144271 0.144011 0.149323 0.144687 0.144687 0.14625 0.142657 0.144063 0.146146 

FFT CPP_Princeton_Recursive blockSize: 256 executionTime: 0.325677 0.369219 0.29875 0.300417 0.307917 0.29849 0.301042 0.296042 0.294427 0.294844 0.338855 0.301875 0.300625 0.297344 0.295782 0.297969 0.304636 0.296823 0.299531 0.323125 0.302656 0.296719 0.29427 0.296042 0.299479 0.294479 0.31349 0.294792 0.293438 0.303802 

FFT CPP_Princeton_Recursive blockSize: 512 executionTime: 0.677917 0.645209 0.634114 0.652344 0.624688 0.6375 0.625886 0.630209 0.664583 0.627448 0.627136 0.626823 0.624375 0.70526 0.629167 0.619948 0.622969 0.655833 0.634584 0.619896 0.619948 0.623125 0.657448 0.63 0.620886 0.62073 0.624427 0.658489 0.622813 0.622656 

FFT CPP_Princeton_Recursive blockSize: 1024 executionTime: 1.406875 1.33375 1.321302 1.309479 1.306094 1.346251 1.319479 1.40776 1.325001 1.355365 1.331979 1.3475 1.321823 1.352292 1.330678 1.321094 1.329375 1.324011 1.361511 1.3225 1.360521 1.327865 1.345625 1.329115 1.422344 1.342552 1.32224 1.339062 1.336146 1.359375 

FFT CPP_Princeton_Recursive blockSize: 2048 executionTime: 2.956823 2.824063 2.916927 2.846876 2.842552 2.880469 2.818854 2.832604 2.811771 2.806667 2.860521 2.80526 2.871355 2.930364 2.905469 2.951823 2.908386 2.93198 2.952135 2.957917 2.989584 3.008646 3.003542 3.336824 2.913906 4.633698 2.853437 2.970105 2.956771 2.984271 

FFT CPP_Princeton_Recursive blockSize: 4096 executionTime: 6.405418 6.419896 6.898022 6.36375 6.338386 6.084063 6.047657 6.015521 6.074792 6.085678 6.130938 5.973751 5.995157 6.078438 6.030781 6.074793 6.018178 6.155521 6.114167 6.162293 6.214376 6.069636 6.075834 6.12125 6.107761 6.120521 6.218751 6.152292 6.150209 6.22224 

FFT CPP_Princeton_Recursive blockSize: 8192 executionTime: 14.285678 13.754376 13.413647 12.888907 12.893543 12.971199 13.127084 12.915886 12.981877 13.361199 13.40797 13.478856 13.678908 13.514428 13.414376 13.558543 13.359949 13.352658 13.264637 13.256251 13.168751 13.309168 13.346668 13.513491 13.34573 12.857085 12.856616 12.908439 13.611355 14.182397 

FFT CPP_Princeton_Recursive blockSize: 16384 executionTime: 28.47318 29.786565 27.343024 27.068544 27.372554 27.042606 27.271773 27.202295 27.011096 27.266097 27.69943 28.475523 27.470836 27.072294 27.869795 27.705315 27.406148 27.352399 27.351148 27.445263 27.211201 27.508336 28.130837 27.308961 29.693284 26.622503 27.024117 27.045368 27.206513 27.663337 

FFT CPP_Princeton_Recursive blockSize: 32768 executionTime: 58.523026 59.322714 57.01636 58.497558 57.381881 59.081204 58.670526 57.708027 58.486724 58.917453 56.424849 56.297141 56.754589 56.451933 56.967766 56.517974 56.813079 56.930891 56.782922 58.267245 56.474797 57.247141 57.527557 57.396933 57.133808 56.779068 56.328756 56.872923 57.027662 58.563704 

FFT CPP_Princeton_Recursive blockSize: 65536 executionTime: 123.355272 121.835794 121.116574 121.574074 121.147616 121.896315 120.164856 120.681262 125.904544 121.120429 119.962824 120.71345 123.087669 119.763554 119.520793 120.638189 121.594856 121.190898 123.469648 119.880116 121.115272 121.025794 121.254752 121.997929 123.818397 120.875793 121.360377 121.683085 120.977877 121.996991 

FFT CPP_Princeton_Recursive blockSize: 131072 executionTime: 257.743984 253.939712 249.602264 252.826744 253.935442 261.994401 254.49513 258.630912 253.455286 253.648046 257.671172 251.41263 197.944812 177.756944 180.305643 176.276528 173.203403 177.78934 176.415383 177.845851 175.476997 177.506476 248.336431 259.574714 256.696692 258.220547 258.337942 256.222995 260.063724 258.681432 

FFT CPP_Princeton_Recursive blockSize: 262144 executionTime: 547.057659 532.632032 536.797866 538.912918 543.874221 546.059586 538.138595 539.023387 546.482242 518.249062 376.718943 376.154933 371.740766 371.214463 464.166713 548.630576 539.988908 534.49349 535.066928 526.968021 532.887605 528.836875 528.588594 536.265158 538.736564 537.849845 545.570523 534.590731 533.147188 533.829168 

FFT CPP_Columbia_Iterative blockSize: 16 executionTime: 0.014479 0.007656 0.007448 0.006458 0.006406 0.006302 0.006093 0.00599 0.006146 0.006093 0.006771 0.006094 0.006198 0.006042 0.006615 0.006302 0.006041 0.006042 0.006406 0.007187 0.006458 0.006302 0.00625 0.006146 0.006406 0.006145 0.006719 0.006875 0.00625 0.006198 

FFT CPP_Columbia_Iterative blockSize: 32 executionTime: 0.008489 0.008178 0.007135 0.007447 0.008646 0.007552 0.008125 0.007813 0.007344 0.0075 0.008021 0.007292 0.007031 0.007031 0.007031 0.007188 0.007344 0.007135 0.007552 0.007083 0.006927 0.007708 0.007188 0.007136 0.007031 0.009011 0.007083 0.007396 0.007135 0.006927 

FFT CPP_Columbia_Iterative blockSize: 64 executionTime: 0.009011 0.008959 0.009062 0.008698 0.00875 0.008698 0.008854 0.008958 0.009011 0.008594 0.008542 0.008855 0.008594 0.009115 0.008489 0.009219 0.00875 0.008802 0.008645 0.008385 0.008855 0.008333 0.008646 0.008385 0.008646 0.008802 0.008854 0.008906 0.008541 0.009323 

FFT CPP_Columbia_Iterative blockSize: 128 executionTime: 0.012604 0.012187 0.013177 0.012135 0.012188 0.011875 0.012136 0.011875 0.012135 0.012031 0.011667 0.011875 0.012136 0.011979 0.011875 0.011875 0.012813 0.013177 0.012396 0.01224 0.011615 0.01073 0.010937 0.010417 0.010417 0.010677 0.011094 0.010885 0.01099 0.010625 

FFT CPP_Columbia_Iterative blockSize: 256 executionTime: 0.019688 0.019063 0.018385 0.01849 0.018281 0.018698 0.019271 0.019219 0.01901 0.018281 0.018854 0.018698 0.018334 0.018333 0.019011 0.019688 0.023125 0.021042 0.017969 0.018594 0.018698 0.018281 0.019271 0.018698 0.018177 0.018125 0.018021 0.019271 0.018541 0.018489 

FFT CPP_Columbia_Iterative blockSize: 512 executionTime: 0.034688 0.03875 0.034636 0.040937 0.038334 0.034479 0.04276 0.03375 0.034531 0.033646 0.038437 0.033854 0.03349 0.035261 0.034375 0.033125 0.038333 0.034375 0.037917 0.033646 0.033385 0.036875 0.037448 0.034427 0.033437 0.034323 0.033907 0.03375 0.033542 0.033958 

FFT CPP_Columbia_Iterative blockSize: 1024 executionTime: 0.06875 0.066875 0.066511 0.074427 0.121823 0.125157 0.066875 0.071511 0.118229 0.068542 0.075781 0.116302 0.068386 0.114375 0.068229 0.069948 0.068229 0.067604 0.077136 0.132083 0.076146 0.081927 0.067343 0.182656 0.06625 0.120209 0.114115 0.125573 0.116667 0.12276 

FFT CPP_Columbia_Iterative blockSize: 2048 executionTime: 0.197292 0.304635 0.310677 0.313802 0.15073 0.230052 0.197552 0.205729 0.284687 0.2025 0.349271 0.278177 0.260261 0.196666 0.199219 0.2375 0.352761 0.205208 0.238854 0.203177 0.268177 0.19526 0.265052 0.200573 0.26599 0.340781 0.199062 0.156198 0.227031 0.356146 

FFT CPP_Columbia_Iterative blockSize: 4096 executionTime: 0.942396 0.948125 0.929115 0.924532 0.855677 0.865312 0.74698 0.704062 0.678073 0.769375 0.769375 0.778542 0.79125 0.809635 0.780156 0.817552 0.802552 0.75125 0.685417 0.7 0.686407 0.734271 0.771615 0.742031 0.698646 0.829688 0.814896 0.734427 0.742708 0.751875 

FFT CPP_Columbia_Iterative blockSize: 8192 executionTime: 1.715209 1.847292 1.954271 1.987865 1.800938 1.839115 1.825469 2.007084 2.055052 1.981146 1.902135 1.91948 1.856198 1.918906 1.868333 1.924323 2.009271 2.67224 2.109531 1.888698 1.882292 2.043907 1.850417 1.887396 1.773959 1.793646 1.7525 1.846875 1.706928 1.839114 

FFT CPP_Columbia_Iterative blockSize: 16384 executionTime: 3.980782 4.302188 3.787032 3.932761 3.868698 4.582292 4.55526 4.61 4.69 8.488178 4.260053 4.213698 4.343542 4.937397 4.189063 4.330313 4.230469 3.94349 3.993958 4.249323 3.989896 4.007397 4.025417 4.069219 4.263229 6.077448 4.270209 4.105678 4.202865 4.005626 

FFT CPP_Columbia_Iterative blockSize: 32768 executionTime: 9.368074 9.129741 10.176303 9.332866 9.449636 13.37396 9.279428 8.949532 9.411719 9.366459 9.344584 9.282136 9.768699 12.260939 9.035157 9.065939 9.216876 9.386094 9.38547 12.478074 9.228959 9.115573 9.481564 9.634897 12.210366 9.259376 9.429012 9.349271 10.019689 10.75922 

FFT CPP_Columbia_Iterative blockSize: 65536 executionTime: 22.013023 21.47344 22.659898 40.459275 32.144951 20.885992 23.948492 22.527242 21.915471 22.725263 20.962346 22.680784 22.853491 21.232294 21.385836 21.031669 35.828076 25.175472 20.932814 21.484325 21.267606 24.197138 21.950627 20.698492 22.279273 22.584012 22.118909 23.299065 22.831565 37.653858 

FFT CPP_Columbia_Iterative blockSize: 131072 executionTime: 76.022872 71.300164 70.485841 71.287351 65.228496 90.979644 77.362143 73.298132 77.854695 90.03605 73.925007 73.805216 69.722246 88.818654 75.740425 70.299382 73.785425 88.332508 74.578028 70.519121 71.073497 91.247092 69.701622 73.775893 71.699017 86.685321 73.986622 75.485007 72.857977 89.78277 

FFT CPP_Columbia_Iterative blockSize: 262144 executionTime: 241.020961 242.730284 255.547473 252.346639 242.571066 235.913461 238.258149 247.268046 239.159659 234.712523 240.348097 234.39419 235.598409 234.875805 242.130701 233.971117 242.16992 233.885284 242.710753 235.910023 239.503513 249.242942 237.12367 239.659816 244.608514 242.458201 236.43419 236.760961 239.447211 240.84742 

FFT CPP_KISS blockSize: 16 executionTime: 0.015729 0.011562 0.005677 0.005313 0.005104 0.004844 0.004948 0.005 0.004948 0.004896 0.004844 0.004948 0.005157 0.004948 0.005989 0.00526 0.004948 0.004844 0.004896 0.005 0.004948 0.004896 0.004896 0.004948 0.005104 0.005 0.004895 0.004844 0.004948 0.005157 

FFT CPP_KISS blockSize: 32 executionTime: 0.009843 0.007292 0.006666 0.006354 0.006302 0.006354 0.007552 0.00625 0.006511 0.00625 0.006562 0.006458 0.006302 0.00625 0.006198 0.006302 0.00651 0.006823 0.006406 0.006458 0.014948 0.006615 0.00651 0.006562 0.006354 0.006354 0.007708 0.006667 0.006823 0.006302 

FFT CPP_KISS blockSize: 64 executionTime: 0.011511 0.00849 0.007916 0.007395 0.0075 0.0075 0.007292 0.007865 0.008177 0.007604 0.007448 0.007396 0.007344 0.00724 0.007396 0.007343 0.007604 0.007552 0.007448 0.007344 0.007813 0.007396 0.007708 0.007656 0.007396 0.007344 0.007448 0.007344 0.007448 0.007344 

FFT CPP_KISS blockSize: 128 executionTime: 0.028594 0.014531 0.013438 0.013385 0.013334 0.013646 0.013281 0.013437 0.013125 0.013021 0.013125 0.014166 0.013698 0.014219 0.013385 0.013229 0.013281 0.013282 0.013229 0.013334 0.013333 0.013593 0.013177 0.013281 0.013437 0.013177 0.015 0.014063 0.013385 0.013282 

FFT CPP_KISS blockSize: 256 executionTime: 0.034896 0.01875 0.018698 0.018177 0.018489 0.018958 0.018281 0.018021 0.018177 0.019219 0.018437 0.017969 0.01875 0.018438 0.018593 0.018698 0.018334 0.01849 0.017656 0.017865 0.018334 0.01849 0.018282 0.018698 0.01776 0.018594 0.018906 0.021042 0.01875 0.018333 

FFT CPP_KISS blockSize: 512 executionTime: 0.069896 0.044271 0.04474 0.046042 0.044375 0.044479 0.043021 0.044167 0.048177 0.043489 0.042291 0.043177 0.043646 0.041041 0.04151 0.108542 0.043542 0.045833 0.041407 0.040468 0.043333 0.041667 0.043177 0.042031 0.075365 0.043386 0.043125 0.041719 0.041614 0.044427 

FFT CPP_KISS blockSize: 1024 executionTime: 0.115104 0.076146 0.07625 0.074531 0.07276 0.07198 0.076667 0.075469 0.074115 0.075521 0.073958 0.07625 0.075417 0.073386 0.073437 0.076354 0.07401 0.074844 0.07224 0.072396 0.075365 0.074375 0.073438 0.073489 0.072917 0.077395 0.073855 0.075104 0.074843 0.073541 

FFT CPP_KISS blockSize: 2048 executionTime: 0.279427 0.24099 0.186146 0.183385 0.184896 0.186614 0.184948 0.189583 0.187604 0.18776 0.223177 0.191928 0.192292 0.188438 0.188959 0.19 0.189271 0.190313 0.186511 0.197709 0.191198 0.186823 0.189531 0.18776 0.191719 0.185521 0.193802 0.191041 0.193229 0.186094 

FFT CPP_KISS blockSize: 4096 executionTime: 0.509635 0.415157 0.501667 0.403229 0.402969 0.395729 0.4425 0.42349 0.424323 0.413334 0.463281 0.404687 0.450417 0.413386 0.477917 0.8725 0.662448 0.632865 0.597605 1.298125 0.649375 0.564531 0.509844 0.528802 0.554584 0.517448 0.445833 0.425468 0.415729 0.422812 

FFT CPP_KISS blockSize: 8192 executionTime: 1.246042 1.19776 1.211354 1.074583 1.049896 1.046563 1.042448 1.029844 1.085833 1.054479 1.033229 1.027395 1.02625 1.02776 1.044531 1.034063 1.065781 1.041562 1.044531 1.059896 1.068073 1.051302 1.125104 1.169791 1.140834 1.149323 1.117708 1.129167 1.10625 1.088125 

FFT CPP_KISS blockSize: 16384 executionTime: 3.166719 2.352604 2.286355 2.404375 3.685521 5.136616 2.310782 2.189167 2.195156 2.138282 2.167084 2.193438 2.183542 2.208854 2.191667 2.19724 2.147136 2.187032 2.781355 2.258542 2.284584 2.257917 2.262031 2.301354 2.287292 2.184688 4.119792 4.284636 2.271302 2.188126 

FFT CPP_KISS blockSize: 32768 executionTime: 6.643959 6.032813 5.952656 5.929168 6.306875 6.321511 6.238647 6.239063 10.57073 5.900677 5.855574 5.882136 6.282918 6.053386 5.969948 5.947344 5.993177 5.967136 9.250366 6.206875 5.913803 6.114896 5.815365 5.911772 5.944636 6.056563 5.895105 11.685158 6.064427 6.097969 

FFT CPP_KISS blockSize: 65536 executionTime: 17.716356 16.581408 18.576199 14.165054 15.097241 16.805158 17.932658 19.146512 23.814586 23.885783 17.639897 16.275939 13.765887 14.761408 16.317345 22.067919 15.774116 15.667398 13.954532 17.419169 19.214845 24.685315 18.439638 18.760054 18.787085 18.88021 20.453439 17.575158 18.840418 20.110471 

FFT CPP_KISS blockSize: 131072 executionTime: 49.64688 48.333807 42.7724 44.602921 45.22839 45.228338 43.895265 49.990995 42.567765 45.356775 47.241567 44.273494 44.0149 44.858494 44.091879 43.406879 44.296046 43.444484 49.476776 42.967973 43.402036 44.123702 44.245577 45.065629 42.446775 43.952036 50.598495 42.682296 44.380161 43.731827 

FFT CPP_KISS blockSize: 262144 executionTime: 119.326471 113.480168 110.840949 114.74298 116.300481 112.209073 113.074438 114.004699 115.158501 115.602303 119.06147 115.378657 114.097876 117.820168 114.123709 112.639074 113.95772 113.943449 113.65574 118.515429 116.071782 113.691366 118.277199 115.352668 112.816834 120.494907 105.641521 112.656105 112.037824 113.170376 

NEON CPP_Recursive blockSize: 16 executionTime: 0.041875 0.015469 0.009947 0.009427 0.009583 0.008593 0.026042 0.012187 0.01073 0.00875 0.008438 0.008802 0.010572 0.009635 0.009167 0.008959 0.008958 0.00849 0.009271 0.011198 0.010573 0.009843 0.009479 0.008907 0.010364 0.009375 0.009114 0.01 0.009688 0.00875 

NEON CPP_Recursive blockSize: 32 executionTime: 0.018073 0.014063 0.012396 0.013073 0.012031 0.01474 0.01375 0.021406 0.013281 0.013541 0.017031 0.013385 0.012031 0.012448 0.013333 0.012864 0.011302 0.013802 0.012343 0.0125 0.012396 0.012292 0.01151 0.012552 0.012083 0.012812 0.012083 0.012969 0.01401 0.011563 

NEON CPP_Recursive blockSize: 64 executionTime: 0.030156 0.019687 0.02 0.021146 0.01875 0.019115 0.018229 0.018907 0.018646 0.018802 0.030833 0.01974 0.018906 0.019375 0.019844 0.027969 0.018802 0.017709 0.018229 0.016875 0.017292 0.016406 0.02125 0.017344 0.017292 0.018437 0.01677 0.016719 0.017135 0.017656 

NEON CPP_Recursive blockSize: 128 executionTime: 0.031615 0.033125 0.029271 0.029166 0.029427 0.03125 0.027917 0.028541 0.027604 0.029271 0.02875 0.035781 0.029687 0.027916 0.035521 0.025468 0.02401 0.030677 0.027552 0.026198 0.024791 0.025052 0.02448 0.024479 0.026198 0.025417 0.024167 0.025781 0.026667 0.026875 

NEON CPP_Recursive blockSize: 256 executionTime: 0.053541 0.045677 0.046198 0.046615 0.044948 0.054844 0.045677 0.047812 0.045417 0.046042 0.044844 0.046719 0.045261 0.047917 0.046354 0.047344 0.045312 0.046823 0.044427 0.047084 0.047552 0.047917 0.052292 0.04552 0.04625 0.048333 0.045156 0.053438 0.047448 0.057865 

NEON CPP_Recursive blockSize: 512 executionTime: 0.110313 0.094218 0.095261 0.110677 0.092031 0.097864 0.090938 0.106666 0.091198 0.101562 0.094323 0.10526 0.093854 0.106615 0.091459 0.125885 0.09323 0.111511 0.093438 0.097656 0.093437 0.097136 0.093542 0.107344 0.093854 0.099792 0.09151 0.102344 0.091823 0.095 

NEON CPP_Recursive blockSize: 1024 executionTime: 0.18948 0.191823 0.185312 0.191823 0.180261 0.180573 0.180677 0.187657 0.176458 0.231666 0.186667 0.198646 0.185625 0.18625 0.182448 0.184531 0.186667 0.194687 0.239896 0.197656 0.178594 0.192136 0.175782 0.177812 0.176146 0.187188 0.170209 0.207188 0.174948 0.174896 

NEON CPP_Recursive blockSize: 2048 executionTime: 0.388698 0.343437 0.362917 0.910416 0.370886 0.367604 0.375885 0.418541 0.374427 0.366771 0.377917 0.384323 0.396406 0.39276 0.391719 0.392084 0.382135 0.368906 0.380052 0.388229 0.480365 0.380052 0.382604 0.384688 0.40651 0.372917 0.377292 0.385312 0.437344 0.37849 

NEON CPP_Recursive blockSize: 4096 executionTime: 0.820312 0.857761 0.779323 0.859687 0.757448 0.745885 0.826406 0.746823 0.732812 0.724844 0.725313 0.795885 0.739583 0.781042 0.739375 0.786875 0.737292 0.73875 0.73849 0.734844 0.781407 0.752188 0.777136 0.74125 0.777969 0.74125 0.719791 0.761146 0.741823 0.774011 

NEON CPP_Recursive blockSize: 8192 executionTime: 1.614063 1.521251 1.506354 1.573489 1.553959 1.571042 1.499271 1.520313 1.545781 1.566928 1.517501 1.54276 1.576823 1.585677 1.563281 1.578334 1.526875 1.570781 1.533646 1.545261 1.604219 1.555833 1.571979 1.577292 1.535052 1.574115 1.536042 1.592553 1.805573 1.584114 

NEON CPP_Recursive blockSize: 16384 executionTime: 4.233438 3.551459 3.274428 3.297709 3.512188 3.742813 5.103646 4.437031 3.876406 3.546875 3.11151 3.213594 3.259792 3.063855 3.115625 3.583438 3.263438 3.19224 3.145312 3.153074 3.245886 3.037188 3.214896 3.961355 3.425208 3.167917 3.392501 3.305208 3.640677 3.35125 

NEON CPP_Recursive blockSize: 32768 executionTime: 7.860573 7.967397 7.96448 11.47271 7.78922 6.625418 6.424115 6.719011 6.327917 6.519688 6.905365 7.671876 6.426563 7.086251 8.022865 8.024689 8.02823 8.456876 6.542136 8.485522 8.496095 6.945261 7.012084 6.703073 6.403907 8.240365 6.998907 8.265261 7.810001 7.834689 

NEON CPP_Recursive blockSize: 65536 executionTime: 16.530627 16.466721 19.143335 14.740887 15.432397 16.054168 16.020939 17.591044 21.105627 16.01745 16.0637 14.631095 14.995991 19.506096 15.802137 15.676772 15.582345 19.099325 16.225157 16.050002 20.26719 19.218908 19.923856 15.167293 15.413908 14.614324 13.681096 13.669116 13.942814 16.352919 

NEON CPP_Recursive blockSize: 131072 executionTime: 34.948441 31.523597 32.735212 32.768128 31.729378 32.151149 34.6274 37.471254 36.807764 32.44042 37.462764 33.91917 41.075577 34.822973 34.110212 35.788649 37.189535 32.62292 34.02615 35.422347 32.093389 41.435785 31.225732 34.528858 34.940836 35.813024 35.314951 32.292816 33.485836 35.063858 

NEON CPP_Recursive blockSize: 262144 executionTime: 80.350737 67.818027 64.603027 81.306779 75.330789 80.576727 74.914486 73.951414 80.140477 76.75058 74.948132 76.113289 74.37756 74.448028 79.905425 76.518706 74.189539 78.229539 76.506674 75.851362 79.716258 75.193184 74.827664 78.090946 73.725007 74.267351 80.178914 75.929383 74.40657 78.433862 

NEON CPP_Iterative blockSize: 16 executionTime: 0.012968 0.006979 0.005886 0.005312 0.005104 0.005105 0.004896 0.005625 0.005105 0.005209 0.004844 0.005209 0.005156 0.005052 0.004844 0.004896 0.00474 0.005156 0.006146 0.005313 0.005261 0.005156 0.005156 0.005156 0.004896 0.005052 0.004948 0.004844 0.004791 0.004896 

NEON CPP_Iterative blockSize: 32 executionTime: 0.007032 0.006093 0.005677 0.006458 0.005469 0.010989 0.005312 0.005416 0.005573 0.005468 0.005417 0.005312 0.005416 0.005416 0.005469 0.005364 0.005364 0.006042 0.005572 0.005573 0.005365 0.00526 0.00526 0.005312 0.005261 0.005209 0.005469 0.005468 0.005417 0.00526 

NEON CPP_Iterative blockSize: 64 executionTime: 0.00849 0.006667 0.006302 0.006145 0.006406 0.006406 0.007083 0.006511 0.006615 0.006302 0.006146 0.006302 0.006198 0.006093 0.006146 0.006979 0.006146 0.00625 0.006146 0.006458 0.006354 0.006354 0.006771 0.00625 0.006146 0.006302 0.006094 0.006302 0.006146 0.006094 

NEON CPP_Iterative blockSize: 128 executionTime: 0.010573 0.008958 0.008958 0.009323 0.009167 0.009219 0.008594 0.009219 0.00875 0.008906 0.008541 0.008646 0.008489 0.008802 0.011823 0.007917 0.007135 0.007761 0.007031 0.007396 0.007187 0.007344 0.006927 0.007291 0.007292 0.00724 0.006823 0.007136 0.007865 0.007136 

NEON CPP_Iterative blockSize: 256 executionTime: 0.026146 0.013385 0.013021 0.013438 0.012657 0.013958 0.012344 0.012708 0.013073 0.013021 0.012188 0.013282 0.054739 0.012969 0.013229 0.012969 0.012917 0.013177 0.013125 0.01349 0.0125 0.012917 0.012917 0.012708 0.013386 0.013333 0.012812 0.012813 0.01224 0.012812 

NEON CPP_Iterative blockSize: 512 executionTime: 0.042291 0.033386 0.030781 0.031771 0.030677 0.032865 0.031302 0.030729 0.124896 0.033854 0.030937 0.032083 0.036406 0.0325 0.031666 0.031562 0.031511 0.03198 0.031198 0.031406 0.033907 0.031354 0.031771 0.034218 0.030781 0.031302 0.074219 0.035833 0.031614 0.036927 

NEON CPP_Iterative blockSize: 1024 executionTime: 0.057188 0.059115 0.051875 0.053438 0.052813 0.052657 0.051458 0.063073 0.053438 0.058958 0.054584 0.051979 0.053646 0.055052 0.055208 0.051406 0.104166 0.068489 0.056667 0.05849 0.057291 0.05677 0.055209 0.056771 0.051354 0.053386 0.055468 0.055781 0.052292 0.05375 

NEON CPP_Iterative blockSize: 2048 executionTime: 0.180937 0.123802 0.122292 0.117761 0.118906 0.120573 0.117188 0.120625 0.119115 0.124947 0.123594 0.120833 0.11974 0.121979 0.124583 0.117657 0.116979 0.118542 0.121094 0.11526 0.119219 0.127604 0.122969 0.160365 0.129271 0.120157 0.112812 0.123073 0.118333 0.118906 

NEON CPP_Iterative blockSize: 4096 executionTime: 0.422708 0.345 0.331459 0.324636 0.312969 0.331927 0.305417 0.329844 0.305573 0.324791 0.303282 0.328855 0.293802 0.357812 0.302552 0.325937 0.311823 0.364115 0.309687 0.364479 0.316511 0.365105 0.329844 0.687084 0.514063 0.627136 0.547343 0.65724 0.504167 0.561563 

NEON CPP_Iterative blockSize: 8192 executionTime: 1.033854 1.08573 1.048594 0.954011 0.987083 0.984271 0.933959 0.930052 0.930365 0.947604 0.992864 0.978907 0.978386 1.071146 0.942657 0.929427 0.943802 0.932344 0.908021 0.929844 0.91099 0.969791 0.963125 0.988906 0.98375 0.968073 0.937292 0.963386 0.984896 0.983438 

NEON CPP_Iterative blockSize: 16384 executionTime: 2.220677 2.000365 2.06151 2.080365 1.99349 1.974583 1.993073 2.091094 1.997656 2.012136 2.127657 2.093959 2.226146 1.878334 2.51651 1.917761 1.965729 1.949531 1.949011 2.097501 2.055105 2.025 2.136303 2.100625 1.972084 2.063489 2.085729 2.119427 1.995261 2.019011 

NEON CPP_Iterative blockSize: 32768 executionTime: 4.348959 5.001928 4.087292 4.379636 4.95474 4.095833 4.210782 4.615521 4.488958 4.033855 4.152084 4.17724 4.168229 4.099063 4.057031 4.347865 5.102917 4.149584 3.985209 4.07474 4.023021 4.058438 4.296406 4.068386 4.138282 4.074688 4.243959 4.058021 5.844844 4.057501 

NEON CPP_Iterative blockSize: 65536 executionTime: 9.967865 10.259168 9.303907 9.604792 9.375678 9.300209 9.101719 9.087814 9.518855 9.751511 9.600938 9.773439 9.789063 10.231355 10.14297 9.989167 9.549845 9.61922 10.22849 12.484116 12.271616 9.454792 9.175886 9.255313 9.146928 9.332866 9.216824 9.36771 11.628907 9.073386 

NEON CPP_Iterative blockSize: 131072 executionTime: 24.474325 22.507346 22.46969 22.449846 23.015002 23.682867 23.751877 24.343179 28.825576 24.502607 35.28443 27.642243 25.795211 26.068023 24.634325 24.464274 24.640471 24.93094 28.620263 24.850315 24.172294 25.153804 24.696096 24.708544 30.946774 30.62693 30.361358 33.714065 31.464951 31.164327 

NEON CPP_Iterative blockSize: 262144 executionTime: 69.503496 74.112404 74.09881 78.5148 73.571361 81.375008 80.746414 69.697819 66.672975 90.019801 74.845111 64.557662 71.507091 70.692767 62.367559 70.116726 59.446672 60.511047 68.265163 67.65058 74.769747 62.481725 60.268912 61.88636 71.970112 58.904068 58.820214 60.122402 61.395266 55.461672 

ARR CPP_Princeton_Iterative blockSize: 16 executionTime: 0.028646 0.011093 0.009532 0.008542 0.008906 0.008489 0.008594 0.007917 0.007708 0.007605 0.007709 0.007656 0.007344 0.007344 0.008125 0.007864 0.0075 0.007396 0.007135 0.007656 0.008229 0.008645 0.007709 0.007656 0.007395 0.007239 0.007761 0.008282 0.008125 0.007552 

ARR CPP_Princeton_Iterative blockSize: 32 executionTime: 0.01651 0.013333 0.012187 0.011927 0.012604 0.012344 0.011563 0.01224 0.012032 0.011459 0.011406 0.011406 0.012031 0.011979 0.011406 0.011302 0.011355 0.012031 0.011562 0.011042 0.010886 0.010989 0.011615 0.011927 0.011927 0.011354 0.012343 0.011458 0.011303 0.011094 

ARR CPP_Princeton_Iterative blockSize: 64 executionTime: 0.026354 0.020573 0.020053 0.019896 0.019167 0.019375 0.019792 0.019583 0.020834 0.01948 0.019583 0.019167 0.019792 0.019219 0.019115 0.02052 0.019687 0.020157 0.019062 0.019166 0.019896 0.019219 0.020312 0.019688 0.022292 0.019688 0.019688 0.020521 0.021093 0.019218 

ARR CPP_Princeton_Iterative blockSize: 128 executionTime: 0.049636 0.036458 0.035157 0.034739 0.035 0.034583 0.034271 0.034375 0.034427 0.034792 0.03448 0.034687 0.034583 0.034479 0.034427 0.034531 0.033958 0.034584 0.034739 0.034167 0.034011 0.034323 0.034479 0.034531 0.034427 0.034844 0.034375 0.034375 0.038489 0.035677 

ARR CPP_Princeton_Iterative blockSize: 256 executionTime: 0.078073 0.06849 0.065 0.06401 0.064479 0.097605 0.065365 0.065104 0.064427 0.065104 0.064271 0.064219 0.064011 0.064427 0.065208 0.063802 0.064063 0.064323 0.064166 0.064063 0.064271 0.064479 0.064375 0.065364 0.064479 0.064531 0.064896 0.064635 0.06474 0.064636 

ARR CPP_Princeton_Iterative blockSize: 512 executionTime: 0.144896 0.126041 0.125469 0.130052 0.126146 0.124062 0.125261 0.123593 0.125156 0.12526 0.123437 0.125625 0.125625 0.124635 0.124844 0.126563 0.126718 0.124843 0.129584 0.124583 0.126146 0.12526 0.126875 0.125364 0.123646 0.125104 0.124896 0.128698 0.125416 0.126459 

ARR CPP_Princeton_Iterative blockSize: 1024 executionTime: 0.27349 0.276875 0.245052 0.24276 0.241459 0.244063 0.241979 0.247552 0.242292 0.242448 0.250052 0.241303 0.242916 0.240886 0.243385 0.243281 0.242708 0.246042 0.250417 0.242657 0.242917 0.243178 0.243125 0.241979 0.243594 0.241563 0.290365 0.243177 0.241615 0.246354 

ARR CPP_Princeton_Iterative blockSize: 2048 executionTime: 0.552187 0.513958 0.504896 0.502813 0.503646 0.502761 0.510885 0.503542 0.500625 0.500105 0.586302 0.508125 0.502187 0.500521 0.561719 0.50526 0.510052 0.505521 0.546041 0.508489 0.504375 0.505 0.543906 0.508542 0.503906 0.501458 0.537136 0.507917 0.501667 0.501042 

ARR CPP_Princeton_Iterative blockSize: 4096 executionTime: 1.239427 1.125416 1.114115 1.116094 1.110729 1.112239 1.104636 1.143073 1.109428 1.141823 1.117552 1.167448 1.128438 1.18724 1.161354 1.290677 1.32573 1.332448 1.430521 1.965781 1.37724 1.235521 1.230573 1.282656 1.225521 1.129114 1.14724 1.120104 1.178751 1.133906 

ARR CPP_Princeton_Iterative blockSize: 8192 executionTime: 2.507917 2.484167 2.499063 2.430678 2.50349 2.46875 2.444271 2.447031 2.457657 2.428073 2.419584 2.46276 2.483907 2.470105 2.493073 2.481094 2.421979 2.435417 2.495625 2.498438 2.508959 2.71823 2.561094 2.677865 2.734584 2.586823 2.469219 2.743021 2.475312 2.572188 

ARR CPP_Princeton_Iterative blockSize: 16384 executionTime: 6.611511 5.639636 6.32974 8.544637 9.249897 5.58974 5.535261 5.454844 5.451459 5.445782 5.464115 5.406667 5.442657 5.431354 6.022709 5.490469 5.565052 5.558126 5.523803 5.556199 5.606563 5.497136 5.490782 5.536146 5.490625 14.506876 9.011876 7.742866 5.627449 5.42948 

ARR CPP_Princeton_Iterative blockSize: 32768 executionTime: 11.341981 11.971824 11.096043 11.125261 11.441719 11.328334 11.589012 11.484376 11.414532 19.806668 11.128647 18.159169 11.582397 11.71599 11.569272 11.444376 11.411928 11.364376 11.342762 21.622086 11.089636 11.15922 11.148699 11.171511 11.20922 11.122241 11.737397 18.750054 11.296928 11.525366 

ARR CPP_Princeton_Iterative blockSize: 65536 executionTime: 23.952033 26.510263 32.438753 24.442555 24.146304 23.793544 27.996096 24.072086 38.416202 42.812713 23.605211 24.025784 23.804273 24.946304 24.320888 40.012452 24.101097 24.392763 24.662086 24.296981 24.686981 35.501566 23.520367 24.292086 24.630784 24.521096 30.275316 23.804846 24.857554 30.593232 

ARR CPP_Princeton_Iterative blockSize: 131072 executionTime: 79.38282 80.81605 78.300841 98.815114 73.902404 97.302666 105.933916 96.851104 94.680114 101.423812 99.525791 119.526001 99.906624 100.470896 105.055376 99.753083 101.925479 105.722354 100.131625 120.917981 78.950529 77.644591 82.492404 77.627716 79.463653 79.649174 73.444955 97.892822 75.005215 74.630424 

ARR CPP_Princeton_Iterative blockSize: 262144 executionTime: 229.248981 220.937574 250.932108 245.667108 236.791586 243.90768 238.927836 217.769709 221.828304 211.33825 212.779917 220.948355 211.384396 214.32023 222.539241 213.486793 214.70299 246.056431 236.7107 237.387419 279.291591 265.330443 265.727474 278.84409 264.663203 266.474818 279.763153 270.134349 269.685288 277.856851 

ARR CPP_Princeton_Recursive blockSize: 16 executionTime: 0.051979 0.022916 0.019114 0.018958 0.021667 0.019219 0.019271 0.018958 0.018854 0.018281 0.018334 0.018437 0.021198 0.018646 0.019219 0.019375 0.018333 0.019011 0.018386 0.018177 0.018906 0.018125 0.018385 0.021614 0.018542 0.018281 0.018125 0.017969 0.018125 0.017969 

ARR CPP_Princeton_Recursive blockSize: 32 executionTime: 0.041979 0.036354 0.035781 0.034687 0.036406 0.035729 0.035781 0.035938 0.035104 0.035365 0.035469 0.034479 0.034688 0.035521 0.034219 0.034739 0.034635 0.034635 0.044636 0.034896 0.034375 0.040104 0.035625 0.035 0.035052 0.039115 0.034948 0.036094 0.038646 0.035416 

ARR CPP_Princeton_Recursive blockSize: 64 executionTime: 0.077396 0.074375 0.073177 0.071927 0.069114 0.071094 0.071614 0.113386 0.073803 0.072344 0.071562 0.070833 0.074166 0.070521 0.069532 0.072761 0.07151 0.071511 0.07599 0.071302 0.070677 0.070625 0.073229 0.071146 0.07073 0.070052 0.068802 0.069583 0.072969 0.070625 

ARR CPP_Princeton_Recursive blockSize: 128 executionTime: 0.155104 0.147656 0.145573 0.146771 0.146198 0.142709 0.175625 0.144792 0.148907 0.148281 0.144115 0.146458 0.14526 0.145417 0.143125 0.144635 0.147813 0.145 0.146198 0.147656 0.155208 0.147552 0.145938 0.145573 0.146094 0.188229 0.14802 0.146458 0.144323 0.147292 

ARR CPP_Princeton_Recursive blockSize: 256 executionTime: 0.328438 0.307344 0.306614 0.302343 0.304843 0.306146 0.329584 0.3125 0.306198 0.300521 0.313489 0.299636 0.302135 0.307344 0.304531 0.328541 0.311771 0.303646 0.304427 0.301979 0.305729 0.302135 0.303906 0.299844 0.300156 0.32823 0.309688 0.305416 0.307656 0.304166 

ARR CPP_Princeton_Recursive blockSize: 512 executionTime: 0.683229 0.649115 0.649583 0.645573 0.645677 0.783021 0.676614 0.644948 0.646875 0.646771 0.687917 0.636094 0.651927 0.64427 0.644635 0.666355 0.649583 0.636459 0.644844 0.674063 0.655261 0.647916 0.643646 0.64073 0.671823 0.644792 0.647083 0.647291 0.682031 0.644739 

ARR CPP_Princeton_Recursive blockSize: 1024 executionTime: 1.373178 1.386093 1.36724 1.432708 1.360313 1.368907 1.35224 1.36401 1.370313 1.341563 1.385677 1.351145 1.405782 1.356979 1.385052 1.371407 1.415156 1.364375 1.375833 1.35599 1.396354 1.36224 1.358177 1.355105 1.345365 1.395573 1.352709 1.395104 1.387344 1.440105 

ARR CPP_Princeton_Recursive blockSize: 2048 executionTime: 3.121772 2.926823 2.935052 2.95599 2.953334 2.972448 2.903021 2.94948 2.937188 3.042969 2.973125 2.93349 3.167604 2.909323 2.934427 2.996563 2.943281 2.967709 2.967344 2.981771 2.912292 2.998386 3.032969 2.923229 2.974219 2.958906 2.965521 3.066354 2.925365 3.083073 

ARR CPP_Princeton_Recursive blockSize: 4096 executionTime: 6.863125 6.620418 6.507292 6.385105 6.272866 6.331042 6.332293 6.294375 6.572969 6.495574 6.330105 6.110313 6.217761 6.485053 6.751667 6.724844 7.99698 6.364219 6.413802 6.313178 6.292761 6.337032 6.204897 6.259792 6.277605 6.196303 6.174011 6.146459 6.271512 6.233126 

ARR CPP_Princeton_Recursive blockSize: 8192 executionTime: 13.30521 13.860835 14.085991 14.674689 13.481459 13.15646 13.274272 13.185938 13.36948 13.103752 13.243282 13.583074 13.758074 13.604949 13.690782 13.817241 13.678127 13.592032 13.767918 13.59396 13.715574 13.756564 14.0412 13.088959 13.139481 13.157761 13.529637 13.769273 14.148907 13.920366 

ARR CPP_Princeton_Recursive blockSize: 16384 executionTime: 28.381305 28.486513 27.924898 29.150419 27.697138 27.442763 27.782659 27.690888 27.953701 27.871409 27.685992 27.920628 28.189638 27.839534 27.86542 28.381878 27.951149 28.128857 27.914065 27.816982 27.876305 28.316409 29.394326 28.965784 27.676773 27.888909 30.018129 27.549065 27.728805 27.912295 

ARR CPP_Princeton_Recursive blockSize: 32768 executionTime: 58.264433 59.661204 58.214537 57.210578 57.807923 57.343131 57.607714 58.685943 61.305683 58.208808 57.071412 57.75636 58.672871 58.441152 58.335683 57.763443 57.819797 57.967454 57.729433 58.704277 57.5136 57.138859 57.704069 58.076308 56.830891 57.193027 57.690996 58.947037 57.571724 57.760735 

ARR CPP_Princeton_Recursive blockSize: 65536 executionTime: 125.419387 121.847095 121.759908 123.411679 121.459231 121.859492 121.35673 120.503866 123.176679 122.872981 121.240429 121.794804 121.331731 121.277565 122.005064 121.176262 120.921626 121.474127 121.810481 121.59397 122.602825 121.1997 121.637304 121.277096 120.923449 123.322929 120.920117 121.098449 123.025324 122.690168 

ARR CPP_Princeton_Recursive blockSize: 131072 executionTime: 268.561173 262.209506 259.994818 254.0319 261.357526 253.389296 258.812682 251.5319 250.142473 252.769452 254.47138 216.137313 179.172205 178.305591 178.815278 178.152726 178.967622 178.532935 177.181892 177.722622 180.116112 257.77414 254.042265 261.382527 269.107579 251.411588 251.507265 257.174661 255.11716 261.655599 

ARR CPP_Princeton_Recursive blockSize: 262144 executionTime: 534.796668 529.814428 536.393022 538.629637 543.626253 535.177085 537.9037 546.654221 546.995836 539.732658 536.533386 546.89646 495.832914 380.14108 376.988162 379.42733 378.447434 479.914891 557.130993 544.180158 533.590001 537.282866 551.602243 559.812243 540.842918 533.189792 536.231825 540.905522 544.733388 553.238805 

ARR CPP_Columbia_Iterative blockSize: 16 executionTime: 0.015313 0.006875 0.00573 0.005729 0.005572 0.010625 0.005469 0.006406 0.005937 0.005573 0.005625 0.005885 0.005365 0.005677 0.005417 0.005521 0.005833 0.005313 0.005312 0.005261 0.005364 0.005209 0.005677 0.005625 0.006041 0.006146 0.005677 0.005313 0.005833 0.00552 

ARR CPP_Columbia_Iterative blockSize: 32 executionTime: 0.01026 0.007084 0.006615 0.006875 0.007135 0.006719 0.006615 0.007083 0.006562 0.006667 0.006823 0.006615 0.006614 0.006354 0.006511 0.00651 0.006511 0.006927 0.00698 0.006927 0.006927 0.007605 0.00625 0.006719 0.006823 0.007188 0.006458 0.006302 0.006667 0.006511 

ARR CPP_Columbia_Iterative blockSize: 64 executionTime: 0.01224 0.009271 0.010209 0.008959 0.008386 0.00849 0.009428 0.00974 0.008542 0.009115 0.00875 0.009219 0.009427 0.009115 0.009011 0.008386 0.00901 0.049635 0.009167 0.009115 0.011407 0.009219 0.009063 0.008386 0.008334 0.009063 0.008334 0.008281 0.008282 0.009427 

ARR CPP_Columbia_Iterative blockSize: 128 executionTime: 0.017032 0.017917 0.013541 0.012292 0.01349 0.012916 0.012448 0.01302 0.013229 0.013958 0.0125 0.014271 0.012083 0.013073 0.015417 0.014271 0.012917 0.012969 0.013854 0.013282 0.014479 0.013542 0.013542 0.013073 0.012604 0.01401 0.016719 0.012969 0.012448 0.012916 

ARR CPP_Columbia_Iterative blockSize: 256 executionTime: 0.028281 0.02302 0.022916 0.022344 0.02724 0.023333 0.02375 0.021354 0.021146 0.0225 0.023021 0.022343 0.022135 0.022448 0.02349 0.025208 0.024688 0.021823 0.02375 0.024375 0.02526 0.022969 0.023073 0.021667 0.023125 0.023021 0.021822 0.02276 0.022604 0.02323 

ARR CPP_Columbia_Iterative blockSize: 512 executionTime: 0.057708 0.04625 0.0475 0.047396 0.045521 0.045521 0.044375 0.082604 0.045677 0.046198 0.043906 0.045209 0.043438 0.04375 0.043542 0.042761 0.043125 0.042552 0.043698 0.044219 0.043177 0.044948 0.044115 0.04375 0.044739 0.044791 0.043178 0.043646 0.045 0.043229 

ARR CPP_Columbia_Iterative blockSize: 1024 executionTime: 0.082657 0.072761 0.080677 0.074062 0.075729 0.072344 0.124688 0.07099 0.072917 0.077917 0.11875 0.071042 0.077657 0.071146 0.08026 0.071511 0.071875 0.073281 0.071927 0.084062 0.085573 0.085729 0.07026 0.085521 0.079531 0.073854 0.090521 0.082708 0.072344 0.073177 

ARR CPP_Columbia_Iterative blockSize: 2048 executionTime: 0.168333 0.319115 0.220938 0.21849 0.286875 0.289532 0.343542 0.283438 0.400365 0.261875 0.364688 0.269792 0.293646 0.29151 0.247708 0.218125 0.437083 0.284635 0.218646 0.21651 0.222135 0.179271 0.182344 0.175365 0.174271 0.351562 0.241667 0.341458 0.252604 0.416979 

ARR CPP_Columbia_Iterative blockSize: 4096 executionTime: 0.919635 0.896511 0.857083 0.928698 0.85099 0.770938 0.781927 0.827552 0.774584 0.872552 0.944948 0.95099 0.855833 0.893906 0.831823 0.834532 0.97375 0.945416 0.900781 0.907865 0.852344 0.740521 0.825625 0.805834 0.827969 0.787917 0.793594 0.778541 0.691875 0.749271 

ARR CPP_Columbia_Iterative blockSize: 8192 executionTime: 1.711719 1.718073 1.777917 1.788698 1.868489 1.787604 1.775469 1.834636 1.825417 1.898073 1.752969 1.863438 1.764792 2.045625 1.962917 1.658751 1.87099 1.951875 1.770574 1.819323 1.940365 1.853646 1.98901 1.895886 1.890313 1.922084 1.971459 1.972292 2.509896 2.838125 

ARR CPP_Columbia_Iterative blockSize: 16384 executionTime: 4.873646 3.997136 4.198542 4.158334 4.620626 4.32 4.104324 4.295313 4.321927 4.367657 4.332657 4.039792 4.107553 4.146719 4.534427 4.303698 3.964688 6.546354 5.258282 4.316146 4.180522 4.136771 4.167761 4.14375 4.092344 4.142344 4.075937 4.169636 4.095 4.19599 

ARR CPP_Columbia_Iterative blockSize: 32768 executionTime: 9.227396 9.672293 9.014532 14.525314 9.091719 9.178438 9.410521 9.170678 9.307136 9.715834 9.47073 13.922762 9.520001 9.430261 9.066875 9.182761 9.049584 9.160991 11.964585 9.042084 9.268647 8.961615 8.884532 13.741251 9.11422 9.333543 9.348907 9.460626 10.922033 9.292032 

ARR CPP_Columbia_Iterative blockSize: 65536 executionTime: 23.475367 37.111045 21.525002 24.300315 21.973908 22.907711 25.60318 22.234221 24.03646 21.9987 23.501513 25.494794 22.699741 27.05818 22.904846 22.526565 24.633076 21.916929 23.099846 21.607971 24.075054 35.195315 27.818805 24.686096 25.247033 21.971981 19.439065 22.105836 22.530107 22.701773 

ARR CPP_Columbia_Iterative blockSize: 131072 executionTime: 77.372299 84.840061 82.691675 81.692456 84.073185 70.175997 101.14475 81.223497 67.484017 66.032663 98.263187 84.862144 66.189537 68.561986 96.333238 81.755789 70.462976 64.353913 101.838708 86.164279 74.177768 72.429434 93.572666 75.213237 78.935268 67.31308 93.556624 84.698967 73.592247 68.196101 

ARR CPP_Columbia_Iterative blockSize: 262144 executionTime: 239.920388 265.327422 225.405179 251.784036 220.35846 254.477057 216.178042 257.561849 223.925856 258.453724 215.706689 261.394401 223.713252 255.782838 213.176063 263.215651 219.856272 255.204922 216.555699 264.195339 219.982313 267.649714 212.499917 269.189766 220.351532 258.057213 216.916115 254.340703 220.569918 256.27138 

ARR CPP_KISS blockSize: 16 executionTime: 0.012917 0.004948 0.004427 0.004427 0.004167 0.004531 0.004791 0.00401 0.004271 0.004271 0.004166 0.004219 0.004428 0.004218 0.009375 0.004219 0.004323 0.004219 0.004115 0.004114 0.004062 0.004167 0.004115 0.004114 0.004167 0.004219 0.004219 0.004375 0.004271 0.004115 

ARR CPP_KISS blockSize: 32 executionTime: 0.012656 0.006146 0.005833 0.005677 0.005989 0.005938 0.005573 0.005625 0.005468 0.005625 0.005469 0.005677 0.005417 0.005521 0.00552 0.005677 0.005417 0.005781 0.005625 0.005313 0.00625 0.005521 0.005572 0.00552 0.005312 0.005416 0.006406 0.006198 0.005677 0.005781 

ARR CPP_KISS blockSize: 64 executionTime: 0.010834 0.007239 0.006927 0.006615 0.006823 0.006667 0.006875 0.007605 0.007813 0.006823 0.006875 0.006823 0.006614 0.006667 0.007239 0.008437 0.006771 0.006928 0.007188 0.006614 0.007136 0.006823 0.006823 0.00677 0.006614 0.006771 0.006928 0.006667 0.006667 0.006667 

ARR CPP_KISS blockSize: 128 executionTime: 0.028073 0.013282 0.013594 0.013802 0.012917 0.013489 0.013073 0.012708 0.012864 0.012916 0.012656 0.049531 0.013021 0.012709 0.0125 0.01276 0.013386 0.012709 0.013021 0.012969 0.012865 0.012761 0.013594 0.013333 0.013958 0.012969 0.013334 0.012604 0.012865 0.012969 

ARR CPP_KISS blockSize: 256 executionTime: 0.040729 0.019843 0.019791 0.018594 0.018437 0.018438 0.019688 0.018385 0.019583 0.018906 0.019114 0.019323 0.018594 0.019271 0.01875 0.019114 0.019114 0.018698 0.018385 0.01875 0.018125 0.022188 0.020104 0.020209 0.020729 0.019166 0.019635 0.019375 0.018958 0.019739 

ARR CPP_KISS blockSize: 512 executionTime: 0.077031 0.04901 0.046458 0.045365 0.045209 0.045312 0.046927 0.046875 0.04849 0.049166 0.048021 0.047448 0.047135 0.046927 0.05 0.049271 0.045782 0.049114 0.047135 0.0475 0.046927 0.046354 0.046615 0.048125 0.045625 0.049167 0.04901 0.045469 0.046458 0.047032 

ARR CPP_KISS blockSize: 1024 executionTime: 0.108542 0.076927 0.074688 0.074427 0.072917 0.076094 0.074531 0.081666 0.078073 0.080365 0.080468 0.082709 0.079895 0.08177 0.083594 0.079791 0.074375 0.07224 0.076563 0.075052 0.077448 0.073333 0.080156 0.077812 0.074583 0.072135 0.074531 0.075937 0.073854 0.073333 

ARR CPP_KISS blockSize: 2048 executionTime: 0.267448 0.201407 0.195625 0.189844 0.19724 0.197552 0.236094 0.237396 0.211979 0.2375 0.230989 0.241979 0.233697 0.250469 0.244375 0.219584 0.205937 0.230937 0.246511 0.238073 0.234844 0.224375 0.219531 0.239791 0.214844 0.267396 0.226407 0.235104 0.225729 0.269219 

ARR CPP_KISS blockSize: 4096 executionTime: 0.607865 0.627708 0.577344 0.564636 0.555521 0.684427 0.811458 0.757188 0.699948 0.712916 0.675209 0.693646 0.666927 0.576354 0.588594 0.550573 0.506146 0.472448 0.509479 0.491979 0.480365 0.490364 0.498594 0.5025 0.503437 0.539792 0.501823 0.496198 0.48 0.497188 

ARR CPP_KISS blockSize: 8192 executionTime: 1.303542 1.074843 1.111979 1.056406 1.055 1.049479 1.050105 1.047812 1.043021 1.254427 1.085989 1.077865 1.084479 1.185678 1.217083 1.112553 1.092605 1.112708 1.109531 1.078073 1.08276 1.051355 1.0725 1.137605 1.129063 1.154896 1.118698 1.094011 1.123074 1.133073 

ARR CPP_KISS blockSize: 16384 executionTime: 2.903802 2.38125 2.701146 3.619479 5.272604 3.036875 2.392344 2.337501 2.326823 2.325885 2.373594 2.329219 2.293021 2.270573 2.348802 2.291355 2.350469 2.368073 2.405625 2.404062 2.404948 2.353802 2.367187 2.430053 2.377917 2.528489 2.437656 2.503698 2.535157 4.366199 

ARR CPP_KISS blockSize: 32768 executionTime: 9.284792 7.36172 7.005053 6.884115 7.276147 7.051042 6.982709 7.543438 7.821355 7.905105 7.725626 7.829792 12.487241 7.047657 6.760105 7.109792 7.188386 6.772709 8.073751 7.669949 7.003334 6.831719 7.562605 12.242918 6.801771 6.672396 7.02474 7.205678 7.154793 6.89172 

ARR CPP_KISS blockSize: 65536 executionTime: 17.904637 21.605211 15.023075 15.453387 16.054793 16.13172 18.851929 14.139533 15.387397 15.590054 13.953334 14.357554 15.677866 15.432554 18.252606 20.075106 14.387241 14.417397 17.267241 19.225106 19.665887 24.133075 14.517293 18.756877 20.425679 15.863647 16.066564 22.613388 14.923699 14.637293 

ARR CPP_KISS blockSize: 131072 executionTime: 43.477764 39.477816 45.495317 36.834535 39.139014 36.931566 37.390003 38.313858 38.317608 38.081618 39.365316 39.199899 37.872712 41.142973 36.750108 39.208753 37.203702 38.069952 39.006202 37.761254 38.244118 42.630316 37.793546 38.100421 38.745108 37.015941 37.971671 38.630055 38.108233 37.131305 

ARR CPP_KISS blockSize: 262144 executionTime: 94.593552 86.256415 91.009436 89.399176 87.912248 87.793863 85.57506 88.220582 88.588186 86.27631 88.766519 90.840478 87.12704 88.15954 88.500217 87.550425 88.852301 87.706623 87.898759 87.618082 91.35053 88.276624 87.581832 89.608134 88.867769 88.275269 88.617509 87.934279 88.850946 87.515894 

ARR CPP_NEON_Recursive blockSize: 16 executionTime: 0.023021 0.009895 0.007448 0.006719 0.009427 0.007031 0.006406 0.007135 0.009323 0.007031 0.008125 0.007344 0.007187 0.007604 0.006406 0.007031 0.008593 0.014896 0.006927 0.007448 0.007135 0.006615 0.011563 0.007187 0.007135 0.006979 0.006719 0.00724 0.007969 0.006666 

ARR CPP_NEON_Recursive blockSize: 32 executionTime: 0.01573 0.011198 0.013177 0.011927 0.009583 0.010885 0.013802 0.010573 0.009479 0.01 0.009792 0.011146 0.010677 0.013438 0.012604 0.012239 0.009635 0.010052 0.011041 0.011718 0.014062 0.013334 0.00974 0.0125 0.009844 0.015053 0.030885 0.012396 0.010885 0.012448 

ARR CPP_NEON_Recursive blockSize: 64 executionTime: 0.025261 0.017916 0.016303 0.016667 0.018593 0.027656 0.018541 0.017604 0.017135 0.016354 0.017083 0.016355 0.016406 0.015989 0.018281 0.015417 0.015834 0.014739 0.015364 0.017291 0.015312 0.019218 0.018541 0.016875 0.015989 0.015781 0.017396 0.019323 0.015469 0.015989 

ARR CPP_NEON_Recursive blockSize: 128 executionTime: 0.045157 0.030313 0.027604 0.02875 0.026562 0.02875 0.027656 0.036666 0.025885 0.029792 0.03276 0.029167 0.029479 0.031928 0.027031 0.026093 0.028906 0.0275 0.028437 0.026093 0.028281 0.034271 0.035468 0.042396 0.026927 0.032552 0.028177 0.026511 0.026562 0.036719 

ARR CPP_NEON_Recursive blockSize: 256 executionTime: 0.060156 0.049115 0.048021 0.048073 0.04901 0.054322 0.0475 0.058333 0.048281 0.05948 0.053802 0.054166 0.047656 0.061459 0.049792 0.059479 0.056198 0.055729 0.051719 0.05099 0.050156 0.060312 0.049219 0.052031 0.051823 0.054896 0.051093 0.056198 0.050261 0.056406 

ARR CPP_NEON_Recursive blockSize: 512 executionTime: 0.129011 0.143125 0.103906 0.126875 0.099322 0.108229 0.11349 0.109948 0.104375 0.107083 0.107708 0.116511 0.102968 0.170052 0.109584 0.099427 0.095573 0.100312 0.096406 0.097657 0.095938 0.096875 0.095833 0.106927 0.093959 0.09875 0.096041 0.095208 0.102865 0.132239 

ARR CPP_NEON_Recursive blockSize: 1024 executionTime: 0.188541 0.18349 0.184844 0.18026 0.179115 0.183385 0.176198 0.228958 0.180625 0.176302 0.182031 0.183959 0.177812 0.179635 0.18474 0.177968 0.212344 0.186093 0.177968 0.180156 0.180416 0.180834 0.182031 0.183698 0.180572 0.180677 0.181614 0.185156 0.178906 0.185312 

ARR CPP_NEON_Recursive blockSize: 2048 executionTime: 0.362343 0.345365 0.343542 0.364531 0.36849 0.360937 0.454115 0.357395 0.345469 0.36375 0.373229 0.365365 0.361771 0.358073 0.355417 0.352708 0.343959 0.348594 0.344479 0.364375 0.357031 0.367552 0.360364 0.420989 0.365 0.355364 0.739636 0.367188 0.351354 0.361719 

ARR CPP_NEON_Recursive blockSize: 4096 executionTime: 0.787136 0.778802 0.748333 0.739844 0.741094 0.731928 0.760521 0.728803 0.770521 0.744167 0.791458 0.752657 0.746354 0.760052 0.728802 0.799948 0.739062 0.800573 0.752083 0.816875 3.899375 0.791771 0.789844 0.780052 0.770989 0.810052 0.787969 0.770573 0.758281 0.748386 

ARR CPP_NEON_Recursive blockSize: 8192 executionTime: 2.055052 1.572292 1.692344 1.640469 1.645781 1.644584 1.645208 1.657291 1.661771 1.638125 1.565677 1.518542 1.489687 1.485104 1.499063 1.521615 1.525521 1.476979 1.482396 1.497083 1.497031 1.581198 1.526615 1.511615 1.559271 1.564479 1.536979 1.554167 1.519896 1.498229 

ARR CPP_NEON_Recursive blockSize: 16384 executionTime: 3.331406 3.301771 3.23047 3.251042 3.080625 3.307709 3.239844 3.129011 3.241615 3.542449 3.246511 3.191147 3.209896 3.322761 3.237188 3.143959 3.259792 3.649844 3.250573 3.808229 3.652813 3.956875 3.123073 3.159271 3.323073 3.243855 3.083073 3.216094 3.224323 3.228022 

ARR CPP_NEON_Recursive blockSize: 32768 executionTime: 7.142345 6.70099 6.62448 6.584896 6.816407 6.456043 6.299272 6.467136 7.121459 6.946303 8.397449 8.534688 6.76823 6.670574 6.767605 6.661355 6.401198 6.457136 6.615678 7.09698 7.024168 7.219011 7.284845 8.119324 8.105261 10.425158 8.327501 6.81948 7.69172 8.063282 

ARR CPP_NEON_Recursive blockSize: 65536 executionTime: 14.276772 14.776147 14.849168 14.634636 14.735731 18.415992 14.36172 15.218386 14.625158 15.48172 14.944637 18.111513 14.403751 15.028804 14.846564 14.938908 19.032971 15.691565 15.786043 15.860575 16.871773 15.990158 15.802502 15.987189 15.833387 18.02646 18.297918 13.916303 13.909533 13.90547 

ARR CPP_NEON_Recursive blockSize: 131072 executionTime: 36.565264 32.224326 34.986358 31.324534 32.435681 32.584066 34.848649 31.739586 32.039118 32.735055 31.73667 35.146775 33.103961 31.335159 33.939222 34.981201 33.19443 40.556931 48.662922 50.549589 46.819224 50.555734 47.523911 45.933338 48.170213 43.799379 45.090577 44.932244 45.341515 46.668338 

ARR CPP_NEON_Recursive blockSize: 262144 executionTime: 116.458554 122.336627 117.201626 115.065376 108.590063 108.970688 117.250116 124.558293 113.131209 115.929074 111.410427 100.200896 90.944331 92.655999 87.247196 89.844175 93.038916 87.094957 91.234436 90.012405 85.989383 90.473498 88.674124 88.55303 90.466363 91.815687 86.914332 90.077717 95.643031 87.729801 

ARR CPP_NEON_Iterative blockSize: 16 executionTime: 0.011563 0.004739 0.006042 0.004584 0.004011 0.003958 0.004167 0.004584 0.004062 0.003906 0.004011 0.005104 0.004375 0.004323 0.004115 0.004375 0.003907 0.004219 0.003854 0.004166 0.004323 0.003802 0.004323 0.003906 0.004375 0.003958 0.009427 0.004427 0.003906 0.00401 

ARR CPP_NEON_Iterative blockSize: 32 executionTime: 0.009375 0.005 0.004687 0.004792 0.004791 0.00573 0.004636 0.004323 0.00474 0.004271 0.004948 0.004271 0.004688 0.004583 0.004479 0.004375 0.004687 0.004896 0.004844 0.005052 0.004427 0.004843 0.004844 0.004844 0.004636 0.004531 0.004427 0.004636 0.004948 0.004947 

ARR CPP_NEON_Iterative blockSize: 64 executionTime: 0.013386 0.006042 0.006459 0.00625 0.005573 0.006458 0.006041 0.006094 0.006198 0.005729 0.005468 0.006198 0.005573 0.005729 0.005417 0.007448 0.005469 0.00625 0.005365 0.005208 0.006146 0.005781 0.007344 0.006354 0.006406 0.00599 0.007708 0.006458 0.005834 0.006666 

ARR CPP_NEON_Iterative blockSize: 128 executionTime: 0.019895 0.010938 0.009479 0.018073 0.010364 0.009896 0.008541 0.009271 0.009532 0.00974 0.008489 0.008177 0.008542 0.009375 0.009792 0.008646 0.009271 0.009271 0.008021 0.008386 0.008437 0.009114 0.009532 0.00901 0.009271 0.008854 0.009011 0.008906 0.008906 0.009063 

ARR CPP_NEON_Iterative blockSize: 256 executionTime: 0.021823 0.015365 0.013854 0.014375 0.013802 0.014063 0.014063 0.014115 0.013646 0.01349 0.014114 0.014583 0.016771 0.014427 0.013906 0.014115 0.014843 0.013958 0.014531 0.014219 0.015156 0.014427 0.014323 0.013958 0.013802 0.013958 0.014375 0.013594 0.014636 0.014427 

ARR CPP_NEON_Iterative blockSize: 512 executionTime: 0.043907 0.034896 0.033958 0.033854 0.034375 0.031927 0.031198 0.03724 0.032604 0.032761 0.031927 0.032604 0.033125 0.03375 0.033281 0.0325 0.033698 0.033073 0.033282 0.032396 0.034271 0.034479 0.032604 0.033021 0.032135 0.040104 0.036823 0.033282 0.0325 0.033229 

ARR CPP_NEON_Iterative blockSize: 1024 executionTime: 0.081041 0.069636 0.066875 0.064167 0.067812 0.070261 0.07125 0.065833 0.062448 0.06 0.062604 0.063438 0.066302 0.077084 0.089479 0.079896 0.089271 0.091198 0.072031 0.072917 0.066406 0.084271 0.085052 0.077032 0.084583 0.083021 0.081823 0.084323 0.082865 0.088542 

ARR CPP_NEON_Iterative blockSize: 2048 executionTime: 0.211563 0.185833 0.163906 0.215521 0.18974 0.186146 0.182084 0.191354 0.180417 0.154479 0.146094 0.165833 0.155573 0.151823 0.149479 0.153698 0.158021 0.155 0.161823 0.151198 0.145886 0.149063 0.159531 0.138333 0.141979 0.130729 0.148594 0.13375 0.132083 0.135625 

ARR CPP_NEON_Iterative blockSize: 4096 executionTime: 0.465938 0.395782 0.501198 0.502396 0.480625 0.472448 0.525365 0.526875 0.510208 0.462916 0.483125 0.516563 0.506823 0.459739 0.593125 0.432864 0.336354 0.380157 0.313437 0.356407 0.312604 0.317396 0.328073 0.308854 0.36526 0.299635 0.302031 0.331823 0.307761 0.291042 

ARR CPP_NEON_Iterative blockSize: 8192 executionTime: 1.0425 1.036927 1.006667 0.989062 0.983281 0.946146 0.954896 0.888438 0.926459 1.006875 1.004844 0.936407 0.963907 0.944375 0.971823 1.01224 0.984792 0.935104 0.948594 0.929948 0.941302 0.926042 1.011979 0.965989 0.965833 0.955834 0.971041 0.958855 0.98401 0.961927 

ARR CPP_NEON_Iterative blockSize: 16384 executionTime: 2.099375 2.029323 2.109792 2.059584 2.013959 2.547136 2.02651 2.086459 2.021354 2.249791 2.167292 1.971198 1.937188 1.9 1.908698 1.99073 1.996979 1.933073 1.88375 1.965938 1.922657 1.908594 1.946042 1.972083 2.234792 2.068594 1.949011 1.954843 2.106823 2.002032 

ARR CPP_NEON_Iterative blockSize: 32768 executionTime: 4.037032 3.950886 4.495469 4.193646 3.912917 5.316407 3.88276 3.80599 3.79901 4.032397 4.109375 3.844479 3.986719 4.100157 4.104948 3.91224 4.065782 3.747397 4.009792 3.829844 5.524011 4.062605 3.785156 3.862761 3.895365 3.993334 3.982448 4.066876 3.965678 3.864167 

ARR CPP_NEON_Iterative blockSize: 65536 executionTime: 9.878022 10.001615 9.040574 9.118646 9.217865 9.166564 8.944168 8.933126 8.998855 9.367553 12.972345 12.083855 12.034636 11.52448 11.25922 11.188335 11.924637 12.515314 13.096512 11.685678 12.264792 11.474845 11.683022 11.669428 12.22422 12.19349 13.665575 11.737813 12.261877 12.125939 

ARR CPP_NEON_Iterative blockSize: 131072 executionTime: 32.826305 32.726462 29.858649 30.285159 35.117764 44.174015 31.204326 32.36042 33.369482 30.653649 32.011878 34.557816 30.745471 31.369431 33.491566 37.684743 38.560525 33.859118 35.502296 37.634587 36.115317 34.501149 33.309952 35.950577 44.543911 34.004378 34.477034 37.23318 31.318024 32.473702 

ARR CPP_NEON_Iterative blockSize: 262144 executionTime: 73.958914 82.866571 73.104278 77.31808 72.201153 84.229852 83.033081 82.953966 88.568551 82.820894 69.165945 64.273757 58.500526 64.700163 70.230476 59.862923 58.432975 55.789276 65.141673 72.231465 65.873965 58.207506 60.608756 60.829589 58.719953 76.251206 78.077976 70.405892 80.187247 75.761726 

