numTests 5
JNI 1_Benchmark_no_params blockSize: 16 executionTime: 15.834 3.854 3.073 2.865 2.656 

JNI 1_Benchmark_no_params blockSize: 32 executionTime: 4.01 2.76 2.761 3.229 2.864 

JNI 1_Benchmark_no_params blockSize: 64 executionTime: 3.385 2.709 2.761 2.761 2.709 

JNI 1_Benchmark_no_params blockSize: 128 executionTime: 2.812 2.761 3.021 2.76 2.656 

JNI 1_Benchmark_no_params blockSize: 256 executionTime: 3.646 3.542 2.761 2.76 2.761 

JNI 1_Benchmark_no_params blockSize: 512 executionTime: 3.021 2.917 2.76 2.968 2.708 

JNI 1_Benchmark_no_params blockSize: 1024 executionTime: 3.125 2.865 3.177 2.761 3.125 

JNI 1_Benchmark_no_params blockSize: 2048 executionTime: 2.813 2.76 2.812 2.761 2.813 

JNI 1_Benchmark_no_params blockSize: 4096 executionTime: 4.948 2.708 2.968 2.76 2.708 

JNI 1_Benchmark_no_params blockSize: 8192 executionTime: 3.125 2.708 9.219 3.594 2.761 

JNI 1_Benchmark_no_params blockSize: 16384 executionTime: 3.594 2.812 2.812 2.969 2.969 

JNI 1_Benchmark_no_params blockSize: 32768 executionTime: 2.916 2.656 2.708 3.281 4.896 

JNI 1_Benchmark_no_params blockSize: 65536 executionTime: 4.74 2.812 7.396 9.948 2.604 

JNI 1_Benchmark_no_params blockSize: 131072 executionTime: 2.917 2.709 2.708 2.656 2.812 

JNI 1_Benchmark_no_params blockSize: 262144 executionTime: 3.282 2.76 2.657 2.604 2.76 

JNI 2_Benchmark_vector blockSize: 16 executionTime: 4.636 3.594 3.489 3.49 3.437 

JNI 2_Benchmark_vector blockSize: 32 executionTime: 4.583 3.438 3.438 3.281 3.333 

JNI 2_Benchmark_vector blockSize: 64 executionTime: 3.646 3.437 5.99 3.75 3.49 

JNI 2_Benchmark_vector blockSize: 128 executionTime: 3.802 3.906 3.437 3.333 3.489 

JNI 2_Benchmark_vector blockSize: 256 executionTime: 5.834 3.75 3.697 3.489 3.542 

JNI 2_Benchmark_vector blockSize: 512 executionTime: 3.906 3.802 3.802 5.833 4.427 

JNI 2_Benchmark_vector blockSize: 1024 executionTime: 4.479 3.75 3.802 3.906 4.375 

JNI 2_Benchmark_vector blockSize: 2048 executionTime: 4.74 4.74 4.323 4.583 6.25 

JNI 2_Benchmark_vector blockSize: 4096 executionTime: 7.291 6.354 4.636 4.167 5.313 

JNI 2_Benchmark_vector blockSize: 8192 executionTime: 6.406 6.198 5.938 12.135 12.135 

JNI 2_Benchmark_vector blockSize: 16384 executionTime: 7.344 7.917 10.104 9.74 10.886 

JNI 2_Benchmark_vector blockSize: 32768 executionTime: 16.093 7.969 11.719 9.791 12.917 

JNI 2_Benchmark_vector blockSize: 65536 executionTime: 16.511 11.615 10.99 13.073 71.98 

JNI 2_Benchmark_vector blockSize: 131072 executionTime: 12.448 15.833 12.813 12.864 25.365 

JNI 2_Benchmark_vector blockSize: 262144 executionTime: 20.573 18.593 23.958 21.771 26.875 

JNI 3_Benchmark_convert blockSize: 16 executionTime: 13.593 6.406 5.99 5.729 5.573 

JNI 3_Benchmark_convert blockSize: 32 executionTime: 6.041 5.781 5.625 5.677 5.521 

JNI 3_Benchmark_convert blockSize: 64 executionTime: 6.563 6.562 5.677 5.729 5.833 

JNI 3_Benchmark_convert blockSize: 128 executionTime: 5.833 5.833 5.469 5.52 5.99 

JNI 3_Benchmark_convert blockSize: 256 executionTime: 6.51 5.885 5.833 5.625 54.271 

JNI 3_Benchmark_convert blockSize: 512 executionTime: 6.771 6.198 5.781 5.729 5.833 

JNI 3_Benchmark_convert blockSize: 1024 executionTime: 6.25 5.781 7.865 6.459 5.937 

JNI 3_Benchmark_convert blockSize: 2048 executionTime: 10.417 8.594 8.125 6.667 9.739 

JNI 3_Benchmark_convert blockSize: 4096 executionTime: 11.51 10.469 11.511 9.115 11.458 

JNI 3_Benchmark_convert blockSize: 8192 executionTime: 46.406 11.094 11.771 20.209 21.145 

JNI 3_Benchmark_convert blockSize: 16384 executionTime: 18.281 12.292 12.709 14.271 10.99 

JNI 3_Benchmark_convert blockSize: 32768 executionTime: 11.875 11.875 8.594 12.187 11.041 

JNI 3_Benchmark_convert blockSize: 65536 executionTime: 23.646 17.604 20.26 16.979 15.156 

JNI 3_Benchmark_convert blockSize: 131072 executionTime: 30.782 50.677 27.76 18.489 43.437 

JNI 3_Benchmark_convert blockSize: 262144 executionTime: 31.198 23.542 24.323 26.927 30.104 

JNI 4_Benchmark_Columbia blockSize: 16 executionTime: 14.271 7.552 7.291 7.187 7.031 

JNI 4_Benchmark_Columbia blockSize: 32 executionTime: 8.438 7.292 7.188 7.083 6.927 

JNI 4_Benchmark_Columbia blockSize: 64 executionTime: 8.854 7.448 7.083 7.447 8.281 

JNI 4_Benchmark_Columbia blockSize: 128 executionTime: 8.177 17.76 8.75 12.083 15.833 

JNI 4_Benchmark_Columbia blockSize: 256 executionTime: 12.813 8.75 10.417 9.427 8.177 

JNI 4_Benchmark_Columbia blockSize: 512 executionTime: 13.229 28.906 20.261 7.968 7.708 

JNI 4_Benchmark_Columbia blockSize: 1024 executionTime: 10.156 8.698 8.073 11.718 9.74 

JNI 4_Benchmark_Columbia blockSize: 2048 executionTime: 13.177 16.771 17.083 13.906 14.167 

JNI 4_Benchmark_Columbia blockSize: 4096 executionTime: 19.479 11.98 10.417 9.896 12.188 

JNI 4_Benchmark_Columbia blockSize: 8192 executionTime: 19.843 16.146 8.073 7.864 12.239 

JNI 4_Benchmark_Columbia blockSize: 16384 executionTime: 12.396 15.104 10.416 18.802 11.354 

JNI 4_Benchmark_Columbia blockSize: 32768 executionTime: 11.25 13.49 17.292 24.636 14.948 

JNI 4_Benchmark_Columbia blockSize: 65536 executionTime: 25.99 25.156 24.688 22.083 42.812 

JNI 4_Benchmark_Columbia blockSize: 131072 executionTime: 27.552 31.406 67.24 37.865 73.698 

JNI 4_Benchmark_Columbia blockSize: 262144 executionTime: 36.667 41.667 40.677 39.219 43.489 

FFT Java_Princeton_Iterative blockSize: 16 executionTime: 0.258282 0.191667 0.170573 0.171927 0.175782 

FFT Java_Princeton_Iterative blockSize: 32 executionTime: 0.421459 0.383021 0.291719 0.316459 0.309218 

FFT Java_Princeton_Iterative blockSize: 64 executionTime: 0.701771 0.665729 0.70349 0.065469 0.059479 

FFT Java_Princeton_Iterative blockSize: 128 executionTime: 0.138021 0.133333 0.133958 0.1475 0.12849 

FFT Java_Princeton_Iterative blockSize: 256 executionTime: 0.343698 0.287291 0.289688 0.298281 0.317292 

FFT Java_Princeton_Iterative blockSize: 512 executionTime: 0.904531 0.760938 0.790782 0.865626 0.776146 

FFT Java_Princeton_Iterative blockSize: 1024 executionTime: 1.731563 1.926771 2.420938 1.917448 2.01651 

FFT Java_Princeton_Iterative blockSize: 2048 executionTime: 4.36776 4.029479 4.281927 4.001146 4.575417 

FFT Java_Princeton_Iterative blockSize: 4096 executionTime: 9.584792 10.084793 13.041616 12.476512 8.476407 

FFT Java_Princeton_Iterative blockSize: 8192 executionTime: 18.422867 19.454429 20.813648 26.562451 27.996357 

FFT Java_Princeton_Iterative blockSize: 16384 executionTime: 47.438025 62.983027 54.521568 49.62787 72.270372 

FFT Java_Princeton_Iterative blockSize: 32768 executionTime: 150.490536 141.98064 146.573035 144.833192 151.497098 

FFT Java_Princeton_Iterative blockSize: 65536 executionTime: 365.939515 365.230349 393.192591 371.991235 389.309674 

FFT Java_Princeton_Iterative blockSize: 131072 executionTime: 824.005863 813.064561 798.068413 857.494409 857.692846 

FFT Java_Princeton_Iterative blockSize: 262144 executionTime: 1750.134705 1837.61461 1961.326602 1831.46086 1820.522056 

FFT Java_Princeton_Recursive blockSize: 16 executionTime: 0.266667 0.174531 0.164062 0.189427 0.16073 

FFT Java_Princeton_Recursive blockSize: 32 executionTime: 0.360833 0.411927 0.361146 0.383594 0.388385 

FFT Java_Princeton_Recursive blockSize: 64 executionTime: 0.850104 1.100626 1.019219 1.451407 1.02776 

FFT Java_Princeton_Recursive blockSize: 128 executionTime: 2.202813 2.22651 2.444167 0.420208 0.465208 

FFT Java_Princeton_Recursive blockSize: 256 executionTime: 0.941198 1.481771 1.929167 1.106875 1.129323 

FFT Java_Princeton_Recursive blockSize: 512 executionTime: 3.482135 5.023542 4.671146 4.451927 4.232657 

FFT Java_Princeton_Recursive blockSize: 1024 executionTime: 6.199323 4.934271 3.553229 3.610938 3.173959 

FFT Java_Princeton_Recursive blockSize: 2048 executionTime: 7.19474 6.476459 6.610573 6.601094 6.544897 

FFT Java_Princeton_Recursive blockSize: 4096 executionTime: 14.188283 19.970783 32.087659 15.167397 14.013699 

FFT Java_Princeton_Recursive blockSize: 8192 executionTime: 31.160419 59.994068 32.092816 41.324275 45.923963 

FFT Java_Princeton_Recursive blockSize: 16384 executionTime: 94.409228 91.247196 92.786312 89.790582 93.63704 

FFT Java_Princeton_Recursive blockSize: 32768 executionTime: 208.948146 214.732001 221.686741 205.281114 176.110278 

FFT Java_Princeton_Recursive blockSize: 65536 executionTime: 417.442438 431.195981 427.600356 472.642963 431.642907 

FFT Java_Princeton_Recursive blockSize: 131072 executionTime: 899.859516 888.386755 869.283524 923.875874 963.707075 

FFT Java_Princeton_Recursive blockSize: 262144 executionTime: 2012.54343 1921.679097 2036.156974 2014.24843 2082.082915 

FFT Java_Columbia_Iterative blockSize: 16 executionTime: 0.024687 0.021042 0.019323 0.019375 0.019167 

FFT Java_Columbia_Iterative blockSize: 32 executionTime: 0.04 0.03875 0.039115 0.039791 0.040208 

FFT Java_Columbia_Iterative blockSize: 64 executionTime: 0.085 0.084896 0.084011 0.084479 0.084375 

FFT Java_Columbia_Iterative blockSize: 128 executionTime: 0.185052 0.183645 0.191719 0.185469 0.221458 

FFT Java_Columbia_Iterative blockSize: 256 executionTime: 0.410261 0.436927 0.400052 0.404011 0.402032 

FFT Java_Columbia_Iterative blockSize: 512 executionTime: 0.932865 0.942813 0.930729 0.996719 1.412865 

FFT Java_Columbia_Iterative blockSize: 1024 executionTime: 0.129583 0.140157 0.073438 0.071406 0.070573 

FFT Java_Columbia_Iterative blockSize: 2048 executionTime: 0.251302 0.183959 0.241979 0.272239 0.280313 

FFT Java_Columbia_Iterative blockSize: 4096 executionTime: 0.618542 0.61776 0.586251 0.646459 0.664114 

FFT Java_Columbia_Iterative blockSize: 8192 executionTime: 1.742292 1.783229 1.72125 1.625625 1.796667 

FFT Java_Columbia_Iterative blockSize: 16384 executionTime: 4.632501 4.423699 5.621459 4.947292 5.297553 

FFT Java_Columbia_Iterative blockSize: 32768 executionTime: 6.982918 7.053178 6.581511 6.665834 7.041928 

FFT Java_Columbia_Iterative blockSize: 65536 executionTime: 17.109377 17.933335 22.040835 17.679064 16.970158 

FFT Java_Columbia_Iterative blockSize: 131072 executionTime: 69.638184 66.728028 88.807197 68.70584 156.853922 

FFT Java_Columbia_Iterative blockSize: 262144 executionTime: 233.571794 330.713471 245.604035 349.441128 236.410753 

FFT CPP_Princeton_Iterative blockSize: 16 executionTime: 0.064114 0.021928 0.02125 0.020886 0.020104 

FFT CPP_Princeton_Iterative blockSize: 32 executionTime: 0.045417 0.032292 0.031563 0.031615 0.031563 

FFT CPP_Princeton_Iterative blockSize: 64 executionTime: 0.059219 0.055469 0.05474 0.055365 0.054271 

FFT CPP_Princeton_Iterative blockSize: 128 executionTime: 0.116667 0.10625 0.105833 0.112135 0.106823 

FFT CPP_Princeton_Iterative blockSize: 256 executionTime: 0.226302 0.219323 0.227187 0.219479 0.216511 

FFT CPP_Princeton_Iterative blockSize: 512 executionTime: 0.466198 0.468333 0.451041 0.484739 0.454219 

FFT CPP_Princeton_Iterative blockSize: 1024 executionTime: 0.991094 1.006198 0.962604 0.967864 0.98224 

FFT CPP_Princeton_Iterative blockSize: 2048 executionTime: 2.20474 2.23375 2.25573 2.258958 2.257761 

FFT CPP_Princeton_Iterative blockSize: 4096 executionTime: 5.027396 5.011876 5.126563 5.181094 5.020625 

FFT CPP_Princeton_Iterative blockSize: 8192 executionTime: 12.080522 10.840209 10.261147 10.182032 10.292918 

FFT CPP_Princeton_Iterative blockSize: 16384 executionTime: 21.678283 21.999637 22.155471 22.440991 22.092033 

FFT CPP_Princeton_Iterative blockSize: 32768 executionTime: 47.132297 48.153182 47.248807 47.06037 47.106411 

FFT CPP_Princeton_Iterative blockSize: 65536 executionTime: 101.615843 102.947302 104.938448 100.740114 99.67928 

FFT CPP_Princeton_Iterative blockSize: 131072 executionTime: 272.029506 282.588517 276.304663 253.407057 252.557265 

FFT CPP_Princeton_Iterative blockSize: 262144 executionTime: 792.450912 714.770488 784.760286 831.670239 801.781903 

FFT CPP_Princeton_Recursive blockSize: 16 executionTime: 0.10526 0.058698 0.06125 0.054896 0.055104 

FFT CPP_Princeton_Recursive blockSize: 32 executionTime: 0.11724 0.110208 0.106771 0.106094 0.110625 

FFT CPP_Princeton_Recursive blockSize: 64 executionTime: 0.224271 0.266354 0.219167 0.216771 0.222709 

FFT CPP_Princeton_Recursive blockSize: 128 executionTime: 0.46026 0.453802 0.452031 0.454062 0.488021 

FFT CPP_Princeton_Recursive blockSize: 256 executionTime: 0.944792 0.932292 0.922552 0.97651 0.929479 

FFT CPP_Princeton_Recursive blockSize: 512 executionTime: 1.960157 1.897396 1.934375 1.937864 1.898073 

FFT CPP_Princeton_Recursive blockSize: 1024 executionTime: 4.035938 3.888177 3.918906 3.967657 3.911719 

FFT CPP_Princeton_Recursive blockSize: 2048 executionTime: 8.354323 8.14349 8.065782 8.035521 8.101043 

FFT CPP_Princeton_Recursive blockSize: 4096 executionTime: 17.180523 17.24672 17.294272 17.094637 17.215002 

FFT CPP_Princeton_Recursive blockSize: 8192 executionTime: 36.98365 36.724587 36.572295 37.54641 37.533546 

FFT CPP_Princeton_Recursive blockSize: 16384 executionTime: 77.93881 77.790268 77.516258 77.427299 78.075633 

FFT CPP_Princeton_Recursive blockSize: 32768 executionTime: 164.672361 166.07809 164.725589 160.641943 160.468974 

FFT CPP_Princeton_Recursive blockSize: 65536 executionTime: 342.667065 352.5604 340.817898 354.147274 347.244201 

FFT CPP_Princeton_Recursive blockSize: 131072 executionTime: 736.75523 704.59731 743.294189 731.842729 746.574866 

FFT CPP_Princeton_Recursive blockSize: 262144 executionTime: 1523.219422 1556.144374 1542.916404 1534.377236 1557.741301 

FFT CPP_Columbia_Iterative blockSize: 16 executionTime: 0.024948 0.011511 0.01125 0.010833 0.010469 

FFT CPP_Columbia_Iterative blockSize: 32 executionTime: 0.014531 0.012344 0.011979 0.012708 0.013073 

FFT CPP_Columbia_Iterative blockSize: 64 executionTime: 0.018385 0.017448 0.019844 0.017969 0.017396 

FFT CPP_Columbia_Iterative blockSize: 128 executionTime: 0.030729 0.030677 0.036979 0.030052 0.031093 

FFT CPP_Columbia_Iterative blockSize: 256 executionTime: 0.054271 0.054791 0.054063 0.053698 0.054063 

FFT CPP_Columbia_Iterative blockSize: 512 executionTime: 0.106615 0.114948 0.11849 0.115104 0.113281 

FFT CPP_Columbia_Iterative blockSize: 1024 executionTime: 0.236354 0.232031 0.241979 0.241458 0.2825 

FFT CPP_Columbia_Iterative blockSize: 2048 executionTime: 0.53599 0.530885 0.567969 0.520886 0.52 

FFT CPP_Columbia_Iterative blockSize: 4096 executionTime: 1.369688 1.343333 1.296979 1.263386 1.289375 

FFT CPP_Columbia_Iterative blockSize: 8192 executionTime: 3.750209 3.723178 3.173177 3.064584 2.816875 

FFT CPP_Columbia_Iterative blockSize: 16384 executionTime: 6.117344 6.137605 6.055417 6.228438 6.288646 

FFT CPP_Columbia_Iterative blockSize: 32768 executionTime: 13.967397 13.549428 13.64146 15.211772 13.557293 

FFT CPP_Columbia_Iterative blockSize: 65536 executionTime: 35.497243 36.669118 31.989326 32.078336 34.924535 

FFT CPP_Columbia_Iterative blockSize: 131072 executionTime: 104.367615 112.687771 115.09022 120.375585 110.418605 

FFT CPP_Columbia_Iterative blockSize: 262144 executionTime: 323.373938 334.892169 339.188055 335.5617 330.839096 

FFT CPP_KISS blockSize: 16 executionTime: 0.025885 0.01125 0.010052 0.009531 0.010104 

FFT CPP_KISS blockSize: 32 executionTime: 0.015157 0.013541 0.012552 0.012396 0.012396 

FFT CPP_KISS blockSize: 64 executionTime: 0.020208 0.016718 0.017083 0.01677 0.016823 

FFT CPP_KISS blockSize: 128 executionTime: 0.033438 0.029948 0.02927 0.028385 0.028542 

FFT CPP_KISS blockSize: 256 executionTime: 0.062135 0.050364 0.050677 0.049322 0.049687 

FFT CPP_KISS blockSize: 512 executionTime: 0.128854 0.106354 0.105782 0.152969 0.121666 

FFT CPP_KISS blockSize: 1024 executionTime: 0.228854 0.202708 0.201927 0.201407 0.201407 

FFT CPP_KISS blockSize: 2048 executionTime: 0.527916 0.45974 0.453125 0.504375 0.478854 

FFT CPP_KISS blockSize: 4096 executionTime: 1.073646 1.005208 1.082917 0.984114 0.95276 

FFT CPP_KISS blockSize: 8192 executionTime: 2.695209 2.852344 2.755 2.709011 2.586198 

FFT CPP_KISS blockSize: 16384 executionTime: 5.998855 6.469896 4.389531 4.435157 4.387813 

FFT CPP_KISS blockSize: 32768 executionTime: 11.018334 10.811824 11.269272 11.13297 10.981563 

FFT CPP_KISS blockSize: 65536 executionTime: 26.566565 25.705524 25.017346 28.805888 24.748493 

FFT CPP_KISS blockSize: 131072 executionTime: 66.317663 63.636725 62.113808 62.998965 62.374589 

FFT CPP_KISS blockSize: 262144 executionTime: 149.525848 138.050222 131.871211 134.173347 138.707461 

NEON CPP_Recursive blockSize: 16 executionTime: 0.725 0.046042 0.035 0.030417 0.032656 

NEON CPP_Recursive blockSize: 32 executionTime: 0.044375 0.039531 0.040313 0.044271 0.044531 

NEON CPP_Recursive blockSize: 64 executionTime: 0.082604 0.069688 0.063542 0.062969 0.075729 

NEON CPP_Recursive blockSize: 128 executionTime: 0.110417 0.106979 0.116198 0.094583 0.105104 

NEON CPP_Recursive blockSize: 256 executionTime: 0.191146 0.16 0.160885 0.168906 0.188646 

NEON CPP_Recursive blockSize: 512 executionTime: 0.302708 0.282292 0.300625 0.336355 0.298489 

NEON CPP_Recursive blockSize: 1024 executionTime: 0.563386 0.565886 0.548438 0.531928 0.528438 

NEON CPP_Recursive blockSize: 2048 executionTime: 1.06349 1.014271 1.021094 1.022552 1.007761 

NEON CPP_Recursive blockSize: 4096 executionTime: 2.101458 2.080261 2.116719 2.093698 2.079532 

NEON CPP_Recursive blockSize: 8192 executionTime: 4.242865 4.159948 4.523542 4.261251 4.236355 

NEON CPP_Recursive blockSize: 16384 executionTime: 8.794272 8.764897 8.968282 9.570782 9.608074 

NEON CPP_Recursive blockSize: 32768 executionTime: 21.744273 20.656616 18.525418 17.901147 18.178284 

NEON CPP_Recursive blockSize: 65536 executionTime: 38.96766 38.379326 38.298597 38.502921 38.511722 

NEON CPP_Recursive blockSize: 131072 executionTime: 81.162248 85.499384 83.423707 86.574279 83.616258 

NEON CPP_Recursive blockSize: 262144 executionTime: 190.161217 188.762206 184.861477 191.75554 175.455643 

NEON CPP_Iterative blockSize: 16 executionTime: 0.021302 0.011979 0.01276 0.009844 0.009323 

NEON CPP_Iterative blockSize: 32 executionTime: 0.013906 0.011823 0.010989 0.042605 0.012813 

NEON CPP_Iterative blockSize: 64 executionTime: 0.020208 0.016041 0.017604 0.016979 0.015156 

NEON CPP_Iterative blockSize: 128 executionTime: 0.031822 0.026563 0.024948 0.025573 0.024115 

NEON CPP_Iterative blockSize: 256 executionTime: 0.053438 0.048229 0.046614 0.046771 0.048281 

NEON CPP_Iterative blockSize: 512 executionTime: 0.13776 0.108073 0.111198 0.104584 0.106198 

NEON CPP_Iterative blockSize: 1024 executionTime: 0.2625 0.223282 0.207396 0.218646 0.218959 

NEON CPP_Iterative blockSize: 2048 executionTime: 0.547343 0.570573 0.558437 0.509062 0.577553 

NEON CPP_Iterative blockSize: 4096 executionTime: 1.139063 1.136042 1.164219 1.174635 1.10724 

NEON CPP_Iterative blockSize: 8192 executionTime: 2.525886 2.574167 2.54849 2.5975 2.541303 

NEON CPP_Iterative blockSize: 16384 executionTime: 5.29849 5.280574 5.173699 5.209636 5.049167 

NEON CPP_Iterative blockSize: 32768 executionTime: 10.947084 10.718282 11.348594 10.673751 10.820522 

NEON CPP_Iterative blockSize: 65536 executionTime: 25.196044 25.111618 25.070107 24.809221 24.652867 

NEON CPP_Iterative blockSize: 131072 executionTime: 55.938339 56.239589 70.015476 63.153548 60.431204 

NEON CPP_Iterative blockSize: 262144 executionTime: 124.995898 134.547045 144.156838 145.266837 166.95434 

ARR CPP_Princeton_Iterative blockSize: 16 executionTime: 0.047292 0.023698 0.025417 0.02802 0.022136 

ARR CPP_Princeton_Iterative blockSize: 32 executionTime: 0.038281 0.033281 0.032709 0.031511 0.03401 

ARR CPP_Princeton_Iterative blockSize: 64 executionTime: 0.0625 0.058385 0.061302 0.056458 0.096407 

ARR CPP_Princeton_Iterative blockSize: 128 executionTime: 0.129896 0.11125 0.110469 0.111666 0.109791 

ARR CPP_Princeton_Iterative blockSize: 256 executionTime: 0.23875 0.223281 0.224792 0.226927 0.224375 

ARR CPP_Princeton_Iterative blockSize: 512 executionTime: 0.508854 0.498907 0.480105 0.471458 0.472864 

ARR CPP_Princeton_Iterative blockSize: 1024 executionTime: 1.041146 1.055104 1.050052 1.07401 1.034323 

ARR CPP_Princeton_Iterative blockSize: 2048 executionTime: 2.38224 2.403594 2.326511 2.340938 2.375938 

ARR CPP_Princeton_Iterative blockSize: 4096 executionTime: 5.167708 5.092657 5.116303 5.050105 5.244427 

ARR CPP_Princeton_Iterative blockSize: 8192 executionTime: 10.174219 10.299272 10.237761 10.341564 10.233751 

ARR CPP_Princeton_Iterative blockSize: 16384 executionTime: 22.131252 26.504481 22.189064 21.863752 22.430784 

ARR CPP_Princeton_Iterative blockSize: 32768 executionTime: 47.656203 51.735161 100.803551 96.454176 75.411258 

ARR CPP_Princeton_Iterative blockSize: 65536 executionTime: 140.731941 121.285689 104.998031 124.777513 99.710114 

ARR CPP_Princeton_Iterative blockSize: 131072 executionTime: 323.010137 332.1992 317.370188 325.654876 326.272741 

ARR CPP_Princeton_Iterative blockSize: 262144 executionTime: 811.641747 811.168258 790.937787 767.818826 714.142519 

ARR CPP_Princeton_Recursive blockSize: 16 executionTime: 0.098906 0.06151 0.060208 0.056927 0.054479 

ARR CPP_Princeton_Recursive blockSize: 32 executionTime: 0.134532 0.112968 0.111562 0.111875 0.113177 

ARR CPP_Princeton_Recursive blockSize: 64 executionTime: 0.244166 0.223854 0.219896 0.269114 0.219584 

ARR CPP_Princeton_Recursive blockSize: 128 executionTime: 0.468594 0.462553 0.454062 0.469323 0.448906 

ARR CPP_Princeton_Recursive blockSize: 256 executionTime: 0.946146 0.901979 0.909636 0.936771 0.895677 

ARR CPP_Princeton_Recursive blockSize: 512 executionTime: 1.872553 1.818958 1.866979 1.814114 1.854063 

ARR CPP_Princeton_Recursive blockSize: 1024 executionTime: 3.833073 3.792448 3.832657 3.848229 3.814011 

ARR CPP_Princeton_Recursive blockSize: 2048 executionTime: 7.997709 8.094845 7.960521 7.961875 7.977449 

ARR CPP_Princeton_Recursive blockSize: 4096 executionTime: 17.035575 17.118804 17.102814 17.417241 17.09271 

ARR CPP_Princeton_Recursive blockSize: 8192 executionTime: 35.901046 35.429014 35.546878 35.785211 35.961671 

ARR CPP_Princeton_Recursive blockSize: 16384 executionTime: 76.514487 75.670268 74.536205 73.749851 73.002351 

ARR CPP_Princeton_Recursive blockSize: 32768 executionTime: 159.363662 160.476266 163.101891 158.462516 164.857568 

ARR CPP_Princeton_Recursive blockSize: 65536 executionTime: 349.206025 356.493108 337.77894 351.269254 352.130347 

ARR CPP_Princeton_Recursive blockSize: 131072 executionTime: 705.374966 698.557622 730.817364 704.358143 715.738405 

ARR CPP_Princeton_Recursive blockSize: 262144 executionTime: 1503.052963 1525.92135 1523.866142 1513.616037 1519.287704 

ARR CPP_Columbia_Iterative blockSize: 16 executionTime: 0.029219 0.011406 0.012656 0.010677 0.010469 

ARR CPP_Columbia_Iterative blockSize: 32 executionTime: 0.017657 0.013646 0.0125 0.011979 0.011771 

ARR CPP_Columbia_Iterative blockSize: 64 executionTime: 0.02323 0.017865 0.017604 0.017552 0.04875 

ARR CPP_Columbia_Iterative blockSize: 128 executionTime: 0.034531 0.03073 0.030625 0.030885 0.029167 

ARR CPP_Columbia_Iterative blockSize: 256 executionTime: 0.065364 0.059428 0.060052 0.058125 0.061563 

ARR CPP_Columbia_Iterative blockSize: 512 executionTime: 0.135313 0.122187 0.114636 0.11651 0.113073 

ARR CPP_Columbia_Iterative blockSize: 1024 executionTime: 0.76974 0.24776 0.246042 0.247813 0.255104 

ARR CPP_Columbia_Iterative blockSize: 2048 executionTime: 0.540052 0.560885 0.523489 0.504115 0.587448 

ARR CPP_Columbia_Iterative blockSize: 4096 executionTime: 1.304063 1.333385 1.299844 1.28849 1.205938 

ARR CPP_Columbia_Iterative blockSize: 8192 executionTime: 2.850157 2.749688 2.810156 2.736458 3.035886 

ARR CPP_Columbia_Iterative blockSize: 16384 executionTime: 7.928803 7.195313 9.369272 9.580001 8.284584 

ARR CPP_Columbia_Iterative blockSize: 32768 executionTime: 15.671981 13.400001 15.203231 15.122294 14.329741 

ARR CPP_Columbia_Iterative blockSize: 65536 executionTime: 33.473285 33.969482 33.311045 32.709013 31.810316 

ARR CPP_Columbia_Iterative blockSize: 131072 executionTime: 106.145949 112.389594 124.030325 119.55871 115.156782 

ARR CPP_Columbia_Iterative blockSize: 262144 executionTime: 327.573261 373.441131 334.04269 378.084308 336.773731 

ARR CPP_KISS blockSize: 16 executionTime: 0.027657 0.011459 0.010469 0.010625 0.010833 

ARR CPP_KISS blockSize: 32 executionTime: 0.017969 0.012865 0.014219 0.013854 0.012812 

ARR CPP_KISS blockSize: 64 executionTime: 0.023438 0.017813 0.017552 0.0175 0.0175 

ARR CPP_KISS blockSize: 128 executionTime: 0.041771 0.031146 0.029375 0.029479 0.031614 

ARR CPP_KISS blockSize: 256 executionTime: 0.06625 0.053593 0.053125 0.05151 0.052864 

ARR CPP_KISS blockSize: 512 executionTime: 0.136354 0.111354 0.112083 0.111875 0.1125 

ARR CPP_KISS blockSize: 1024 executionTime: 0.231562 0.203854 0.204531 0.277136 0.213125 

ARR CPP_KISS blockSize: 2048 executionTime: 0.499635 0.46375 0.458177 0.498698 0.4725 

ARR CPP_KISS blockSize: 4096 executionTime: 1.085208 1.002917 1.000052 1.113334 0.961719 

ARR CPP_KISS blockSize: 8192 executionTime: 2.729531 2.505521 2.458021 2.756406 2.693074 

ARR CPP_KISS blockSize: 16384 executionTime: 5.750001 7.011875 4.462605 4.400365 4.437136 

ARR CPP_KISS blockSize: 32768 executionTime: 10.799219 10.864585 11.481147 11.070522 11.216251 

ARR CPP_KISS blockSize: 65536 executionTime: 27.541409 25.869274 25.096253 28.20542 25.570054 

ARR CPP_KISS blockSize: 131072 executionTime: 66.037351 65.214277 62.628809 63.946412 70.106622 

ARR CPP_KISS blockSize: 262144 executionTime: 170.016371 145.969233 142.633192 145.060848 146.962775 

ARR CPP_NEON_Recursive blockSize: 16 executionTime: 0.089479 0.031875 0.917291 0.050729 0.028802 

ARR CPP_NEON_Recursive blockSize: 32 executionTime: 0.043646 0.043855 0.036927 0.03599 0.033594 

ARR CPP_NEON_Recursive blockSize: 64 executionTime: 0.056719 0.058854 0.089739 0.057708 0.053906 

ARR CPP_NEON_Recursive blockSize: 128 executionTime: 0.08974 0.086355 0.0825 0.097708 0.086615 

ARR CPP_NEON_Recursive blockSize: 256 executionTime: 0.156407 0.155938 0.161093 0.167968 0.252031 

ARR CPP_NEON_Recursive blockSize: 512 executionTime: 0.305208 0.30625 0.334375 0.42323 0.323229 

ARR CPP_NEON_Recursive blockSize: 1024 executionTime: 0.631718 0.564635 0.6025 0.585 0.57375 

ARR CPP_NEON_Recursive blockSize: 2048 executionTime: 1.144427 1.088906 1.097657 1.025104 1.010313 

ARR CPP_NEON_Recursive blockSize: 4096 executionTime: 2.119323 2.080938 2.100105 2.083855 2.109115 

ARR CPP_NEON_Recursive blockSize: 8192 executionTime: 4.178959 4.232813 4.269845 4.2075 4.208698 

ARR CPP_NEON_Recursive blockSize: 16384 executionTime: 8.82198 9.016356 8.879844 10.155678 9.735731 

ARR CPP_NEON_Recursive blockSize: 32768 executionTime: 21.672242 19.143543 18.136981 18.311304 18.348179 

ARR CPP_NEON_Recursive blockSize: 65536 executionTime: 39.587764 39.271827 39.080577 42.074275 39.546254 

ARR CPP_NEON_Recursive blockSize: 131072 executionTime: 84.463394 83.575008 85.639175 84.335061 84.084956 

ARR CPP_NEON_Recursive blockSize: 262144 executionTime: 185.269758 188.907258 177.630851 175.588715 175.228507 

ARR CPP_NEON_Iterative blockSize: 16 executionTime: 0.021718 0.009531 0.009063 0.008489 0.008334 

ARR CPP_NEON_Iterative blockSize: 32 executionTime: 0.01198 0.010625 0.010157 0.010104 0.011406 

ARR CPP_NEON_Iterative blockSize: 64 executionTime: 0.016302 0.015572 0.01526 0.014636 0.014323 

ARR CPP_NEON_Iterative blockSize: 128 executionTime: 0.029687 0.025989 0.025365 0.025052 0.025313 

ARR CPP_NEON_Iterative blockSize: 256 executionTime: 0.056145 0.051459 0.049739 0.047656 0.047343 

ARR CPP_NEON_Iterative blockSize: 512 executionTime: 0.120417 0.10901 0.112292 0.106094 0.107032 

ARR CPP_NEON_Iterative blockSize: 1024 executionTime: 0.23349 0.233333 0.225938 0.221354 0.229427 

ARR CPP_NEON_Iterative blockSize: 2048 executionTime: 0.577917 0.558542 0.511406 0.54625 0.541302 

ARR CPP_NEON_Iterative blockSize: 4096 executionTime: 1.17724 1.240261 1.178803 1.11349 1.157291 

ARR CPP_NEON_Iterative blockSize: 8192 executionTime: 2.428542 2.440886 2.65099 2.629219 2.566614 

ARR CPP_NEON_Iterative blockSize: 16384 executionTime: 5.269427 5.348907 5.365365 5.437136 5.36948 

ARR CPP_NEON_Iterative blockSize: 32768 executionTime: 11.148803 11.223438 12.006095 11.600418 11.379168 

ARR CPP_NEON_Iterative blockSize: 65536 executionTime: 25.994482 25.215107 25.186097 25.272138 24.893231 

ARR CPP_NEON_Iterative blockSize: 131072 executionTime: 64.54735 64.136361 72.749487 64.063392 65.530163 

ARR CPP_NEON_Iterative blockSize: 262144 executionTime: 144.50866 130.58142 147.665015 144.901421 142.82439 

FLOAT Java_Princeton_Iterative blockSize: 16 executionTime: 0.324375 0.283021 0.273073 0.265885 0.284531 

FLOAT Java_Princeton_Iterative blockSize: 32 executionTime: 0.676406 0.809219 0.492083 0.500781 0.500834 

FLOAT Java_Princeton_Iterative blockSize: 64 executionTime: 1.223177 1.180781 1.243541 1.190156 1.195209 

FLOAT Java_Princeton_Iterative blockSize: 128 executionTime: 2.720781 1.380209 0.286771 0.277605 0.300261 

FLOAT Java_Princeton_Iterative blockSize: 256 executionTime: 0.668334 1.014323 0.638021 0.63823 0.669479 

FLOAT Java_Princeton_Iterative blockSize: 512 executionTime: 1.813542 1.435469 1.372917 1.474843 1.327031 

FLOAT Java_Princeton_Iterative blockSize: 1024 executionTime: 3.573855 2.964949 2.991927 3.207917 3.491042 

FLOAT Java_Princeton_Iterative blockSize: 2048 executionTime: 7.352761 6.562657 5.976876 5.917449 6.159845 

FLOAT Java_Princeton_Iterative blockSize: 4096 executionTime: 13.401042 13.668855 13.702085 14.585939 15.990731 

FLOAT Java_Princeton_Iterative blockSize: 8192 executionTime: 36.700264 30.051826 30.545003 33.690107 38.685421 

FLOAT Java_Princeton_Iterative blockSize: 16384 executionTime: 64.60834 76.873601 67.589642 70.906048 72.976309 

FLOAT Java_Princeton_Iterative blockSize: 32768 executionTime: 162.564704 148.396994 147.034703 156.262151 159.424911 

FLOAT Java_Princeton_Iterative blockSize: 65536 executionTime: 344.084722 320.283625 325.907481 326.435293 337.217378 

FLOAT Java_Princeton_Iterative blockSize: 131072 executionTime: 699.223247 718.213301 731.875958 712.428925 689.9246 

FLOAT Java_Princeton_Iterative blockSize: 262144 executionTime: 1488.474367 1525.160777 1520.048068 1514.828224 1529.459997 

FLOAT Java_Princeton_Recursive blockSize: 16 executionTime: 0.037239 0.030938 0.030781 0.043802 0.028334 

FLOAT Java_Princeton_Recursive blockSize: 32 executionTime: 0.062448 0.055521 0.091093 0.059323 0.062865 

FLOAT Java_Princeton_Recursive blockSize: 64 executionTime: 0.11802 0.119323 0.117761 0.120104 0.136459 

FLOAT Java_Princeton_Recursive blockSize: 128 executionTime: 0.261614 0.27875 0.277813 0.279323 0.27974 

FLOAT Java_Princeton_Recursive blockSize: 256 executionTime: 0.612969 0.652292 0.631614 0.618646 0.603021 

FLOAT Java_Princeton_Recursive blockSize: 512 executionTime: 1.352136 1.359792 1.430208 1.307292 1.316667 

FLOAT Java_Princeton_Recursive blockSize: 1024 executionTime: 2.990573 3.113126 2.933073 2.948854 2.961198 

FLOAT Java_Princeton_Recursive blockSize: 2048 executionTime: 6.236875 6.19724 6.301147 6.427344 6.446095 

FLOAT Java_Princeton_Recursive blockSize: 4096 executionTime: 14.672918 19.125888 17.65219 16.457606 14.401512 

FLOAT Java_Princeton_Recursive blockSize: 8192 executionTime: 30.72641 35.538493 33.232191 31.282711 36.056826 

FLOAT Java_Princeton_Recursive blockSize: 16384 executionTime: 70.332038 73.391882 73.425476 73.764174 74.59433 

FLOAT Java_Princeton_Recursive blockSize: 32768 executionTime: 159.504911 161.82762 166.266007 165.375797 154.874078 

FLOAT Java_Princeton_Recursive blockSize: 65536 executionTime: 324.989564 324.831542 335.803158 349.234357 326.870345 

FLOAT Java_Princeton_Recursive blockSize: 131072 executionTime: 704.89205 700.081268 714.1633 722.166947 710.378769 

FLOAT Java_Princeton_Recursive blockSize: 262144 executionTime: 1539.925622 1557.630832 1588.406721 1613.267557 1527.388642 

FLOAT Java_Columbia_Iterative blockSize: 16 executionTime: 0.018282 0.014375 0.01375 0.013594 0.013645 

FLOAT Java_Columbia_Iterative blockSize: 32 executionTime: 0.028282 0.027709 0.027396 0.027656 0.027552 

FLOAT Java_Columbia_Iterative blockSize: 64 executionTime: 0.059844 0.059792 0.060104 0.097084 0.060468 

FLOAT Java_Columbia_Iterative blockSize: 128 executionTime: 0.130468 0.130573 0.145208 0.131302 0.131615 

FLOAT Java_Columbia_Iterative blockSize: 256 executionTime: 0.29375 0.291041 0.286615 0.287031 0.285572 

FLOAT Java_Columbia_Iterative blockSize: 512 executionTime: 0.644427 1.127709 0.98375 0.967917 1.011823 

FLOAT Java_Columbia_Iterative blockSize: 1024 executionTime: 2.095105 3.808386 0.087396 0.066927 0.076979 

FLOAT Java_Columbia_Iterative blockSize: 2048 executionTime: 0.145885 0.149114 0.146615 0.138489 0.220313 

FLOAT Java_Columbia_Iterative blockSize: 4096 executionTime: 0.411666 0.37151 0.380729 0.472917 0.355104 

FLOAT Java_Columbia_Iterative blockSize: 8192 executionTime: 1.449687 1.301927 1.190365 1.172552 1.161406 

FLOAT Java_Columbia_Iterative blockSize: 16384 executionTime: 2.812657 2.908021 2.797084 2.708959 2.860573 

FLOAT Java_Columbia_Iterative blockSize: 32768 executionTime: 5.884323 5.920625 6.021927 6.041667 5.817657 

FLOAT Java_Columbia_Iterative blockSize: 65536 executionTime: 20.352241 21.0412 20.151981 15.329273 13.874325 

FLOAT Java_Columbia_Iterative blockSize: 131072 executionTime: 31.18693 31.279847 32.199847 45.148963 31.39042 

FLOAT Java_Columbia_Iterative blockSize: 262144 executionTime: 128.824701 119.513554 129.621107 165.404391 154.978505 

