numTests 30
JNI 1_Benchmark_no_params blockSize: 16 executionTime: 2.5 1.042 1.042 0.989 1.042 0.99 0.989 1.041 1.042 0.989 1.042 0.99 0.989 0.99 1.041 0.989 0.99 1.041 1.041 1.041 1.041 0.99 0.99 1.042 0.99 0.99 0.99 0.99 1.041 0.99 

JNI 1_Benchmark_no_params blockSize: 32 executionTime: 1.146 1.041 0.99 0.99 1.042 1.041 1.042 1.041 0.99 1.042 1.042 0.99 1.042 1.042 1.042 0.989 0.99 0.99 0.989 1.042 0.99 0.989 0.99 0.989 0.99 0.99 1.041 0.99 1.041 0.99 

JNI 1_Benchmark_no_params blockSize: 64 executionTime: 1.146 0.99 1.042 1.041 0.99 1.562 1.198 0.99 1.041 1.042 0.989 1.042 1.041 0.99 1.042 0.99 0.99 1.041 1.042 1.042 1.041 0.989 1.094 1.042 1.041 0.99 0.989 0.99 1.041 1.042 

JNI 1_Benchmark_no_params blockSize: 128 executionTime: 1.093 1.042 1.042 0.99 1.041 0.99 0.989 0.99 1.041 0.99 0.99 0.989 1.042 0.99 1.042 1.042 1.041 0.99 0.989 0.99 1.041 1.041 1.042 0.989 0.99 0.99 0.989 1.042 1.042 0.989 

JNI 1_Benchmark_no_params blockSize: 256 executionTime: 1.146 0.99 0.989 1.041 0.99 1.146 1.042 0.99 1.042 0.989 0.99 1.041 1.042 1.042 1.042 1.041 1.041 1.042 0.99 0.989 1.042 0.99 0.99 0.989 0.99 0.989 0.99 0.989 0.99 0.989 

JNI 1_Benchmark_no_params blockSize: 512 executionTime: 1.146 0.99 0.989 0.99 0.989 0.99 1.041 0.99 0.937 0.99 1.041 1.042 1.041 0.99 1.041 0.99 1.042 0.989 1.042 1.041 1.042 1.042 0.99 0.99 1.042 0.99 1.042 1.042 1.042 1.094 

JNI 1_Benchmark_no_params blockSize: 1024 executionTime: 1.146 1.042 1.042 1.041 0.989 1.042 0.989 0.99 1.041 1.042 0.99 0.989 0.99 1.042 1.042 1.093 1.042 1.041 1.042 1.042 1.146 1.042 1.042 1.042 1.094 1.042 1.041 1.042 1.042 1.041 

JNI 1_Benchmark_no_params blockSize: 2048 executionTime: 1.198 1.042 1.042 1.093 1.042 1.094 1.042 1.042 1.041 1.042 1.042 0.99 0.99 0.989 1.042 1.042 0.989 1.042 0.99 1.041 0.989 0.99 1.041 0.989 0.99 1.041 1.042 1.093 0.99 1.042 

JNI 1_Benchmark_no_params blockSize: 4096 executionTime: 1.145 1.042 1.042 1.042 0.989 1.041 1.042 0.99 0.989 0.99 1.146 0.989 1.042 1.042 1.042 0.99 0.989 0.99 0.99 0.99 0.989 0.99 0.99 0.99 0.989 0.99 0.989 0.99 1.042 0.989 

JNI 1_Benchmark_no_params blockSize: 8192 executionTime: 1.146 0.989 0.99 0.989 0.99 0.99 0.989 1.042 0.989 0.99 1.093 1.042 1.041 1.042 0.99 0.989 0.99 0.99 0.989 1.042 0.99 0.989 1.042 0.989 0.99 0.99 0.989 1.042 0.99 0.937 

JNI 1_Benchmark_no_params blockSize: 16384 executionTime: 1.146 1.042 1.042 1.041 1.042 0.989 1.042 0.99 1.041 1.042 0.99 0.989 0.99 0.99 0.99 1.041 0.99 0.99 0.989 1.042 0.989 0.99 1.042 1.042 1.042 0.989 0.99 0.99 1.041 0.99 

JNI 1_Benchmark_no_params blockSize: 32768 executionTime: 1.146 0.99 0.989 0.99 2.291 0.99 0.989 1.042 1.041 1.042 1.041 1.042 0.989 1.042 1.041 0.989 1.042 1.041 0.99 1.041 1.042 1.042 1.042 1.041 0.99 1.979 1.093 1.042 0.989 1.094 

JNI 1_Benchmark_no_params blockSize: 65536 executionTime: 1.198 1.042 1.042 1.042 1.094 0.989 1.094 1.042 0.937 0.99 0.989 0.99 0.989 0.99 0.99 1.094 1.042 1.094 0.989 1.042 1.041 1.042 0.989 0.99 1.042 1.042 1.042 1.042 1.041 0.99 

JNI 1_Benchmark_no_params blockSize: 131072 executionTime: 1.302 0.989 1.042 1.042 0.99 0.99 1.041 1.042 0.99 0.99 2.448 1.042 1.041 33.854 1.042 1.041 1.042 1.041 0.99 0.989 1.042 1.042 1.042 1.093 0.99 1.042 1.042 1.042 1.042 1.094 

JNI 1_Benchmark_no_params blockSize: 262144 executionTime: 1.25 1.042 1.198 0.989 0.989 1.093 0.99 0.99 1.041 1.042 0.989 0.99 0.989 0.99 1.041 0.99 0.99 0.989 1.042 1.093 0.989 1.042 1.041 0.99 1.042 1.042 0.989 1.042 0.989 0.99 

JNI 2_Benchmark_vector blockSize: 16 executionTime: 1.615 1.094 1.094 1.042 1.146 1.094 1.094 1.094 1.042 1.094 1.198 1.094 1.094 1.041 1.146 1.094 1.041 1.042 0.989 2.084 1.042 1.042 1.041 1.146 1.042 1.094 1.094 1.041 1.042 1.042 

JNI 2_Benchmark_vector blockSize: 32 executionTime: 1.25 1.041 1.145 1.042 1.042 2.344 1.041 1.094 1.041 1.042 0.989 1.042 0.99 0.989 1.093 1.042 1.042 1.042 1.042 1.042 1.042 0.99 1.042 0.989 1.042 0.99 1.041 1.042 1.146 1.042 

JNI 2_Benchmark_vector blockSize: 64 executionTime: 1.25 1.094 1.042 1.094 0.99 0.99 1.093 0.989 1.198 1.042 1.042 1.041 0.99 1.094 1.094 1.041 1.093 1.041 1.094 1.042 1.093 1.094 1.042 1.042 1.041 1.041 1.041 1.614 1.041 1.094 

JNI 2_Benchmark_vector blockSize: 128 executionTime: 1.25 1.198 1.093 1.042 1.094 1.145 1.094 1.042 1.094 1.093 1.041 1.094 1.406 1.198 1.094 1.146 1.042 1.041 1.146 1.198 1.042 1.094 1.094 1.041 1.094 1.354 1.146 1.042 1.094 1.042 

JNI 2_Benchmark_vector blockSize: 256 executionTime: 1.355 1.146 1.354 1.303 1.041 1.145 1.042 1.041 1.094 1.25 1.093 1.042 1.041 1.302 1.041 1.146 1.041 1.094 1.094 1.146 1.302 1.041 1.094 1.25 1.042 1.094 1.406 1.302 1.718 1.146 

JNI 2_Benchmark_vector blockSize: 512 executionTime: 1.771 1.25 1.146 1.093 1.354 1.041 1.094 1.094 2.188 1.146 1.25 1.928 1.302 1.146 1.146 1.98 1.354 1.146 1.354 1.146 1.093 1.146 1.459 1.354 1.094 1.094 1.198 1.094 1.041 1.094 

JNI 2_Benchmark_vector blockSize: 1024 executionTime: 8.282 1.146 1.146 1.25 1.407 1.093 1.406 1.145 1.146 1.094 1.302 1.146 1.042 1.614 3.438 1.822 1.041 1.354 1.094 1.094 1.093 1.041 1.25 1.146 1.094 1.511 1.302 1.146 4.219 2.969 

JNI 2_Benchmark_vector blockSize: 2048 executionTime: 1.719 1.614 1.354 1.511 1.614 6.459 1.198 2.709 1.979 1.094 1.145 1.146 1.928 2.865 2.657 1.093 3.229 8.802 1.459 1.511 1.719 1.25 1.25 1.146 2.24 1.719 1.823 2.083 1.198 1.25 

JNI 2_Benchmark_vector blockSize: 4096 executionTime: 1.823 1.406 1.354 1.198 1.146 1.198 1.354 1.771 2.032 1.303 1.979 1.459 1.614 1.198 1.354 1.406 1.355 2.656 1.771 1.666 1.146 1.458 1.667 1.667 1.562 1.25 1.771 4.271 2.031 1.25 

JNI 2_Benchmark_vector blockSize: 8192 executionTime: 2.031 2.553 1.771 2.604 2.084 2.708 1.406 1.667 1.198 1.302 1.198 1.406 1.562 1.563 1.198 1.459 1.25 1.302 1.823 1.198 1.146 1.614 1.979 2.5 1.145 1.25 1.25 1.406 1.146 2.76 

JNI 2_Benchmark_vector blockSize: 16384 executionTime: 1.615 1.198 2.135 1.51 1.406 1.823 1.615 2.605 1.667 1.875 2.552 1.875 1.823 1.354 1.354 1.77 1.354 1.615 2.552 1.51 1.667 3.073 2.083 2.187 1.146 1.303 5.625 1.354 1.302 1.927 

JNI 2_Benchmark_vector blockSize: 32768 executionTime: 1.719 2.343 1.823 2.605 2.5 2.605 2.24 1.927 3.281 2.135 2.084 2.187 1.354 3.021 2.083 1.562 1.927 3.125 1.98 1.614 2.552 1.823 1.771 2.031 5.416 1.875 2.448 1.615 1.302 1.771 

JNI 2_Benchmark_vector blockSize: 65536 executionTime: 3.542 3.594 3.489 3.386 9.479 3.073 2.396 6.718 3.177 2.552 2.865 5.104 2.657 2.5 6.563 4.531 3.333 3.542 3.958 2.76 3.854 7.76 2.135 2.708 4.219 2.188 2.917 2.5 3.75 4.427 

JNI 2_Benchmark_vector blockSize: 131072 executionTime: 4.27 3.385 4.427 13.907 4.166 3.906 3.438 8.02 3.907 3.906 3.177 5.729 3.49 2.812 2.083 3.906 2.605 3.907 2.239 3.02 3.177 4.219 2.969 3.542 3.178 2.709 2.604 3.646 3.125 2.448 

JNI 2_Benchmark_vector blockSize: 262144 executionTime: 3.385 3.489 4.427 3.854 3.698 4.271 4.688 3.49 3.437 3.958 3.594 3.646 3.854 4.584 3.802 4.635 5.208 5.885 4.583 4.583 4.166 4.219 3.906 3.541 8.438 3.438 3.646 3.906 3.49 5.0 

JNI 3_Benchmark_convert blockSize: 16 executionTime: 6.719 1.719 1.666 1.667 1.667 1.615 1.666 1.614 1.614 1.614 1.615 1.615 1.771 1.614 1.667 1.667 1.614 1.615 1.666 1.666 1.614 1.667 1.666 1.719 1.666 1.667 1.615 1.615 1.614 1.927 

JNI 3_Benchmark_convert blockSize: 32 executionTime: 2.031 1.719 1.667 1.666 1.666 1.667 1.614 1.615 1.667 1.614 1.614 1.615 1.562 1.615 2.031 1.615 1.667 1.562 1.614 1.562 1.667 1.615 1.667 1.562 1.562 1.615 1.615 1.615 1.615 1.615 

JNI 3_Benchmark_convert blockSize: 64 executionTime: 2.239 1.666 1.823 1.615 1.823 1.563 1.614 1.563 1.667 1.667 1.615 1.614 1.615 1.667 1.563 1.615 1.667 1.615 1.615 1.614 1.614 1.615 1.667 1.666 1.667 1.667 1.667 1.615 1.667 1.666 

JNI 3_Benchmark_convert blockSize: 128 executionTime: 1.771 1.823 1.615 1.666 1.667 1.614 1.563 2.031 1.719 1.615 1.667 1.614 1.718 1.614 1.614 1.667 1.667 1.615 1.667 1.615 1.615 1.666 1.719 1.615 1.667 1.667 1.615 1.615 1.667 1.719 

JNI 3_Benchmark_convert blockSize: 256 executionTime: 2.292 1.718 1.666 1.719 1.615 1.667 1.667 1.667 1.614 1.667 1.667 1.615 2.187 1.718 1.667 1.667 1.615 1.927 1.666 1.667 2.5 1.667 1.823 1.614 1.719 1.666 1.667 1.615 1.614 1.771 

JNI 3_Benchmark_convert blockSize: 512 executionTime: 1.771 1.719 1.615 1.719 1.614 1.771 1.718 1.615 1.719 1.822 1.719 2.5 1.719 1.667 1.667 1.615 1.667 1.614 1.615 1.614 1.666 1.615 1.615 1.667 2.239 1.718 1.614 1.615 1.666 1.614 

JNI 3_Benchmark_convert blockSize: 1024 executionTime: 2.187 1.719 1.667 2.188 1.667 1.667 1.614 1.667 1.718 1.667 1.614 1.719 1.719 1.614 1.614 1.666 1.719 1.667 2.031 1.666 1.667 1.666 1.667 1.667 2.292 2.656 1.719 4.01 1.719 1.98 

JNI 3_Benchmark_convert blockSize: 2048 executionTime: 2.188 1.823 1.719 1.875 2.136 1.614 1.719 1.719 1.667 1.771 1.771 1.719 1.719 1.667 1.666 2.032 1.667 1.614 1.822 3.541 1.666 1.667 3.021 1.667 1.667 1.77 2.708 2.187 1.771 1.771 

JNI 3_Benchmark_convert blockSize: 4096 executionTime: 2.083 2.083 1.823 1.979 1.771 1.823 3.437 1.666 1.875 1.979 1.979 1.719 1.718 1.718 1.771 1.927 2.084 1.875 3.073 1.666 2.135 1.98 2.188 1.98 1.927 1.719 1.666 1.823 1.823 3.386 

JNI 3_Benchmark_convert blockSize: 8192 executionTime: 2.291 1.927 9.167 4.271 3.802 2.448 2.448 2.136 2.136 2.239 6.094 2.552 2.084 2.761 7.552 3.542 5.989 5.729 2.188 2.135 2.396 2.969 2.083 2.188 2.031 1.875 1.719 2.968 1.719 2.031 

JNI 3_Benchmark_convert blockSize: 16384 executionTime: 2.604 2.76 1.927 2.969 2.969 1.719 2.657 3.073 2.239 2.604 1.771 2.708 2.5 1.719 3.177 2.188 1.927 3.073 4.167 4.531 4.74 3.125 2.761 3.802 2.916 2.084 3.49 2.604 1.77 2.604 

JNI 3_Benchmark_convert blockSize: 32768 executionTime: 5.209 3.437 4.428 5.677 4.844 3.125 2.604 3.541 3.697 3.594 4.219 3.958 2.709 3.802 3.698 3.334 3.437 2.083 5.781 4.167 3.75 2.761 3.125 3.281 3.021 5.989 4.167 5.417 4.791 3.75 

JNI 3_Benchmark_convert blockSize: 65536 executionTime: 4.01 3.75 3.541 5.104 5.0 4.948 4.792 5.834 5.625 4.687 5.625 4.687 3.854 3.959 3.697 4.583 6.093 4.219 4.427 3.75 5.417 4.115 4.062 7.135 2.604 3.281 4.062 3.646 4.48 4.062 

JNI 3_Benchmark_convert blockSize: 131072 executionTime: 6.511 4.844 7.605 4.635 4.74 6.042 5.0 6.094 6.354 6.094 7.135 4.167 5.521 6.771 6.875 7.448 6.562 9.271 4.948 5.052 5.729 6.562 7.291 5.99 9.114 4.427 6.198 5.104 6.146 7.083 

JNI 3_Benchmark_convert blockSize: 262144 executionTime: 7.917 8.282 7.135 9.948 8.385 6.041 8.906 7.083 8.49 6.979 7.084 7.969 9.219 7.031 8.125 7.552 9.531 6.615 6.563 9.739 6.615 7.188 6.771 9.479 5.834 9.636 8.593 7.188 7.24 6.823 

JNI 4_Benchmark_Columbia blockSize: 16 executionTime: 5.313 2.917 2.916 2.865 3.229 2.76 2.865 2.812 2.813 2.813 2.813 2.761 2.865 2.917 2.865 2.812 2.865 2.76 2.813 2.813 2.813 2.812 2.812 2.865 2.865 2.865 2.865 2.812 2.812 2.865 

JNI 4_Benchmark_Columbia blockSize: 32 executionTime: 3.334 2.917 2.813 2.865 2.813 2.812 2.864 2.761 2.969 2.864 2.864 2.864 2.812 2.812 2.812 2.865 2.813 2.865 2.969 2.812 2.813 2.864 2.812 2.812 2.761 2.812 2.812 2.813 2.812 2.813 

JNI 4_Benchmark_Columbia blockSize: 64 executionTime: 3.229 2.917 2.864 2.812 2.864 2.865 2.917 2.865 2.812 3.594 2.813 2.865 2.864 2.812 2.917 2.813 2.76 4.739 2.813 2.812 2.917 2.813 2.76 3.073 2.812 2.864 2.708 2.812 2.761 2.761 

JNI 4_Benchmark_Columbia blockSize: 128 executionTime: 3.75 2.916 2.917 2.917 2.76 2.917 2.812 3.021 2.813 2.865 2.916 2.812 2.865 2.813 2.865 2.916 3.333 2.812 2.813 2.917 2.813 3.02 2.916 2.813 2.708 2.812 2.865 2.865 2.812 2.865 

JNI 4_Benchmark_Columbia blockSize: 256 executionTime: 3.646 2.865 3.177 2.865 3.021 3.021 2.916 2.969 2.865 2.813 2.865 2.812 2.864 2.917 3.021 2.969 2.969 2.916 3.437 2.969 2.812 2.917 2.761 3.177 2.865 2.865 2.864 2.968 10.052 2.968 

JNI 4_Benchmark_Columbia blockSize: 512 executionTime: 3.49 2.917 2.917 2.969 2.812 2.916 2.917 3.125 3.021 2.864 3.177 2.865 2.865 2.865 2.813 2.917 2.917 2.813 2.917 2.917 2.812 2.968 2.916 2.813 3.385 3.229 2.865 2.813 2.917 3.333 

JNI 4_Benchmark_Columbia blockSize: 1024 executionTime: 5.365 2.917 3.542 3.073 3.281 2.969 3.229 2.917 2.865 2.865 2.917 2.865 2.917 2.969 3.072 3.02 2.865 2.917 2.917 2.917 2.917 2.916 3.021 2.917 3.437 2.969 2.917 2.917 2.865 2.917 

JNI 4_Benchmark_Columbia blockSize: 2048 executionTime: 4.115 3.125 3.959 3.125 3.646 3.489 2.969 3.073 3.802 3.906 2.968 2.969 3.49 3.021 2.969 2.969 3.177 3.073 3.594 4.219 2.968 3.021 3.802 3.698 3.229 3.645 3.021 3.021 2.968 3.021 

JNI 4_Benchmark_Columbia blockSize: 4096 executionTime: 4.687 3.698 3.802 3.282 3.281 3.542 3.125 3.907 4.636 3.385 3.073 3.959 3.855 3.073 3.125 4.375 4.011 3.49 3.75 3.646 3.645 5.26 3.438 3.385 3.281 3.334 3.177 5.105 3.021 3.75 

JNI 4_Benchmark_Columbia blockSize: 8192 executionTime: 3.698 3.855 3.177 3.437 3.073 5.26 3.49 5.105 3.125 2.864 3.802 3.698 3.021 3.385 4.479 3.49 3.073 5.0 5.0 3.802 2.865 4.427 3.958 2.968 3.334 4.167 3.958 4.531 2.865 5.156 

JNI 4_Benchmark_Columbia blockSize: 16384 executionTime: 3.802 4.74 5.313 8.437 7.865 3.698 3.594 2.969 4.271 4.167 3.125 3.698 3.49 5.417 4.635 3.489 4.584 6.041 3.542 4.896 3.438 4.687 4.74 3.229 4.219 9.792 2.969 5.313 4.584 4.531 

JNI 4_Benchmark_Columbia blockSize: 32768 executionTime: 5.99 5.573 4.843 4.896 5.989 5.677 5.104 5.521 8.542 3.542 3.229 4.114 4.896 4.583 4.792 3.906 5.208 5.885 4.895 4.844 4.896 4.271 5.0 6.094 6.562 5.364 4.896 5.104 4.792 3.698 

JNI 4_Benchmark_Columbia blockSize: 65536 executionTime: 7.552 9.479 6.25 6.406 6.041 7.396 7.291 7.656 6.198 4.74 5.937 6.823 229.792 9.479 4.427 7.24 5.99 6.146 7.552 7.396 5.937 6.146 5.729 6.823 10.208 9.687 5.0 6.303 6.146 7.76 

JNI 4_Benchmark_Columbia blockSize: 131072 executionTime: 9.271 7.604 7.657 8.854 7.552 8.854 8.698 8.437 10.104 7.552 9.219 7.188 6.979 10.886 9.583 7.187 8.125 9.219 8.594 10.365 8.542 10.104 9.584 9.27 10.364 9.062 7.708 8.49 10.521 9.583 

JNI 4_Benchmark_Columbia blockSize: 262144 executionTime: 12.344 9.271 9.583 11.198 10.052 11.979 11.459 10.156 10.312 11.823 10.781 10.572 11.666 12.031 9.584 11.302 10.782 12.24 9.532 8.906 10.573 9.062 9.062 11.98 10.625 11.094 11.042 8.959 10.834 11.927 

FFT Java_Princeton_Iterative blockSize: 16 executionTime: 0.016198 0.011615 0.015885 0.011771 0.012083 0.014114 0.017083 0.009063 0.011563 0.0125 0.011562 0.009115 0.012553 0.011875 0.015 0.008854 0.011771 0.012188 0.01224 0.039479 0.009948 0.012344 0.015364 0.012604 0.009219 0.012135 0.011615 0.011667 0.009323 0.012291 

FFT Java_Princeton_Iterative blockSize: 32 executionTime: 0.029323 0.026355 0.02599 0.025677 0.023958 0.024896 0.029062 0.026614 0.025677 0.023438 0.025052 0.025105 0.024687 0.031979 0.023281 0.023541 0.025573 0.026406 0.025938 0.02625 0.026198 0.022761 0.024948 0.027917 0.026198 0.026302 0.027032 0.023438 0.025208 0.02599 

FFT Java_Princeton_Iterative blockSize: 64 executionTime: 0.061927 0.058698 0.058854 0.058178 0.061355 0.059115 0.055886 0.059635 0.059167 0.054844 0.05849 0.059219 0.059375 0.05651 0.055417 0.057552 0.053906 0.057604 0.059896 0.053854 0.060729 0.056823 0.054896 0.056614 0.062656 0.055312 0.062552 0.056041 0.05375 0.058385 

FFT Java_Princeton_Iterative blockSize: 128 executionTime: 0.13849 0.127292 0.130156 0.123698 0.13625 0.130677 0.126719 0.13026 0.123907 0.131146 0.127396 0.12448 0.129479 0.129427 0.124427 0.12526 0.126823 0.12552 0.130261 0.124583 0.129375 0.132083 0.16474 0.134115 0.126563 0.126614 0.123646 0.123072 0.127656 0.128229 

FFT Java_Princeton_Iterative blockSize: 256 executionTime: 0.302552 0.284011 0.291927 0.307864 0.297604 0.288802 0.341041 0.29125 0.301094 0.297448 0.299532 0.293229 0.290261 0.285417 0.296511 0.292396 0.32849 0.291459 0.28948 0.286823 0.296041 0.288125 0.299323 0.296771 0.314636 0.30323 0.348542 0.298125 0.297344 0.313229 

FFT Java_Princeton_Iterative blockSize: 512 executionTime: 0.66349 0.652343 0.647709 0.647187 0.64151 0.659011 0.65 0.70974 0.650313 0.656927 0.659166 0.663906 0.736615 0.66526 0.658125 0.658802 0.724583 0.70573 0.660365 0.650313 0.660989 0.659531 0.696198 0.662135 0.664062 0.656875 0.631667 0.65151 0.649167 0.651459 

FFT Java_Princeton_Iterative blockSize: 1024 executionTime: 1.526614 1.546042 1.491928 1.443229 1.507292 1.465677 1.512396 9.109532 5.804532 4.427813 3.715313 5.95297 6.865625 7.376563 7.513074 7.267032 5.449792 4.725522 5.271824 3.245521 2.872761 3.005781 3.04599 2.857031 2.895729 2.380208 2.255573 2.228177 2.279532 2.260208 

FFT Java_Princeton_Iterative blockSize: 2048 executionTime: 4.828646 4.502813 4.309584 4.381094 4.211823 4.058177 3.705469 4.023125 4.1025 6.375521 4.56573 5.443126 5.879584 5.001458 5.660938 5.249011 3.949219 3.44599 3.567344 3.379011 3.402917 3.479896 3.366875 3.517032 3.398282 3.421406 3.471198 3.432292 3.576354 3.629688 

FFT Java_Princeton_Iterative blockSize: 4096 executionTime: 8.593803 10.111043 13.128282 13.725523 9.876408 8.053855 8.057449 7.613542 8.154585 8.037918 7.841407 7.806147 8.42198 15.829428 14.868386 10.740365 7.977709 7.84948 7.789844 7.684115 8.200626 7.783178 7.928438 8.185782 14.368127 14.738908 11.447032 7.915782 8.118959 7.758542 

FFT Java_Princeton_Iterative blockSize: 8192 executionTime: 19.470106 19.868284 35.984014 26.863648 21.229846 20.705679 21.100106 40.359066 19.4862 19.759846 18.633283 22.248283 36.24917 19.234325 19.048909 18.749429 35.984899 27.920524 18.554168 18.634116 24.120367 34.846462 18.679585 18.752658 18.635887 38.26516 20.475158 18.723596 18.593596 36.996097 

FFT Java_Princeton_Iterative blockSize: 16384 executionTime: 52.922036 67.968079 50.562557 70.089746 55.541881 65.225528 75.217872 64.62709 67.761933 68.508236 77.339331 85.378394 80.058237 46.604432 68.66558 47.621515 65.183496 55.88938 54.320943 65.657975 63.386673 54.178964 72.961257 69.218809 72.764539 76.81532 73.408654 82.835738 49.440995 67.747403 

FFT Java_Princeton_Iterative blockSize: 32768 executionTime: 148.984441 155.582411 155.399963 178.826685 159.88762 153.450745 153.607515 160.213037 161.771058 157.450953 141.748504 152.056213 147.887046 169.898715 157.536005 149.119807 153.153713 149.190849 167.700746 168.957829 144.704182 150.814442 154.415067 161.879443 166.472308 149.188036 145.921525 158.369808 165.395902 158.834859 

FFT Java_Princeton_Iterative blockSize: 65536 executionTime: 341.097586 365.095297 376.379934 352.301077 369.434099 372.083267 357.364463 359.876754 382.033632 366.671755 374.093058 360.130348 379.245663 364.080505 349.388264 355.623369 360.300713 362.545141 357.465139 352.729098 375.560558 368.518266 357.076181 375.248319 355.553161 364.041599 360.64889 377.699725 358.686389 360.445453 

FFT Java_Princeton_Iterative blockSize: 131072 executionTime: 800.678778 853.873367 798.185496 821.130447 847.708886 852.983575 839.60748 815.056384 853.268627 812.791852 844.655709 804.81758 844.770448 815.910915 855.827272 814.043519 814.227893 839.601646 779.061432 846.072064 847.479252 799.259976 854.623366 854.569825 846.521647 798.502683 815.063415 846.243365 790.695912 854.723887 

FFT Java_Princeton_Iterative blockSize: 262144 executionTime: 1769.262781 1833.101745 1892.099772 1807.070544 1826.439974 1810.04565 1928.790504 1813.326223 1822.039452 1833.766433 1813.526014 1818.966431 1875.564978 1797.98919 1804.336638 1832.918412 1839.472787 1825.797317 1835.984402 1835.053203 1834.452786 1870.38102 1848.821695 1844.971903 1791.343459 1826.112109 1843.044403 1912.726232 1986.550198 1937.947328 

FFT Java_Princeton_Recursive blockSize: 16 executionTime: 0.067239 0.202343 0.08224 0.105781 0.049271 0.084219 0.082552 0.098125 0.090885 0.046354 0.084531 0.089427 0.096042 0.047708 0.047344 0.087344 0.12151 0.052135 0.059688 0.067188 0.069062 0.069687 0.062969 0.069271 0.062031 0.086406 0.071198 0.080625 0.063021 0.054844 

FFT Java_Princeton_Recursive blockSize: 32 executionTime: 0.179896 0.181927 0.118438 0.115886 0.128698 0.168386 0.129688 0.123229 0.750156 0.168802 0.12375 0.117657 0.117604 0.167969 0.210261 0.184636 0.149063 0.15474 0.156042 0.120208 0.155052 0.118177 0.120417 0.090677 0.066458 0.065677 0.09901 0.110573 0.073698 0.09349 

FFT Java_Princeton_Recursive blockSize: 64 executionTime: 0.226979 0.189427 0.227812 0.311563 0.373541 0.182292 0.184011 0.161823 0.237135 0.181407 0.189479 0.194428 0.172396 0.185104 0.181979 0.182135 0.178125 0.183333 0.208073 0.231406 0.166146 0.212344 0.179219 0.168177 0.170521 0.195937 0.15974 0.153386 0.436094 0.256875 

FFT Java_Princeton_Recursive blockSize: 128 executionTime: 0.452552 0.424635 0.406459 0.363593 0.365 0.367083 0.36099 0.437344 0.370573 0.419584 0.375938 0.390104 0.360469 0.353437 0.364427 0.387291 0.34099 0.44526 0.382239 0.454688 0.394375 0.353125 0.348802 0.70448 1.209219 0.915885 0.905 0.942448 0.800157 1.214948 

FFT Java_Princeton_Recursive blockSize: 256 executionTime: 2.229167 2.441147 2.085209 1.101875 1.275313 1.280261 1.628282 1.658281 2.650417 2.326511 2.347292 2.224324 2.322501 1.984948 1.82099 1.662708 1.983438 0.852917 0.866094 0.882032 0.871459 0.844375 0.899948 0.86125 0.897656 0.87724 0.925157 0.905417 0.916823 1.007969 

FFT Java_Princeton_Recursive blockSize: 512 executionTime: 1.96599 2.210938 2.651823 2.028854 1.770781 1.79776 2.190521 1.804636 1.778021 1.770677 1.67974 1.721823 1.797136 1.684219 1.484063 1.445208 1.446407 1.491355 1.440417 1.532812 1.504167 1.470261 1.437969 1.457552 1.418334 1.508281 1.297552 1.329584 1.28349 1.27974 

FFT Java_Princeton_Recursive blockSize: 1024 executionTime: 2.965313 3.299011 3.405417 4.286928 3.480678 3.905053 6.317813 4.366667 5.120313 3.213906 6.732293 6.42125 5.734741 5.264792 3.567292 2.93948 3.011771 3.144792 3.501563 2.990782 2.994844 2.961615 2.992917 2.957813 2.962969 2.96224 2.998281 2.93698 2.936824 2.941719 

FFT Java_Princeton_Recursive blockSize: 2048 executionTime: 6.673803 7.388803 7.766511 12.74547 12.339897 17.064481 8.847032 7.136355 8.29547 7.010834 7.040313 17.66146 11.101772 9.95974 9.612918 10.973647 13.789689 9.410991 15.195001 10.767761 6.085522 6.693907 6.284428 6.173386 6.192448 6.200209 6.11547 6.149011 7.240053 9.253283 

FFT Java_Princeton_Recursive blockSize: 4096 executionTime: 27.891669 21.159273 15.943387 14.850678 13.996929 18.116721 26.888961 21.693335 15.740731 14.861981 13.286356 18.292137 30.010367 20.628231 15.792709 14.730991 14.950053 21.909116 27.497399 18.234481 15.707241 15.009689 16.352137 26.493544 32.360577 16.6587 15.831877 14.817293 18.154064 29.500055 

FFT Java_Princeton_Recursive blockSize: 8192 executionTime: 38.872504 32.118336 55.458964 35.033076 47.661411 37.315524 39.067973 50.001203 33.639899 53.590735 33.896409 61.333079 34.040108 50.021672 35.130159 77.22433 36.03516 48.788651 33.222295 53.91688 35.719952 50.033598 38.248389 47.891984 48.979953 36.92641 50.316568 49.421151 40.465317 45.789536 

FFT Java_Princeton_Recursive blockSize: 16384 executionTime: 104.536885 110.553657 107.688708 100.710531 95.062353 74.619435 90.954228 90.964384 96.935114 77.200737 89.49277 92.739801 140.609441 75.765216 97.439801 96.054384 91.494124 75.667716 98.273708 96.417562 90.397248 76.214591 89.608446 92.835895 98.81553 105.199072 94.111624 109.463865 105.647719 107.732563 

FFT Java_Princeton_Recursive blockSize: 32768 executionTime: 237.285075 199.841322 177.201268 207.638459 235.259554 192.809394 212.687938 181.552831 204.861999 222.662939 232.471586 199.209811 214.016376 203.593822 226.285023 203.326166 218.958563 219.603616 208.10174 178.074757 222.086898 245.135129 260.907266 233.765961 256.796797 252.690234 268.191276 261.569296 230.35596 231.374555 

FFT Java_Princeton_Recursive blockSize: 65536 executionTime: 493.858539 551.804691 531.069376 525.469063 540.360366 471.289891 428.697178 418.207178 458.200774 406.14202 458.664316 428.595824 433.187908 527.532396 504.337498 552.137035 518.840572 518.508906 511.367916 520.361354 521.215156 536.351668 532.478074 384.46707 421.152385 465.636557 391.063685 481.985882 421.106553 465.866661 

FFT Java_Princeton_Recursive blockSize: 131072 executionTime: 1074.134899 1151.362302 1113.540736 1137.877405 1135.642092 913.418737 927.903686 1121.627039 1102.968912 1143.811677 1139.76777 990.664942 878.453525 926.724415 1138.397613 1138.815166 1145.937405 1062.856408 1117.215789 1059.260053 866.841492 935.212958 1115.410215 1086.693181 1149.029072 1175.004648 1141.962041 929.32728 832.11227 878.569045 

FFT Java_Princeton_Recursive blockSize: 262144 executionTime: 2370.787059 2444.3454 2461.403891 2368.701486 2334.734347 2258.557256 2414.686751 2451.819932 2476.979518 2399.864719 2261.510798 2428.459044 2423.535346 2438.166233 2478.605351 2396.907895 2469.887069 2433.003836 2475.879101 2442.359202 2449.37415 2507.83775 2499.594052 2500.007541 2464.447797 2481.585248 2478.826549 2447.494619 2471.01061 2503.014676 

FFT Java_Columbia_Iterative blockSize: 16 executionTime: 0.003229 0.002396 0.00224 0.002136 0.001979 0.001979 0.001927 0.002812 0.00198 0.001927 0.001979 0.001875 0.002031 0.001875 0.001979 0.001875 0.001979 0.001875 0.002136 0.001875 0.001875 0.001875 0.002552 0.001875 0.002031 0.001875 0.001928 0.002083 0.001927 0.002084 

FFT Java_Columbia_Iterative blockSize: 32 executionTime: 0.003281 0.002865 0.003125 0.002917 0.002916 0.002969 0.002916 0.002864 0.002865 0.002864 0.002917 0.002916 0.002865 0.002761 0.002865 0.002865 0.002865 0.002812 0.002812 0.002969 0.002812 0.002813 0.002813 0.002813 0.00276 0.002864 0.002812 0.002864 0.002813 0.002813 

FFT Java_Columbia_Iterative blockSize: 64 executionTime: 0.005208 0.004896 0.004948 0.004896 0.004896 0.004792 0.004896 0.004843 0.004948 0.004844 0.004844 0.004896 0.004844 0.004896 0.004896 0.004792 0.004844 0.004896 0.004948 0.005104 0.004843 0.004844 0.005 0.004844 0.004844 0.004948 0.004896 0.004896 0.004896 0.004844 

FFT Java_Columbia_Iterative blockSize: 128 executionTime: 0.009635 0.009167 0.009219 0.009428 0.009531 0.009323 0.009219 0.009271 0.009271 0.009219 0.009375 0.009323 0.009479 0.009271 0.009063 0.009218 0.009166 0.009323 0.009219 0.009271 0.010208 0.009219 0.009323 0.009271 0.009166 0.009427 0.009583 0.009271 0.009792 0.012448 

FFT Java_Columbia_Iterative blockSize: 256 executionTime: 0.021094 0.021302 0.020677 0.02052 0.020782 0.020208 0.020416 0.020625 0.020938 0.020104 0.021458 0.02073 0.024115 0.020677 0.020729 0.020677 0.021041 0.021354 0.020365 0.020521 0.020781 0.020938 0.020729 0.020834 0.020521 0.021875 0.020417 0.020885 0.020938 0.020677 

FFT Java_Columbia_Iterative blockSize: 512 executionTime: 0.044167 0.05073 0.043958 0.043645 0.043334 0.051354 0.043803 0.043281 0.057813 0.043489 0.049844 0.052343 0.043489 0.050156 0.043177 0.043437 0.042969 0.043177 0.05901 0.043282 0.043385 0.044323 0.043802 0.043907 0.044739 0.05 0.044427 0.043906 0.048437 0.044792 

FFT Java_Columbia_Iterative blockSize: 1024 executionTime: 0.11448 0.106875 0.094218 0.092396 0.11349 0.096093 0.159427 0.091615 0.093593 0.094323 0.091823 0.091562 0.104635 0.093489 0.10224 0.102396 0.092761 0.171407 0.092656 0.137812 0.112864 0.10599 0.114843 0.093125 0.093125 0.096823 0.109375 0.102865 0.102292 0.105 

FFT Java_Columbia_Iterative blockSize: 2048 executionTime: 0.36776 0.372344 0.314427 0.370625 0.350364 0.473698 0.319479 0.291771 0.245625 0.281719 0.293178 0.363229 0.343958 0.364792 0.218177 0.382604 0.351041 0.248281 0.323125 0.325834 0.309323 0.251927 0.304167 0.347344 0.257031 0.388021 0.301979 0.288646 0.27573 0.279688 

FFT Java_Columbia_Iterative blockSize: 4096 executionTime: 0.982553 1.057396 0.978281 0.965208 1.024636 0.984375 0.98474 0.938646 0.972396 0.920885 0.872969 0.934792 0.979531 0.945105 0.808437 0.879323 0.94375 0.923803 0.89224 0.887344 0.890782 0.887657 0.821719 0.794583 0.834166 0.883959 0.79625 0.881979 0.807552 0.946355 

FFT Java_Columbia_Iterative blockSize: 8192 executionTime: 1.848229 1.856771 1.905312 1.885937 1.889687 1.899375 1.802188 2.021615 2.059323 2.081251 1.972187 2.083646 2.036719 2.023906 1.978803 2.01776 2.100625 2.117604 2.140312 2.099011 2.041302 2.100469 2.075052 2.030625 2.072136 1.952292 2.044271 2.243646 2.640521 2.87 

FFT Java_Columbia_Iterative blockSize: 16384 executionTime: 5.11422 4.23474 4.243907 4.358178 4.203542 4.339792 4.260677 4.128855 4.425261 4.532344 4.487657 4.674896 4.650261 4.356459 4.436719 4.626042 4.47724 8.163751 4.95323 4.188906 4.343855 4.350938 4.393959 4.44672 4.797917 4.345781 4.757761 4.571302 4.451563 4.467344 

FFT Java_Columbia_Iterative blockSize: 32768 executionTime: 10.179845 10.025001 18.44771 9.829168 9.973335 9.757865 9.710157 9.894532 10.132293 10.166251 10.293179 17.204585 9.49922 9.878594 10.398178 9.517813 10.049532 10.247605 18.580262 9.859741 10.067449 9.986355 9.447397 10.018803 9.827501 14.016512 9.550991 9.571668 9.82698 9.631355 

FFT Java_Columbia_Iterative blockSize: 65536 executionTime: 39.293546 24.066929 23.540002 24.277503 24.002815 23.849847 24.996877 22.792503 23.330471 24.053127 25.439377 22.922607 25.073648 45.574535 22.011877 23.476357 26.433544 24.626825 32.882191 22.598075 23.250524 24.605211 24.421461 22.686044 23.02594 25.490732 24.586357 23.071877 24.075106 25.630836 

FFT Java_Columbia_Iterative blockSize: 131072 executionTime: 85.249071 92.267509 80.420321 79.410268 84.717404 104.871 87.063551 78.891102 84.61579 98.52277 89.786884 86.309644 83.647509 100.993968 87.148342 87.534488 84.871102 100.064437 85.009176 89.394852 85.067508 101.250219 88.80928 84.845998 84.935738 102.701521 83.417612 87.44329 85.606363 101.394906 

FFT Java_Columbia_Iterative blockSize: 262144 executionTime: 263.560703 284.388518 285.814247 288.170446 265.483724 357.4554 267.032318 270.323569 268.678412 274.764767 263.722579 274.073882 260.721224 272.303725 262.905286 268.452266 266.919297 276.612163 264.635755 271.702006 266.243985 281.990757 262.696432 273.915705 264.433099 278.045757 266.746016 270.839089 268.797683 279.184195 

FFT CPP_Princeton_Iterative blockSize: 16 executionTime: 0.028021 0.008593 0.008594 0.008907 0.008021 0.007708 0.007344 0.007708 0.012187 0.007813 0.007865 0.007396 0.007396 0.007395 0.007448 0.0075 0.007344 0.007448 0.007291 0.007552 0.007448 0.007344 0.007292 0.007448 0.007292 0.007292 0.007552 0.007292 0.00724 0.007292 

FFT CPP_Princeton_Iterative blockSize: 32 executionTime: 0.019271 0.013282 0.011875 0.01125 0.011406 0.011406 0.011354 0.011354 0.011146 0.01125 0.011719 0.011198 0.011302 0.01125 0.011771 0.01125 0.011302 0.011198 0.011094 0.011302 0.01125 0.011146 0.011146 0.01125 0.011093 0.011093 0.01125 0.011562 0.011407 0.011458 

FFT CPP_Princeton_Iterative blockSize: 64 executionTime: 0.032813 0.01974 0.019532 0.061511 0.020521 0.01901 0.018958 0.019011 0.018646 0.018906 0.019115 0.019219 0.01875 0.019062 0.018959 0.018907 0.018646 0.018958 0.020052 0.018854 0.018646 0.01875 0.019115 0.018802 0.018698 0.019167 0.019166 0.018959 0.018594 0.018698 

FFT CPP_Princeton_Iterative blockSize: 128 executionTime: 0.046718 0.035521 0.034323 0.034479 0.033906 0.033854 0.034219 0.03401 0.034219 0.034219 0.033854 0.038698 0.034688 0.034011 0.03375 0.033698 0.033854 0.034635 0.034375 0.034271 0.033906 0.033854 0.034062 0.033802 0.034218 0.034584 0.033906 0.03401 0.034115 0.034114 

FFT CPP_Princeton_Iterative blockSize: 256 executionTime: 0.079532 0.065312 0.103594 0.065156 0.064323 0.064844 0.06448 0.063906 0.064166 0.064167 0.065209 0.064167 0.06427 0.064323 0.064218 0.064479 0.06401 0.064427 0.063959 0.06375 0.063854 0.06375 0.063854 0.063906 0.06375 0.064531 0.064791 0.065209 0.064792 0.063959 

FFT CPP_Princeton_Iterative blockSize: 512 executionTime: 0.19151 0.1275 0.126718 0.125677 0.125365 0.125365 0.126094 0.123958 0.125156 0.12474 0.124583 0.124896 0.124844 0.125573 0.125 0.12651 0.134063 0.126354 0.125833 0.12552 0.126562 0.125156 0.129948 0.124844 0.125104 0.125261 0.126406 0.12474 0.12474 0.125468 

FFT CPP_Princeton_Iterative blockSize: 1024 executionTime: 0.299739 0.248333 0.242083 0.24552 0.242969 0.24552 0.247396 0.243229 0.281146 0.240573 0.244635 0.245 0.246719 0.242031 0.248646 0.241927 0.243958 0.251823 0.242812 0.244792 0.243646 0.246562 0.244896 0.24599 0.249011 0.244271 0.248333 0.248802 0.242448 0.24625 

FFT CPP_Princeton_Iterative blockSize: 2048 executionTime: 0.581719 0.543594 0.53125 0.528021 0.592865 0.533489 0.535469 0.52974 0.570104 0.530313 0.535521 0.530261 0.577344 0.53625 0.528959 0.528907 0.537917 0.53599 0.528906 0.528385 0.543854 0.539532 0.53151 0.5625 0.533282 0.533489 0.528125 0.535729 0.534948 0.533438 

FFT CPP_Princeton_Iterative blockSize: 4096 executionTime: 1.267708 1.14849 1.144948 1.125364 1.129375 1.171042 1.136615 1.163854 1.129635 1.187865 1.136146 1.169844 1.132292 1.159115 1.209011 1.362708 1.324792 1.355886 1.357344 1.340313 1.381094 1.345469 1.364167 1.234583 1.192344 1.185625 1.138698 1.166615 1.144219 1.177187 

FFT CPP_Princeton_Iterative blockSize: 8192 executionTime: 2.762292 2.62724 2.61 2.640365 2.467032 2.490677 2.495417 2.49151 2.498646 2.458698 2.487188 2.516198 2.488751 2.47125 2.514011 2.579271 2.455417 2.843854 2.531927 2.463542 2.559375 2.557917 2.54526 2.517604 2.503386 2.574063 2.680469 2.590001 2.493542 2.572709 

FFT CPP_Princeton_Iterative blockSize: 16384 executionTime: 5.603021 5.625313 5.656459 6.98448 9.127293 5.339584 5.326668 5.315105 5.334636 5.339115 5.44323 5.424376 5.353594 5.461563 5.386459 5.333855 5.454532 5.431719 5.416823 5.553594 5.436094 5.445209 5.443855 5.388907 5.43948 6.679428 8.147605 5.512761 5.84547 5.257501 

FFT CPP_Princeton_Iterative blockSize: 32768 executionTime: 11.24948 11.300001 11.294793 11.49422 11.420313 11.429011 11.464845 12.107033 11.488335 19.971044 11.384063 11.41771 11.276095 11.184271 11.184064 11.192761 11.131772 11.137554 11.193907 16.989794 11.178491 11.23172 11.271824 11.240626 11.280053 11.308022 11.39198 11.448387 21.501929 11.19896 

FFT CPP_Princeton_Iterative blockSize: 65536 executionTime: 24.487867 25.210576 25.202919 30.570993 24.06745 24.775367 42.005577 37.874483 24.559169 23.965159 24.336721 23.754586 23.9512 38.214118 24.247554 24.478805 24.033388 24.315732 34.725525 24.010315 24.632503 24.794533 28.904482 24.015315 37.096774 42.543598 23.956877 25.319482 24.122606 24.947659 

FFT CPP_Princeton_Iterative blockSize: 131072 executionTime: 72.214382 75.285945 72.635528 112.803761 71.440945 72.54683 81.675529 74.211622 77.686726 81.426414 73.852924 110.747928 73.217352 73.547612 110.000896 72.939434 73.010736 80.070425 76.031674 106.762615 73.838601 76.436987 78.916154 73.393706 76.334695 78.650008 74.468862 110.885636 71.103601 72.892664 

FFT CPP_Princeton_Iterative blockSize: 262144 executionTime: 213.787105 205.297052 215.174032 213.88799 223.238408 207.638146 205.35575 217.273407 276.43284 212.594344 273.10935 225.36695 222.352678 223.015075 279.130652 261.096953 264.117266 275.633517 253.315963 225.345075 236.918045 229.667939 233.941065 231.488044 217.368147 223.359188 225.971898 278.386382 251.347786 225.588355 

FFT CPP_Princeton_Recursive blockSize: 16 executionTime: 0.047604 0.019739 0.019375 0.023489 0.017761 0.017761 0.066875 0.018698 0.018229 0.017864 0.017761 0.017448 0.017604 0.0175 0.017396 0.017604 0.017292 0.017552 0.018229 0.017344 0.018333 0.0175 0.017552 0.017395 0.017291 0.017552 0.017292 0.017604 0.017605 0.017552 

FFT CPP_Princeton_Recursive blockSize: 32 executionTime: 0.040886 0.035365 0.034115 0.033802 0.03375 0.034271 0.033854 0.033854 0.033854 0.033802 0.035104 0.033906 0.033594 0.03375 0.03375 0.034687 0.044323 0.034479 0.033698 0.034062 0.038021 0.033855 0.033438 0.036875 0.033958 0.033906 0.03375 0.037396 0.033698 0.03349 

FFT CPP_Princeton_Recursive blockSize: 64 executionTime: 0.081979 0.071354 0.072813 0.06849 0.073698 0.068385 0.069271 0.068489 0.068385 0.068282 0.068177 0.070209 0.068282 0.067916 0.098854 0.068698 0.068073 0.068802 0.068333 0.068593 0.067917 0.069375 0.067916 0.068333 0.068959 0.068437 0.068437 0.070104 0.068803 0.068229 

FFT CPP_Princeton_Recursive blockSize: 128 executionTime: 0.154166 0.144271 0.142657 0.14198 0.147656 0.143698 0.142083 0.146041 0.142239 0.14224 0.141615 0.175573 0.143229 0.142135 0.141823 0.141979 0.141354 0.141354 0.141666 0.143698 0.148645 0.142917 0.142187 0.142761 0.14224 0.142969 0.141093 0.141563 0.142136 0.143177 

FFT CPP_Princeton_Recursive blockSize: 256 executionTime: 0.356459 0.297448 0.302969 0.298125 0.296666 0.29849 0.297813 0.299896 0.297239 0.297448 0.345677 0.299583 0.301302 0.298959 0.298854 0.299531 0.297187 0.29776 0.29802 0.319114 0.304011 0.2975 0.300156 0.296719 0.297552 0.296927 0.297292 0.297917 0.298073 0.38401 

FFT CPP_Princeton_Recursive blockSize: 512 executionTime: 0.668333 0.635677 0.630677 0.628021 0.663855 0.639896 0.6375 0.631719 0.665209 0.633386 0.636615 0.632448 0.629115 0.654115 0.636146 0.632917 0.634115 0.628907 0.671979 0.629583 0.628958 0.637917 0.635364 0.636771 0.630365 0.633906 0.632448 0.667812 0.63125 0.631302 

FFT CPP_Princeton_Recursive blockSize: 1024 executionTime: 1.380885 1.34599 1.335781 1.368386 1.334688 1.355938 1.331354 1.388386 1.332239 1.346667 1.328958 1.330938 1.338907 1.350833 1.366511 1.331459 1.364375 1.330781 1.396198 1.336875 1.40224 1.440104 1.375781 1.338021 1.344323 1.381615 1.355313 1.373802 1.35776 1.386563 

FFT CPP_Princeton_Recursive blockSize: 2048 executionTime: 2.984896 2.889688 2.920677 2.920104 2.908594 2.960834 2.882604 2.92151 2.871198 2.861511 2.939219 2.853959 2.882136 2.82599 2.895 2.891979 2.874219 2.914584 2.910313 2.947969 2.929792 2.891459 2.923594 2.870885 2.923437 2.967917 2.909479 2.937448 2.877344 2.913907 

FFT CPP_Princeton_Recursive blockSize: 4096 executionTime: 6.70849 6.302708 6.329375 6.392344 6.329324 6.16349 6.168386 6.467917 6.175678 6.182136 6.121824 6.201303 6.176876 7.850417 7.256407 6.399688 7.163751 6.15099 6.024948 6.038542 6.010834 6.090157 6.026303 6.01698 6.02047 5.992345 5.987657 5.988698 6.03198 6.040313 

FFT CPP_Princeton_Recursive blockSize: 8192 executionTime: 13.075209 13.070575 12.710158 12.818022 12.816095 12.835678 13.041355 12.893855 13.033283 12.910835 12.756356 12.742553 12.73922 12.833543 12.760731 12.71547 12.664481 12.787032 12.755991 12.740261 12.826616 12.761511 12.847606 12.895054 12.79698 12.801772 12.773127 12.87672 12.831824 12.877293 

FFT CPP_Princeton_Recursive blockSize: 16384 executionTime: 27.94792 29.177347 27.309951 29.131513 27.363909 27.208701 27.111565 27.057034 27.054378 26.959482 27.143544 27.304222 27.1562 27.282503 27.407138 27.360211 27.595211 28.701097 28.136982 27.64693 28.380054 28.174691 27.503753 27.54219 27.445367 27.295888 28.925576 26.963076 27.275992 27.395055 

FFT CPP_Princeton_Recursive blockSize: 32768 executionTime: 58.450839 59.604745 43.74688 40.426046 41.0624 40.717244 40.566462 40.6799 41.024171 41.334952 39.63214 40.168598 40.69891 40.821359 41.113963 41.047452 41.474066 42.215161 41.086619 42.465629 40.38365 40.374796 40.455264 41.049483 41.545161 40.58891 40.668545 42.195317 39.540629 39.935733 

FFT CPP_Princeton_Recursive blockSize: 65536 executionTime: 88.415894 85.252717 87.572248 87.169696 84.531519 85.584904 84.913237 83.745738 89.452092 83.523706 84.969956 84.800113 84.717665 85.100165 87.565478 84.716102 85.143914 112.400324 123.420064 122.092303 121.848502 120.346835 120.856158 119.861523 120.43996 123.455481 120.632356 121.269543 122.784387 122.776106 

FFT CPP_Princeton_Recursive blockSize: 131072 executionTime: 258.612734 258.095859 262.234662 257.208619 261.189141 254.599713 254.717056 258.873255 261.418724 260.462265 262.460703 204.507572 173.445382 176.545486 177.171112 176.250695 177.078559 177.040331 179.222882 179.659393 179.500903 178.075799 178.984653 177.816997 177.928039 177.324705 256.076796 263.619297 255.287994 261.988151 

FFT CPP_Princeton_Recursive blockSize: 262144 executionTime: 540.347605 532.576095 546.691877 544.142398 534.775158 535.217397 477.408537 376.923996 376.967329 373.212017 375.20259 369.404516 374.745038 419.835146 532.838647 531.615678 536.844845 543.492346 529.707397 534.443231 533.46323 536.461616 419.63525 371.808683 373.505506 375.898267 371.984933 371.447433 367.578214 445.413169 

FFT CPP_Columbia_Iterative blockSize: 16 executionTime: 0.040261 0.006146 0.005364 0.005729 0.005105 0.004844 0.006042 0.004896 0.004791 0.005 0.004792 0.004739 0.00474 0.004792 0.00474 0.005782 0.005052 0.00474 0.004635 0.004739 0.004948 0.004791 0.004791 0.004635 0.004739 0.00474 0.005677 0.004792 0.004844 0.004792 

FFT CPP_Columbia_Iterative blockSize: 32 executionTime: 0.008125 0.006667 0.00625 0.006458 0.006042 0.005781 0.005937 0.005625 0.005573 0.005989 0.005729 0.005573 0.005625 0.00552 0.005833 0.005938 0.005677 0.005885 0.005521 0.005781 0.005677 0.005521 0.005625 0.005573 0.00599 0.182188 0.006614 0.005677 0.005677 0.005469 

FFT CPP_Columbia_Iterative blockSize: 64 executionTime: 0.008854 0.007396 0.0075 0.007812 0.007448 0.007761 0.007656 0.0075 0.008178 0.00776 0.007708 0.007136 0.007448 0.007448 0.007656 0.006979 0.007291 0.006927 0.007656 0.0075 0.007135 0.007396 0.007188 0.0075 0.007553 0.007604 0.007396 0.007239 0.007448 0.0075 

FFT CPP_Columbia_Iterative blockSize: 128 executionTime: 0.011771 0.011666 0.01099 0.011094 0.011094 0.048541 0.011719 0.010729 0.010781 0.011407 0.01125 0.010729 0.010781 0.01099 0.010677 0.010989 0.010886 0.010937 0.01099 0.010938 0.010625 0.011197 0.011823 0.011406 0.012343 0.011146 0.011511 0.011562 0.0125 0.01224 

FFT CPP_Columbia_Iterative blockSize: 256 executionTime: 0.02052 0.019479 0.02 0.019219 0.019635 0.018802 0.020104 0.020053 0.019791 0.019166 0.019114 0.020833 0.019584 0.01974 0.020625 0.020104 0.018958 0.020261 0.019792 0.018907 0.018437 0.019271 0.019792 0.01875 0.019583 0.019635 0.020312 0.019792 0.020052 0.019843 

FFT CPP_Columbia_Iterative blockSize: 512 executionTime: 0.037396 0.035781 0.035833 0.038125 0.035677 0.035468 0.035989 0.03552 0.03651 0.038229 0.036198 0.036719 0.035677 0.035417 0.036302 0.034375 0.038178 0.03625 0.035937 0.035729 0.035625 0.035469 0.035468 0.034948 0.035521 0.035157 0.036823 0.036094 0.03573 0.036302 

FFT CPP_Columbia_Iterative blockSize: 1024 executionTime: 0.076823 0.07224 0.075469 0.070104 0.069115 0.06776 0.068907 0.070469 0.068334 0.06875 0.070208 0.068906 0.068802 0.071146 0.071875 0.068855 0.069428 0.069584 0.070312 0.070416 0.070677 0.071406 0.068854 0.070833 0.071614 0.069479 0.074687 0.069896 0.071041 0.071927 

FFT CPP_Columbia_Iterative blockSize: 2048 executionTime: 0.224375 0.166146 0.196146 0.163282 0.162969 0.162396 0.173177 0.16375 0.163437 0.17375 0.218698 0.279479 0.221406 0.338229 0.291198 0.430312 0.296458 0.313959 0.163437 0.344375 0.216822 0.229948 0.174219 0.280781 0.161198 0.318386 0.294062 0.343646 0.173594 0.166198 

FFT CPP_Columbia_Iterative blockSize: 4096 executionTime: 0.822969 0.822552 0.836094 0.719583 0.735886 0.712135 0.737031 0.700833 0.702135 0.761042 0.698646 0.764844 0.716875 0.830781 0.806354 0.814584 0.806563 0.812917 0.749114 0.783333 0.826198 0.796354 0.779791 0.803906 0.72375 0.808334 0.792865 0.728021 0.7825 0.759584 

FFT CPP_Columbia_Iterative blockSize: 8192 executionTime: 1.744063 1.801615 1.873907 1.897344 1.858074 1.815 1.747084 1.82448 1.687552 1.81625 1.859115 2.038646 1.98625 1.851824 1.925469 2.150781 2.01599 2.036719 2.546146 2.642291 1.89224 1.965521 2.009427 1.744844 1.773489 1.85599 1.786146 1.854271 1.841979 1.847657 

FFT CPP_Columbia_Iterative blockSize: 16384 executionTime: 3.977032 4.65599 4.153646 4.091563 4.452448 4.118542 4.064219 4.06125 3.966042 4.345521 5.180053 4.618855 7.672292 4.576407 4.327709 4.247553 4.130157 3.965677 4.060938 4.244636 4.122136 4.498073 4.191875 4.335417 4.126563 3.853542 3.949062 3.905469 4.507708 7.833074 

FFT CPP_Columbia_Iterative blockSize: 32768 executionTime: 9.276667 9.126824 9.111928 9.218335 10.332762 9.874585 9.321928 10.178074 17.299845 9.297188 9.529272 9.417553 9.293074 9.321616 9.346772 11.844168 15.481512 17.096616 9.05323 9.366667 9.14922 10.027709 9.727658 9.691928 9.880209 9.436615 8.778074 17.586148 9.29625 9.327188 

FFT CPP_Columbia_Iterative blockSize: 65536 executionTime: 21.21896 22.709533 22.349168 22.379429 21.51844 22.184377 37.577451 23.55896 23.13568 22.799742 21.954793 20.609429 24.64969 21.190314 21.853075 22.947971 43.198337 20.874533 21.958857 21.317034 20.781096 24.067294 23.846877 21.920471 21.418388 21.310939 32.611045 27.730576 21.185054 22.695992 

FFT CPP_Columbia_Iterative blockSize: 131072 executionTime: 76.6598 73.300841 97.503552 70.566309 71.894799 72.363862 99.985166 75.173497 75.511726 71.660476 89.690166 78.707872 72.964903 69.796725 94.574176 80.140373 72.30308 75.280112 91.711311 70.439955 77.196414 69.334069 88.082301 77.780112 76.750998 71.800633 88.444228 74.212403 71.519174 72.075215 

FFT CPP_Columbia_Iterative blockSize: 262144 executionTime: 289.296904 240.174971 250.789765 243.386431 263.85138 245.669869 242.473149 244.164347 284.997737 253.162525 254.391275 246.394973 276.883882 240.976952 247.30867 243.697368 286.743779 241.178983 239.646274 247.346379 288.977581 240.964191 259.822317 245.297003 270.328152 240.407993 245.763462 239.601898 263.846901 237.071118 

FFT CPP_KISS blockSize: 16 executionTime: 0.012917 0.005 0.004583 0.004375 0.004323 0.004219 0.004271 0.004218 0.004063 0.009062 0.004114 0.004427 0.004219 0.004114 0.004219 0.004219 0.004114 0.004115 0.004114 0.004166 0.004219 0.004219 0.004479 0.00427 0.004063 0.004271 0.004167 0.004219 0.004375 0.004115 

FFT CPP_KISS blockSize: 32 executionTime: 0.012656 0.006823 0.005782 0.005625 0.005625 0.005521 0.005886 0.005989 0.005938 0.005625 0.005521 0.005677 0.005625 0.005677 0.005521 0.005469 0.005573 0.005573 0.005834 0.005625 0.005417 0.005469 0.005416 0.005573 0.005416 0.005573 0.005572 0.005521 0.005573 0.005625 

FFT CPP_KISS blockSize: 64 executionTime: 0.012708 0.007239 0.007292 0.007032 0.007031 0.006718 0.006771 0.006875 0.007396 0.006459 0.006823 0.007813 0.006719 0.006823 0.006719 0.006979 0.006771 0.007136 0.007083 0.007239 0.007136 0.006562 0.006823 0.006667 0.006666 0.006927 0.006823 0.006562 0.007239 0.00677 

FFT CPP_KISS blockSize: 128 executionTime: 0.028958 0.014167 0.013802 0.012917 0.012917 0.012917 0.012552 0.015156 0.013125 0.01276 0.012761 0.01474 0.012552 0.01276 0.012813 0.012969 0.012865 0.013333 0.013021 0.012969 0.012813 0.013125 0.013229 0.012708 0.012656 0.012864 0.012917 0.012448 0.012812 0.012864 

FFT CPP_KISS blockSize: 256 executionTime: 0.039739 0.02 0.018385 0.019948 0.019063 0.018802 0.019063 0.018333 0.01901 0.019792 0.019532 0.018906 0.019115 0.018854 0.018594 0.01875 0.018854 0.020104 0.019791 0.01875 0.018385 0.018906 0.018334 0.019271 0.022448 0.019635 0.518334 0.021562 0.020417 0.018958 

FFT CPP_KISS blockSize: 512 executionTime: 0.085938 0.045313 0.045625 0.046354 0.044948 0.04651 0.046771 0.048125 0.046615 0.046875 0.04698 0.047292 0.047239 0.046666 0.047135 0.045885 0.047239 0.046875 0.044896 0.044636 0.048073 0.085833 0.049687 0.050364 0.049583 0.049167 0.04599 0.04849 0.046094 0.045989 

FFT CPP_KISS blockSize: 1024 executionTime: 0.112448 0.0775 0.074844 0.074636 0.077188 0.076197 0.073646 0.075209 0.074896 0.075937 0.0775 0.076094 0.073437 0.07875 0.074896 0.075261 0.07573 0.076458 0.07651 0.078489 0.078177 0.109167 0.07625 0.076979 0.076251 0.075312 0.076667 0.079532 0.078906 0.075209 

FFT CPP_KISS blockSize: 2048 executionTime: 0.300261 0.236562 0.230782 0.218073 0.235 0.232032 0.236667 0.272812 0.238229 0.228542 0.229427 0.249636 0.221146 0.233906 0.243594 0.231718 0.239688 0.225208 0.233385 0.233229 0.214375 0.226875 0.296042 0.235417 0.216354 0.200729 0.230573 0.213177 0.210677 0.213281 

FFT CPP_KISS blockSize: 4096 executionTime: 0.481406 0.463333 0.474115 0.760417 0.387605 0.432031 0.437761 0.43849 0.465157 0.524687 0.42625 0.459688 0.471771 0.444791 0.445156 0.39349 0.372761 0.354635 0.344844 0.336302 0.403386 0.362292 0.340625 0.343438 0.33901 0.347188 0.348959 0.357292 0.366667 0.359271 

FFT CPP_KISS blockSize: 8192 executionTime: 1.283021 1.167604 1.280573 1.261094 1.050781 1.048073 1.052083 1.139688 1.107343 1.081667 1.124323 1.169427 1.058073 1.061614 1.095104 1.183177 1.086094 1.098646 1.129323 1.058438 1.052604 1.267187 1.076198 1.090834 1.08375 1.086823 1.140834 1.110104 1.128021 1.107344 

FFT CPP_KISS blockSize: 16384 executionTime: 2.690677 2.59375 2.424583 2.386303 5.485209 3.481459 2.622448 2.198542 2.206719 2.23375 2.174167 2.322969 2.175625 2.220104 2.234896 2.271198 2.218073 2.137448 2.680313 2.278021 2.288334 2.277449 2.231823 2.25724 2.254635 2.334896 2.308177 2.283125 2.332865 3.031199 

FFT CPP_KISS blockSize: 32768 executionTime: 10.587136 6.707917 6.457657 6.341563 6.429584 7.012397 6.773647 7.16625 7.468126 7.461095 7.530209 6.589011 10.703074 6.367241 6.524584 6.364949 6.691407 7.03448 7.817189 6.545157 6.653542 6.669324 6.981511 12.183595 6.418543 6.906928 6.980366 6.416094 6.749167 6.612501 

FFT CPP_KISS blockSize: 65536 executionTime: 16.627658 15.437189 17.982658 14.482554 13.838647 14.628127 16.40245 14.712502 13.586199 14.658439 16.275783 13.526459 14.993022 19.078127 18.045158 14.060053 14.247606 14.561877 14.373335 14.353803 14.568335 17.81047 14.914221 15.316512 15.395939 14.874585 15.632346 16.685366 13.844376 14.165731 

FFT CPP_KISS blockSize: 131072 executionTime: 44.956359 38.941358 45.202192 38.749744 38.889951 38.998442 38.692243 38.067243 39.082295 38.210837 45.955577 40.253806 38.670212 40.623546 38.767713 39.692139 38.301514 40.667296 39.617139 42.746306 38.203233 40.589744 40.131723 39.475837 41.845264 39.579535 39.424274 42.963441 40.015317 40.14615 

FFT CPP_KISS blockSize: 262144 executionTime: 89.033863 87.899071 89.902665 92.713967 87.429332 90.369228 92.109697 89.378446 89.201311 92.918603 88.455946 88.330269 89.777873 88.962457 89.444331 92.778031 88.582509 88.195269 89.935165 91.279645 89.547665 94.986468 89.173603 88.575946 90.305166 88.792144 89.394853 92.427509 88.274227 88.422718 

NEON CPP_Recursive blockSize: 16 executionTime: 0.024011 0.010157 0.007344 0.007865 0.006719 0.007292 0.006615 0.010052 0.006823 0.006354 0.00625 0.006875 0.006302 0.006302 0.006302 0.006511 0.006302 0.008438 0.007187 0.006667 0.00625 0.00625 0.006511 0.007396 0.006302 0.006354 0.006354 0.006771 0.00651 0.006354 

NEON CPP_Recursive blockSize: 32 executionTime: 0.01375 0.009791 0.009375 0.009428 0.010156 0.011146 0.009063 0.009011 0.009063 0.008802 0.008855 0.008698 0.00901 0.00875 0.008906 0.01 0.009011 0.009063 0.008802 0.011718 0.009583 0.008958 0.009114 0.008854 0.008906 0.00901 0.00901 0.008802 0.031771 0.020052 

NEON CPP_Recursive blockSize: 64 executionTime: 0.019583 0.014844 0.01625 0.014687 0.014427 0.01401 0.017343 0.014271 0.014948 0.014375 0.014948 0.015208 0.01526 0.015209 0.016198 0.014896 0.022865 0.015052 0.015052 0.015521 0.01599 0.015 0.01474 0.014375 0.015 0.013958 0.015885 0.019219 0.014636 0.014167 

NEON CPP_Recursive blockSize: 128 executionTime: 0.030573 0.025938 0.030885 0.024688 0.023958 0.0875 0.031146 0.02401 0.030521 0.025417 0.024062 0.024063 0.02375 0.031458 0.032969 0.02448 0.024271 0.026875 0.030105 0.024895 0.024062 0.024218 0.03224 0.024271 0.025678 0.025573 0.024375 0.024115 0.02427 0.024063 

NEON CPP_Recursive blockSize: 256 executionTime: 0.066667 0.045209 0.05125 0.044323 0.049792 0.044688 0.043177 0.044584 0.049635 0.044427 0.044584 0.044583 0.043645 0.043802 0.04875 0.052552 0.051615 0.043907 0.048177 0.044063 0.05724 0.044166 0.049896 0.045 0.051615 0.043958 0.049219 0.045469 0.043698 0.04474 

NEON CPP_Recursive blockSize: 512 executionTime: 0.105156 0.087084 0.098542 0.089688 0.090573 0.087604 0.083177 0.091406 0.089688 0.089479 0.097344 0.088229 0.090833 0.097708 0.08323 0.088958 0.09151 0.09698 0.09599 0.088803 0.089844 0.08901 0.091302 0.092084 0.088698 0.089583 0.089375 0.089635 0.089844 0.098229 

NEON CPP_Recursive blockSize: 1024 executionTime: 0.192136 0.171407 0.176094 0.206562 0.174063 0.17375 0.174895 0.174011 0.180416 0.17276 0.170938 0.180521 0.173646 0.171875 0.209635 0.176407 0.169219 0.174063 0.172761 0.17276 0.177864 0.180938 0.178385 0.179479 0.182969 0.177396 0.173594 0.174636 0.173854 0.17698 

NEON CPP_Recursive blockSize: 2048 executionTime: 0.375156 0.35375 0.354375 0.356458 0.353906 0.363698 0.354427 0.411511 0.362656 0.357656 0.351146 0.355 0.393281 0.356563 0.349219 0.349375 0.350156 0.356354 0.353906 0.351406 0.358542 0.354583 0.363177 0.3575 0.351302 0.365105 0.353698 0.349687 0.41073 0.355625 

NEON CPP_Recursive blockSize: 4096 executionTime: 0.787292 0.776406 0.724948 0.730625 0.733386 0.727709 0.757292 0.733802 0.727084 0.737448 0.737604 0.767657 0.719375 0.734219 0.783021 0.72625 0.725573 0.736823 0.717917 0.754948 0.720416 0.722032 0.729375 0.789896 0.776094 0.752865 0.803802 0.875834 0.826198 0.816667 

NEON CPP_Recursive blockSize: 8192 executionTime: 1.959375 1.843958 2.855001 1.785312 1.732448 1.603125 1.666354 1.569063 1.569062 1.567448 1.594011 1.595417 1.612135 1.643751 1.648125 1.550834 1.606042 1.536199 1.558437 1.774584 1.602032 1.641355 1.571875 1.599636 1.603178 1.526666 1.618542 1.592031 1.631094 1.552968 

NEON CPP_Recursive blockSize: 16384 executionTime: 3.272604 3.217865 3.175052 3.619427 3.16823 3.187813 3.215156 4.377084 3.248229 3.367345 4.141772 4.209844 3.668073 3.70448 3.603074 3.837448 3.688334 3.325417 3.241511 3.253854 3.218646 3.137188 3.176823 3.072292 3.136511 3.471719 3.333646 3.244167 3.348594 3.431355 

NEON CPP_Recursive blockSize: 32768 executionTime: 6.895262 7.301407 6.920782 7.873751 9.183646 11.977501 6.975105 7.545418 7.53297 7.666042 7.002189 6.562032 6.608282 6.856511 7.317969 6.530574 6.525469 6.683073 10.622501 7.757553 7.613699 6.611668 6.556407 6.403594 6.545105 7.179167 6.955574 7.026928 6.980001 6.888073 

NEON CPP_Recursive blockSize: 65536 executionTime: 16.592085 13.94396 13.602866 13.591721 13.918855 13.856251 16.423648 13.808178 13.908126 13.76047 13.837918 16.11047 20.426304 14.466773 16.805054 15.739376 17.625002 19.650158 15.819377 15.743699 16.179585 16.214169 15.733075 16.464793 16.298179 16.968908 18.461616 22.119378 15.521199 16.124533 

NEON CPP_Recursive blockSize: 131072 executionTime: 31.767764 32.113962 32.271774 33.545733 32.377503 33.057504 34.39042 31.861722 32.304847 34.033025 31.83719 32.448544 33.347555 32.893961 35.466253 37.806722 31.646618 31.932868 32.333441 33.378076 31.092295 32.45443 33.169795 32.86042 35.500785 35.24266 31.442087 34.736358 32.053128 34.018701 

NEON CPP_Recursive blockSize: 262144 executionTime: 69.681621 65.811829 67.811882 67.631204 65.875006 69.250111 68.227454 67.200059 67.705684 67.244851 68.270111 66.874902 65.904069 66.868079 65.791621 68.262298 68.598184 68.802351 66.49959 66.672247 70.454486 66.477506 68.18959 66.710736 66.372506 70.517976 66.85511 68.566986 66.629069 67.73334 

NEON CPP_Iterative blockSize: 16 executionTime: 0.011823 0.004271 0.003542 0.003646 0.003802 0.003854 0.004896 0.00349 0.00375 0.003906 0.003646 0.003958 0.00375 0.003906 0.004323 0.003698 0.003698 0.003645 0.003489 0.004479 0.003646 0.004583 0.003593 0.003958 0.003698 0.003698 0.003646 0.003854 0.003593 0.003646 

NEON CPP_Iterative blockSize: 32 executionTime: 0.026511 0.004948 0.005417 0.004427 0.004062 0.004583 0.004167 0.004115 0.004583 0.004375 0.004167 0.004427 0.005364 0.00474 0.004427 0.004114 0.004375 0.004323 0.004062 0.004218 0.005833 0.005105 0.00401 0.004115 0.004063 0.004218 0.004167 0.004375 0.004688 0.004271 

NEON CPP_Iterative blockSize: 64 executionTime: 0.007291 0.005417 0.0075 0.004896 0.005729 0.005105 0.005208 0.005 0.005157 0.004948 0.005937 0.004791 0.005573 0.004843 0.006458 0.005208 0.005938 0.005313 0.00677 0.005208 0.005052 0.005625 0.005208 0.005104 0.006302 0.005053 0.005312 0.005469 0.005 0.004843 

NEON CPP_Iterative blockSize: 128 executionTime: 0.017292 0.008698 0.008021 0.008437 0.007343 0.007291 0.007865 0.007552 0.00776 0.008802 0.007761 0.0075 0.007604 0.007448 0.007969 0.00823 0.0075 0.008385 0.007291 0.008594 0.007448 0.008177 0.008281 0.008906 0.007969 0.008282 0.007292 0.007968 0.008854 0.007448 

NEON CPP_Iterative blockSize: 256 executionTime: 0.025052 0.015521 0.014895 0.01375 0.013802 0.014063 0.021875 0.014114 0.015468 0.015365 0.014739 0.013489 0.013698 0.014584 0.015 0.014011 0.015313 0.015729 0.014531 0.012864 0.014584 0.014583 0.013802 0.01427 0.014479 0.017604 0.022812 0.014375 0.016719 0.014583 

NEON CPP_Iterative blockSize: 512 executionTime: 0.040781 0.036146 0.034167 0.031458 0.031823 0.031771 0.02927 0.030573 0.031823 0.031771 0.033958 0.034375 0.030052 0.031093 0.031979 0.035156 0.028125 0.027916 0.026979 0.028438 0.031354 0.030677 0.029375 0.029739 0.026354 0.031928 0.029062 0.027864 0.027864 0.03224 

NEON CPP_Iterative blockSize: 1024 executionTime: 0.061875 0.051094 0.05125 0.048021 0.052343 0.049167 0.056875 0.046927 0.057448 0.049636 0.05349 0.049895 0.053229 0.049896 0.057136 0.053125 0.056042 0.051771 0.057084 0.051197 0.054323 0.047656 0.054219 0.049739 0.052291 0.055209 0.055208 0.050937 0.052657 0.048333 

NEON CPP_Iterative blockSize: 2048 executionTime: 0.159219 0.166927 0.11901 0.115052 0.116354 0.119531 0.120104 0.12099 0.112032 0.111927 0.118386 0.120468 0.116666 0.129479 0.11599 0.1275 0.117812 0.157916 0.118958 0.123542 0.111771 0.12625 0.115729 0.124792 0.125521 0.12375 0.165782 0.12823 0.119843 0.118542 

NEON CPP_Iterative blockSize: 4096 executionTime: 0.444427 0.403489 0.323907 0.363229 0.318333 0.357083 0.316719 0.36526 0.334479 0.381823 0.781615 0.409115 0.336406 0.353697 0.332291 0.360364 0.315833 0.369479 0.327865 0.3325 0.306875 0.345885 0.325833 0.343854 0.373698 0.410781 0.315833 0.363385 0.3275 0.351875 

NEON CPP_Iterative blockSize: 8192 executionTime: 1.11401 1.009688 1.003178 1.087135 1.033334 1.028906 0.976823 1.2425 0.974114 1.01 1.020521 1.028542 0.981406 0.973646 0.983542 0.945156 1.002917 1.005678 1.061563 0.967604 0.948958 0.949948 0.969948 0.948593 0.950417 1.02349 1.133125 1.18875 1.181146 1.107916 

NEON CPP_Iterative blockSize: 16384 executionTime: 2.005573 1.970625 2.083958 1.970938 2.029896 2.096458 2.193438 1.956251 2.04875 1.910261 1.959948 2.053542 1.964687 1.971667 2.046563 1.99099 2.073074 2.09573 1.959375 2.039219 2.038125 2.019063 2.157553 2.117969 2.176771 2.08474 2.22401 2.587344 2.747344 2.00599 

NEON CPP_Iterative blockSize: 32768 executionTime: 4.135261 4.244219 4.259635 4.27875 3.97849 4.011094 3.989688 4.052084 4.132083 4.353386 4.084531 4.113125 4.072865 5.275053 3.96224 4.505157 4.20672 4.025833 4.014219 3.945208 4.111198 4.134688 3.987657 4.111094 4.348386 4.04698 5.580521 4.141928 4.12474 3.871563 

NEON CPP_Iterative blockSize: 65536 executionTime: 9.998491 9.605106 9.39948 9.514845 10.607866 9.534585 9.457449 9.511928 9.176043 10.092085 9.316824 9.697032 9.817761 9.868126 9.482032 9.772137 11.93448 11.81422 9.463959 9.375157 9.276928 9.431824 9.233855 10.664845 9.691407 11.42922 9.614428 9.782605 9.211772 9.436616 

NEON CPP_Iterative blockSize: 131072 executionTime: 23.503336 22.755836 22.660315 23.817919 22.865627 24.669117 24.077399 24.764586 24.555315 26.35042 30.852295 26.9087 26.491513 25.706826 25.300524 25.260003 27.585732 25.737451 26.543076 29.909483 26.111826 32.476201 30.200056 27.178857 27.903128 27.147034 27.325211 29.213493 33.481514 30.702347 

NEON CPP_Iterative blockSize: 262144 executionTime: 56.389797 64.14886 56.269485 67.748704 69.261204 59.820006 64.472506 54.776307 55.464068 70.555372 59.921985 58.961881 64.052662 58.361672 59.929642 69.13334 61.985423 63.126308 57.639433 64.165371 80.159956 71.30558 72.101414 70.47433 74.490789 72.971361 67.69985 75.34407 71.871778 58.917506 

