numTests 30
JNI 1_Benchmark_no_params blockSize: 16 executionTime: 8.385 2.24 1.719 1.614 1.562 1.615 1.667 1.614 1.719 1.615 1.77 1.667 1.667 1.666 1.667 1.615 1.614 1.667 1.615 1.875 1.563 1.667 1.666 1.667 1.615 1.667 1.615 1.614 1.667 1.562 

JNI 1_Benchmark_no_params blockSize: 32 executionTime: 1.979 1.667 1.614 1.615 1.563 1.563 1.614 1.615 1.615 1.562 1.563 1.562 2.709 1.615 1.615 1.562 1.614 1.614 1.563 1.615 1.614 1.614 1.563 1.615 1.562 1.666 1.615 1.615 1.615 1.666 

JNI 1_Benchmark_no_params blockSize: 64 executionTime: 2.656 1.718 1.666 1.562 1.562 1.563 1.562 7.188 1.563 1.615 1.563 1.562 1.562 1.615 1.563 1.562 1.667 1.563 1.562 1.614 1.562 1.562 1.563 1.562 1.562 1.563 1.667 1.563 1.563 1.614 

JNI 1_Benchmark_no_params blockSize: 128 executionTime: 1.823 1.562 1.667 1.615 1.563 1.562 1.562 1.511 1.511 1.563 1.562 1.562 1.614 1.51 1.563 1.563 1.562 1.563 1.614 1.615 1.562 1.615 1.563 1.563 1.562 1.562 1.614 1.771 1.667 1.563 

JNI 1_Benchmark_no_params blockSize: 256 executionTime: 2.083 1.615 1.563 1.615 1.614 1.563 1.666 1.614 1.562 1.562 1.511 1.563 1.562 1.563 1.563 1.562 1.563 1.563 1.563 1.614 1.563 1.823 1.615 1.562 1.563 1.51 1.511 1.823 2.136 1.719 

JNI 1_Benchmark_no_params blockSize: 512 executionTime: 1.927 1.667 1.615 1.667 1.615 5.417 1.823 2.031 1.875 1.615 1.614 1.615 1.614 1.562 1.667 1.667 1.615 1.614 1.615 1.562 1.615 1.615 1.614 1.614 1.563 1.562 1.563 1.667 1.562 1.563 

JNI 1_Benchmark_no_params blockSize: 1024 executionTime: 1.719 1.615 1.563 1.562 1.563 1.563 2.552 1.875 3.021 1.823 1.823 1.511 1.614 1.615 1.615 1.615 1.562 1.51 1.562 1.563 1.614 1.615 1.614 1.562 1.562 1.563 1.562 1.563 1.615 1.563 

JNI 1_Benchmark_no_params blockSize: 2048 executionTime: 1.719 1.563 1.615 1.615 1.563 1.562 1.562 1.562 1.615 1.614 1.615 1.563 1.563 1.562 1.563 1.563 1.563 1.614 1.563 1.614 1.615 1.562 1.614 1.615 1.615 1.562 1.562 1.614 1.51 1.615 

JNI 1_Benchmark_no_params blockSize: 4096 executionTime: 1.771 1.614 1.562 1.563 1.562 1.562 1.563 1.614 1.562 1.614 1.563 1.615 1.562 1.979 1.719 1.615 1.615 1.666 1.771 1.615 1.614 1.614 1.562 1.615 1.771 1.667 1.614 1.563 1.563 1.667 

JNI 1_Benchmark_no_params blockSize: 8192 executionTime: 1.771 1.615 1.615 1.927 1.667 1.614 1.563 1.667 1.875 1.666 2.604 1.666 1.667 1.666 1.667 1.666 1.614 1.615 1.666 1.614 1.667 1.875 1.614 1.563 1.875 1.719 1.667 1.666 1.614 1.562 

JNI 1_Benchmark_no_params blockSize: 16384 executionTime: 1.718 1.614 1.718 1.614 1.614 5.052 1.615 1.615 1.718 1.719 1.875 1.719 1.562 1.666 2.083 1.667 1.666 1.614 1.615 1.928 1.822 1.667 1.615 1.718 1.614 1.875 1.615 1.615 1.667 1.667 

JNI 1_Benchmark_no_params blockSize: 32768 executionTime: 1.771 1.667 1.615 1.614 1.615 1.615 1.562 1.615 1.614 1.667 1.615 4.375 1.667 1.614 1.614 1.615 1.614 1.615 1.667 1.667 1.615 1.615 1.666 1.666 1.615 1.614 1.666 1.615 1.614 1.667 

JNI 1_Benchmark_no_params blockSize: 65536 executionTime: 1.823 1.615 1.614 1.614 4.791 1.614 1.615 1.615 1.614 1.615 1.614 1.615 1.667 1.667 1.719 1.667 1.719 1.615 1.667 1.563 1.615 1.667 1.719 1.666 1.667 1.667 1.666 1.667 1.615 1.614 

JNI 1_Benchmark_no_params blockSize: 131072 executionTime: 1.823 1.614 1.615 1.666 1.667 1.667 1.615 1.666 1.614 1.667 1.614 1.615 1.615 1.615 1.667 1.667 1.615 1.615 1.666 1.614 2.188 1.667 1.667 1.615 1.615 2.031 1.667 1.666 1.615 1.667 

JNI 1_Benchmark_no_params blockSize: 262144 executionTime: 2.187 1.666 1.614 1.615 1.614 1.667 1.615 1.615 1.615 3.959 1.823 1.615 1.614 1.563 1.667 1.667 1.718 1.614 1.667 1.614 1.667 1.615 1.667 1.666 1.615 1.666 1.667 1.615 1.666 1.615 

JNI 2_Benchmark_vector blockSize: 16 executionTime: 3.75 1.719 1.718 1.667 1.667 1.719 1.719 1.719 1.666 1.98 1.666 1.667 1.823 1.719 1.615 1.614 1.719 1.771 1.667 1.666 1.719 1.667 1.719 1.666 1.667 1.719 1.667 1.615 1.719 1.875 

JNI 2_Benchmark_vector blockSize: 32 executionTime: 2.187 1.719 1.666 1.667 1.719 3.646 1.875 1.719 1.719 2.136 1.719 1.667 1.614 1.98 1.667 1.614 1.667 1.666 1.667 1.667 1.614 1.823 1.615 1.927 1.719 1.667 1.667 2.031 2.135 1.875 

JNI 2_Benchmark_vector blockSize: 64 executionTime: 1.979 1.823 1.979 1.823 1.771 1.823 1.771 1.718 1.771 1.823 1.771 1.823 1.771 1.771 1.875 1.771 1.927 1.823 1.771 1.77 1.823 1.667 1.719 1.719 1.771 1.718 1.666 1.771 1.771 2.552 

JNI 2_Benchmark_vector blockSize: 128 executionTime: 2.396 1.771 1.875 1.927 1.719 1.823 1.771 1.875 1.771 10.104 2.188 1.979 1.875 1.771 1.823 1.823 1.875 1.823 1.771 1.823 1.823 1.823 1.875 1.823 1.771 1.823 1.823 1.823 1.823 1.875 

JNI 2_Benchmark_vector blockSize: 256 executionTime: 2.032 1.875 1.823 2.031 2.083 1.823 1.979 1.823 1.927 1.979 2.292 1.875 1.822 1.771 1.823 1.77 1.823 1.875 1.875 1.823 1.822 1.875 1.927 1.771 2.083 1.823 1.823 1.875 1.875 2.084 

JNI 2_Benchmark_vector blockSize: 512 executionTime: 2.135 2.083 1.875 2.135 1.823 1.875 2.552 2.083 1.979 3.438 2.084 2.76 2.5 2.813 2.083 2.291 1.875 2.239 2.344 2.343 4.375 2.396 2.083 2.343 2.344 1.927 2.083 2.083 2.135 4.01 

JNI 2_Benchmark_vector blockSize: 1024 executionTime: 2.812 2.083 2.708 1.979 2.083 1.979 2.968 2.656 5.0 2.188 1.979 2.084 2.448 2.084 2.5 1.875 2.448 3.802 1.146 1.354 1.198 1.093 37.604 1.146 1.146 1.615 1.042 1.302 1.354 1.198 

JNI 2_Benchmark_vector blockSize: 2048 executionTime: 3.334 1.146 1.093 1.094 1.094 1.042 1.25 3.177 1.093 1.094 1.198 1.198 1.459 1.094 2.083 3.541 2.292 1.198 1.093 1.041 1.146 1.093 1.094 1.041 1.145 1.094 1.093 1.094 1.198 3.802 

JNI 2_Benchmark_vector blockSize: 4096 executionTime: 2.708 1.77 1.25 1.25 1.355 1.459 1.406 1.146 1.51 1.094 1.094 3.281 1.093 1.407 1.25 1.145 1.719 1.25 1.146 1.146 1.667 2.135 1.145 1.302 1.771 1.302 1.094 1.354 1.302 1.145 

JNI 2_Benchmark_vector blockSize: 8192 executionTime: 2.969 1.355 1.146 1.198 1.25 1.615 3.386 2.448 1.198 1.146 1.354 2.396 1.302 1.823 1.615 2.657 1.459 1.771 2.708 2.761 2.24 1.406 1.354 1.562 1.615 3.282 1.667 3.646 2.343 3.75 

JNI 2_Benchmark_vector blockSize: 16384 executionTime: 1.979 2.187 2.292 1.615 1.25 1.667 1.979 2.448 1.614 2.084 1.927 1.667 1.927 7.084 1.355 2.343 1.51 2.343 2.709 2.188 2.24 1.875 1.406 2.917 21.094 1.771 2.5 1.511 2.605 1.25 

JNI 2_Benchmark_vector blockSize: 32768 executionTime: 2.552 1.771 2.604 2.24 2.032 2.344 2.812 2.917 2.552 1.51 2.448 1.718 1.667 2.396 2.916 1.979 2.084 2.24 1.458 2.292 2.344 2.135 1.823 2.917 2.187 2.188 1.25 2.292 1.719 1.718 

JNI 2_Benchmark_vector blockSize: 65536 executionTime: 3.646 2.084 3.958 3.437 3.073 2.813 2.708 2.084 7.968 3.697 5.0 3.021 2.344 3.229 3.073 6.042 2.708 3.49 3.958 3.281 3.854 3.438 2.552 2.761 3.803 2.864 3.49 3.646 6.511 2.813 

JNI 2_Benchmark_vector blockSize: 131072 executionTime: 4.636 3.281 5.729 4.322 7.344 4.323 3.75 3.281 2.968 3.437 2.761 4.791 7.396 4.271 3.072 4.792 3.594 4.114 3.49 4.635 2.552 4.219 3.49 5.156 3.177 4.01 3.594 4.01 4.688 4.427 

JNI 2_Benchmark_vector blockSize: 262144 executionTime: 4.271 4.322 3.645 4.063 4.011 5.052 3.333 9.166 4.114 4.271 3.178 3.958 5.156 4.844 4.844 4.687 3.958 4.375 4.584 4.27 5.156 4.687 3.958 8.438 5.0 4.114 2.969 5.417 4.011 3.646 

JNI 3_Benchmark_convert blockSize: 16 executionTime: 7.708 2.448 2.5 2.5 2.447 2.395 2.448 2.396 2.448 2.396 2.448 2.448 2.396 2.396 2.396 2.395 2.344 2.604 2.448 2.396 2.344 2.344 2.396 2.344 2.344 2.344 2.344 2.604 2.344 2.448 

JNI 3_Benchmark_convert blockSize: 32 executionTime: 2.969 2.395 2.343 2.344 2.344 2.344 2.291 2.291 2.24 2.291 2.344 2.5 2.343 2.292 2.343 2.343 2.344 2.292 2.344 2.396 2.344 2.396 2.291 2.604 2.344 2.343 2.292 2.239 2.292 2.292 

JNI 3_Benchmark_convert blockSize: 64 executionTime: 2.604 2.448 2.292 2.292 2.344 2.291 2.396 2.344 2.395 2.5 2.396 2.344 2.343 2.24 3.333 6.614 2.917 2.552 2.656 2.448 2.448 2.448 3.229 2.5 2.5 2.604 2.552 2.344 2.448 2.553 

JNI 3_Benchmark_convert blockSize: 128 executionTime: 2.969 2.448 2.396 2.5 2.708 2.396 2.604 2.552 2.396 2.5 2.604 2.5 2.396 2.604 2.448 2.604 2.5 2.448 2.5 2.448 2.448 2.344 2.448 2.448 2.396 2.343 2.552 2.5 2.396 2.5 

JNI 3_Benchmark_convert blockSize: 256 executionTime: 2.917 2.552 2.448 2.708 2.604 2.552 2.448 2.552 2.5 2.5 2.5 2.448 2.968 2.656 2.604 2.5 2.5 2.5 2.448 2.448 2.552 2.5 2.553 2.448 2.396 2.5 2.5 2.448 2.605 2.448 

JNI 3_Benchmark_convert blockSize: 512 executionTime: 3.073 3.229 2.604 2.552 2.448 3.021 2.552 2.448 2.552 2.448 2.5 2.448 2.552 2.448 2.448 2.5 2.5 2.448 2.552 2.396 2.657 2.5 2.552 2.5 2.448 2.552 2.448 2.5 2.656 2.5 

JNI 3_Benchmark_convert blockSize: 1024 executionTime: 3.177 2.76 2.447 2.604 2.5 3.177 2.812 3.177 2.604 4.532 2.812 1.823 1.719 1.771 1.666 1.719 1.615 2.083 2.344 1.667 1.719 1.719 1.667 1.667 2.292 1.719 1.875 1.666 1.719 1.666 

JNI 3_Benchmark_convert blockSize: 2048 executionTime: 2.76 2.187 1.875 1.875 1.719 2.031 1.771 1.823 1.718 1.615 2.135 2.552 1.875 1.719 1.719 1.823 1.979 1.667 1.666 1.979 1.667 1.667 1.667 1.875 1.979 1.719 1.667 2.083 2.448 1.667 

JNI 3_Benchmark_convert blockSize: 4096 executionTime: 2.656 1.927 1.667 2.604 1.666 1.822 2.187 1.667 1.771 1.771 1.719 1.667 1.719 1.979 1.718 2.5 1.823 1.875 1.666 2.188 1.927 1.771 1.771 1.823 1.979 1.771 1.719 2.917 2.24 1.667 

JNI 3_Benchmark_convert blockSize: 8192 executionTime: 2.291 2.031 2.135 1.979 1.823 2.864 1.927 2.083 1.771 1.927 1.875 3.021 6.094 1.719 1.718 1.927 2.031 2.239 1.719 2.448 2.083 1.719 1.979 2.917 2.084 1.823 1.979 1.718 1.719 1.77 

JNI 3_Benchmark_convert blockSize: 16384 executionTime: 3.49 2.5 2.031 3.333 2.864 2.916 3.229 2.032 2028.281 2.552 2.604 2.083 1.875 1.927 2.604 2.188 1.927 2.292 1.875 1.979 3.021 1.979 2.188 2.917 1.823 2.083 3.177 1.98 1.823 1.823 

JNI 3_Benchmark_convert blockSize: 32768 executionTime: 3.125 3.855 2.761 3.229 5.209 2.395 2.292 3.542 2.344 3.698 2.604 3.646 3.333 3.334 6.771 3.594 3.073 4.583 2.708 3.125 3.021 2.656 6.614 1.979 2.344 2.344 2.188 2.656 2.604 2.188 

JNI 3_Benchmark_convert blockSize: 65536 executionTime: 3.907 3.49 4.896 4.062 3.125 4.01 4.844 6.823 2.917 3.281 3.854 3.073 3.907 4.219 3.542 3.802 4.27 4.167 3.906 4.115 8.594 6.719 2.604 2.76 3.125 3.854 4.479 3.177 3.75 4.74 

JNI 3_Benchmark_convert blockSize: 131072 executionTime: 6.25 5.677 8.229 3.646 4.375 4.895 5.886 5.261 6.407 3.333 4.218 4.271 4.792 5.677 7.24 9.218 4.375 4.271 5.833 6.719 5.26 6.094 5.573 9.948 4.011 4.74 5.208 5.729 5.313 5.833 

JNI 3_Benchmark_convert blockSize: 262144 executionTime: 7.708 8.854 7.708 8.593 7.917 6.146 7.812 7.656 10.313 7.761 7.969 11.042 9.062 9.688 8.646 10.677 8.072 8.125 11.771 6.979 9.479 9.948 12.188 7.657 8.385 8.385 9.843 7.708 7.395 8.282 

JNI 4_Benchmark_Columbia blockSize: 16 executionTime: 9.219 4.167 4.01 3.646 3.594 3.698 3.698 3.542 3.646 3.646 3.645 3.594 3.802 3.698 3.542 3.594 3.541 3.541 3.646 3.593 3.646 3.594 3.698 3.594 3.594 3.542 3.646 3.802 3.698 3.646 

JNI 4_Benchmark_Columbia blockSize: 32 executionTime: 4.063 3.854 3.802 3.646 3.594 3.646 3.906 3.594 3.594 3.594 3.594 3.542 4.687 3.855 3.698 3.646 3.958 3.646 3.75 3.646 3.646 3.698 3.698 3.594 3.594 3.646 3.75 3.75 3.698 3.646 

JNI 4_Benchmark_Columbia blockSize: 64 executionTime: 3.959 5.26 4.479 4.011 3.698 4.323 3.542 3.75 3.698 3.698 3.854 3.854 3.646 3.698 3.646 3.75 3.802 3.698 3.697 3.855 4.115 5.572 3.698 3.698 3.698 3.646 3.75 3.646 3.593 3.438 

JNI 4_Benchmark_Columbia blockSize: 128 executionTime: 4.219 4.167 3.594 3.646 3.542 3.594 3.75 3.75 3.802 4.687 3.698 3.541 3.593 3.646 3.75 3.698 4.063 3.802 3.698 3.698 3.75 3.75 3.646 3.698 3.646 3.593 4.219 3.75 3.75 5.208 

JNI 4_Benchmark_Columbia blockSize: 256 executionTime: 4.531 3.698 3.698 3.75 3.854 3.698 3.593 3.646 3.646 4.739 3.802 3.75 4.01 4.532 3.698 3.646 3.646 3.802 3.698 3.698 3.698 3.646 3.646 3.646 5.573 4.531 3.75 3.802 4.167 3.75 

JNI 4_Benchmark_Columbia blockSize: 512 executionTime: 4.636 4.115 3.907 3.906 3.698 3.854 3.958 4.896 3.802 3.906 3.75 3.802 3.698 4.583 4.01 4.948 3.75 4.583 3.855 3.698 3.698 3.802 3.802 4.011 4.896 4.01 3.958 3.854 3.75 4.011 

JNI 4_Benchmark_Columbia blockSize: 1024 executionTime: 5.156 4.115 5.313 4.219 3.698 2.969 2.968 4.011 2.812 3.385 3.177 2.761 3.072 2.76 2.812 2.656 2.708 2.76 2.657 2.708 2.761 2.709 2.708 2.708 2.76 2.708 3.333 2.708 2.76 2.708 

JNI 4_Benchmark_Columbia blockSize: 2048 executionTime: 4.74 4.219 3.073 3.021 3.959 3.177 3.437 3.177 3.385 3.021 3.021 9.584 3.386 12.76 3.333 3.645 3.49 10.468 3.073 3.854 3.073 3.281 3.177 3.593 3.021 2.968 2.917 3.073 2.969 2.864 

JNI 4_Benchmark_Columbia blockSize: 4096 executionTime: 3.542 3.229 3.021 3.802 3.125 3.125 3.437 4.063 3.073 3.02 3.073 3.959 3.333 3.854 3.021 3.437 3.177 3.073 3.333 4.531 3.802 3.073 3.854 3.645 3.021 3.177 4.115 3.698 4.167 3.281 

JNI 4_Benchmark_Columbia blockSize: 8192 executionTime: 4.584 4.114 3.385 3.021 4.479 3.073 2.656 10.209 3.281 2.76 3.125 3.229 2.708 2.865 3.177 2.709 3.021 3.802 3.281 3.229 3.802 2.917 2.708 3.855 4.375 3.698 3.697 3.542 3.282 2.761 

JNI 4_Benchmark_Columbia blockSize: 16384 executionTime: 4.74 4.844 3.803 4.427 5.156 5.886 5.156 4.583 4.427 13.854 5.469 7.813 6.302 3.906 4.635 3.02 6.042 3.906 2.917 5.26 5.52 4.636 4.167 3.386 3.437 10.521 9.479 2.812 3.073 3.542 

JNI 4_Benchmark_Columbia blockSize: 32768 executionTime: 4.584 4.323 4.114 4.48 4.791 4.427 4.896 5.26 4.896 5.417 5.521 5.625 4.687 5.885 5.157 6.666 8.072 3.802 4.063 4.844 4.479 4.427 4.948 5.417 6.562 5.0 5.156 5.677 4.323 5.625 

JNI 4_Benchmark_Columbia blockSize: 65536 executionTime: 8.542 6.875 10.625 3.906 5.208 7.448 6.875 5.157 6.458 6.302 4.947 5.521 8.802 3.854 6.25 6.927 7.292 6.719 7.448 5.209 6.667 6.718 5.417 5.573 6.302 9.74 3.906 4.531 7.865 6.406 

JNI 4_Benchmark_Columbia blockSize: 131072 executionTime: 8.438 8.802 8.698 6.302 7.916 6.51 7.865 9.167 6.458 9.166 7.187 9.635 8.333 8.542 11.823 8.489 7.656 7.656 7.187 7.448 9.167 8.437 7.917 8.49 8.386 9.896 7.5 7.917 9.687 7.708 

JNI 4_Benchmark_Columbia blockSize: 262144 executionTime: 11.25 12.239 10.625 10.104 10.99 11.458 10.0 10.73 13.386 10.053 9.583 10.156 9.114 10.885 10.729 9.948 9.48 9.739 9.375 12.031 14.323 11.041 11.198 10.521 10.0 11.093 10.989 11.458 10.729 10.73 

FFT Java_Princeton_Iterative blockSize: 16 executionTime: 0.220208 0.155 0.149844 0.156302 0.163438 0.165156 0.175 0.165572 0.18151 0.152656 0.15177 0.153697 0.112865 0.134063 0.112813 0.112136 0.113645 0.111718 0.11151 0.111667 0.112084 0.113958 0.114635 0.111927 0.11375 0.110208 0.109375 0.111719 0.11401 0.115365 

FFT Java_Princeton_Iterative blockSize: 32 executionTime: 0.25875 0.25974 0.263021 0.259844 0.262187 0.256354 0.265 0.257292 0.279948 0.261094 0.258281 0.253958 0.260781 0.260052 0.255052 0.255677 0.261406 0.253698 0.279688 0.260833 0.277395 0.027761 0.025104 0.027448 0.026354 0.025834 0.030052 0.025573 0.025104 0.028281 

FFT Java_Princeton_Iterative blockSize: 64 executionTime: 0.054375 0.059427 0.057292 0.054688 0.056771 0.059011 0.056563 0.060677 0.060261 0.05552 0.056198 0.05901 0.060833 0.054635 0.059427 0.058698 0.054844 0.055729 0.057917 0.05401 0.059323 0.057031 0.054896 0.059166 0.058645 0.055156 0.06125 0.060417 0.060781 0.055365 

FFT Java_Princeton_Iterative blockSize: 128 executionTime: 0.129115 0.128854 0.126042 0.131146 0.122136 0.533593 0.13026 0.130052 0.125157 0.130208 0.128125 0.125833 0.15625 0.130625 0.128073 0.12349 0.127708 0.126407 0.172916 0.13099 0.128594 0.131614 0.164844 0.128125 0.12823 0.133386 0.136875 0.129687 0.131198 0.127448 

FFT Java_Princeton_Iterative blockSize: 256 executionTime: 0.295052 0.290833 0.299167 0.283385 0.286354 0.283229 0.293541 0.287084 0.336459 0.365677 0.384167 0.320677 0.322865 0.324063 0.332656 0.330417 0.366302 0.365312 0.330937 0.323437 0.323542 0.32625 0.322864 0.319323 0.323021 0.325105 0.334948 0.322917 0.322396 0.324584 

FFT Java_Princeton_Iterative blockSize: 512 executionTime: 0.733385 0.879531 0.813594 0.794271 0.736094 0.73573 0.810313 0.775261 0.743073 0.747239 0.787448 0.738073 0.780573 0.718334 0.806406 0.748386 0.731406 0.741458 0.770782 0.740729 0.720365 0.714063 0.830157 0.724687 0.728437 0.751407 0.757187 0.726406 0.722395 0.754375 

FFT Java_Princeton_Iterative blockSize: 1024 executionTime: 1.755156 1.851979 2.121458 1.641771 1.621251 1.782813 1.747448 1.742969 1.652604 1.602812 1.756823 4.683594 1.615625 1.53401 1.563386 1.631458 1.644844 1.662605 1.651302 2.27349 4.362865 3.571511 3.85448 3.915677 3.228698 4.542917 3.619219 2.167917 2.197708 2.256563 

FFT Java_Princeton_Iterative blockSize: 2048 executionTime: 5.504428 3.516302 3.570886 3.425625 3.570886 3.391459 3.459063 3.616719 3.472188 3.550782 3.584427 3.488542 3.95849 3.994011 3.78698 3.770625 3.943803 3.802813 3.837605 4.792708 4.762188 5.809532 5.890365 5.505626 5.690157 4.944949 5.125522 3.610678 3.414636 3.448855 

FFT Java_Princeton_Iterative blockSize: 4096 executionTime: 7.766094 7.896616 7.817188 7.706094 7.910105 7.796459 7.898594 9.329688 11.179428 13.033074 13.074428 11.388439 10.532033 8.278959 10.330053 9.330678 8.544689 8.438387 8.513699 10.658387 14.099533 14.173491 10.494324 8.453334 8.658855 8.510158 8.981771 9.071512 9.066407 8.442553 

FFT Java_Princeton_Iterative blockSize: 8192 executionTime: 23.961617 35.399691 18.805731 22.299481 20.856408 32.436097 23.639326 19.909012 19.668127 19.630835 35.064118 26.146617 20.162189 18.842033 21.300158 34.825784 18.520158 18.707241 20.309221 28.349533 32.850785 19.126408 18.403023 20.542607 36.616201 18.535262 18.596981 18.524169 25.856565 30.223076 

FFT Java_Princeton_Iterative blockSize: 16384 executionTime: 48.268234 67.874329 47.737505 69.922924 47.95162 68.30209 47.766984 69.840684 47.316775 67.335892 48.865734 71.613601 47.792036 72.567039 49.415317 71.760945 49.206203 68.222038 49.106151 66.84183 49.200838 67.361412 53.605057 66.418809 54.797089 62.472767 53.492558 64.871152 51.532557 63.595528 

FFT Java_Princeton_Iterative blockSize: 32768 executionTime: 137.882409 137.774233 138.476628 147.531056 152.579858 148.365796 154.323244 149.760797 152.165172 156.408401 156.315224 149.808557 161.718975 156.471214 152.280744 150.342931 158.234338 159.66137 154.447463 152.070223 150.195692 152.091161 150.764859 155.883817 150.037828 146.081056 149.272931 146.272202 145.848868 146.353036 

FFT Java_Princeton_Iterative blockSize: 65536 executionTime: 341.107378 389.396237 378.437434 353.529723 383.855819 356.691651 365.708265 356.745297 360.891338 367.085036 357.06639 365.704672 341.175607 365.383422 355.892953 367.902745 359.503943 365.734619 354.508004 369.907172 354.201494 371.987797 360.333786 372.963839 360.409932 369.786443 354.899202 366.340713 359.2129 375.450558 

FFT Java_Princeton_Iterative blockSize: 131072 executionTime: 800.116382 832.531124 841.606855 771.665494 788.830183 803.317007 842.65425 781.678984 827.911332 794.397111 810.808883 850.65597 802.82034 809.827165 841.361594 837.433521 796.384455 804.818673 786.848047 841.693626 810.519768 845.830657 804.102893 806.24107 831.655865 829.433207 838.591906 853.41545 836.850292 835.063312 

FFT Java_Princeton_Iterative blockSize: 262144 executionTime: 1907.656597 1837.606902 1831.276588 1813.134139 1814.667681 1870.260291 1906.862273 1928.283369 1826.463411 1924.567328 1833.722683 1851.524559 1926.362432 1842.7831 1939.224463 1844.43008 1822.128046 1845.672059 1832.69487 1843.503309 1843.894037 1854.636434 1814.013983 1843.794247 1931.224307 1934.007016 1837.87961 1931.194203 1854.699299 1914.165711 

FFT Java_Princeton_Recursive blockSize: 16 executionTime: 0.234427 0.123021 0.118438 0.191719 0.144114 0.115416 0.126979 0.128073 0.130156 0.128802 0.128333 0.17698 0.121145 0.127813 0.121823 0.122031 0.127448 0.132656 0.133489 0.209844 0.225521 0.155781 0.158386 0.128489 0.226302 0.162136 0.145989 0.13974 0.206614 0.139114 

FFT Java_Princeton_Recursive blockSize: 32 executionTime: 0.416042 0.332812 0.318594 0.317657 0.404479 0.382656 0.374375 0.364323 0.387969 0.306666 0.391146 0.324114 0.322812 0.366041 0.369427 0.326771 0.325365 0.329843 0.321198 0.402083 0.328594 0.327448 0.32125 0.387864 0.332187 0.365521 0.372604 0.095416 0.140312 0.09224 

FFT Java_Princeton_Recursive blockSize: 64 executionTime: 0.253854 0.217395 0.192292 0.249219 0.18526 0.256354 0.195105 0.224323 0.194531 0.153073 0.17526 0.15599 0.194479 0.152239 0.208385 0.189583 0.191718 0.165052 0.198282 0.252083 0.23099 0.135521 0.204375 0.148229 0.221511 0.186563 0.222709 0.166406 0.20776 0.1775 

FFT Java_Princeton_Recursive blockSize: 128 executionTime: 0.397292 0.772812 0.905261 0.818646 0.752813 0.771406 0.541094 0.351614 0.370729 0.484687 0.492709 0.453125 0.408125 0.371459 0.407656 0.378282 0.38849 0.380521 0.333437 0.394688 0.335989 0.390834 0.351146 0.357916 0.337344 0.339792 0.395365 0.4225 0.335938 0.338438 

FFT Java_Princeton_Recursive blockSize: 256 executionTime: 0.918542 0.860833 0.8525 2.016511 1.768803 1.668802 1.198907 1.076094 1.337761 1.354167 1.374375 1.102083 0.607396 0.630677 0.619011 0.709895 0.695209 0.685417 0.686979 0.72625 0.722656 0.803438 0.827552 0.939688 0.875209 0.791718 0.751719 0.760938 0.786302 0.719219 

FFT Java_Princeton_Recursive blockSize: 512 executionTime: 1.643386 1.497604 1.605574 1.446459 2.395729 3.283438 1.856719 1.772812 1.648386 1.297969 1.322083 1.269791 1.245521 1.309532 1.306562 1.297396 1.265365 1.264271 1.275417 1.267239 1.297657 1.242917 1.289791 1.238594 1.231042 1.279739 1.250469 1.269636 1.263073 1.256563 

FFT Java_Princeton_Recursive blockSize: 1024 executionTime: 2.83698 2.829115 2.949844 2.952501 2.92125 4.492292 4.875001 5.961928 4.935157 5.063334 4.880469 5.174271 4.52599 3.893021 3.875522 3.458386 3.37474 3.174688 4.1275 3.335365 2.861458 2.805625 2.767448 2.851875 2.912396 2.848959 2.876094 2.886094 2.813907 2.764792 

FFT Java_Princeton_Recursive blockSize: 2048 executionTime: 6.270782 6.378698 11.277137 13.245991 13.996095 9.041303 8.434375 8.238595 9.621251 6.407969 6.360157 6.249584 6.274479 6.475365 7.401824 9.850314 14.076877 10.246563 9.768647 8.016511 7.417501 8.148386 6.355939 6.29474 6.191251 6.129219 6.118334 6.546928 10.213543 17.35896 

FFT Java_Princeton_Recursive blockSize: 4096 executionTime: 26.026357 18.19271 17.753752 14.069481 14.183126 22.60495 22.578336 16.651721 14.982501 13.672971 14.76896 28.441565 25.077658 20.20896 15.271721 14.157553 17.161616 25.535471 20.051252 16.880314 13.863127 13.429793 22.776357 27.481669 17.936044 19.136096 14.086199 14.738647 27.12969 22.353856 

FFT Java_Princeton_Recursive blockSize: 8192 executionTime: 34.53542 43.033025 47.926567 31.688181 47.768754 35.352503 51.520057 39.075786 44.594171 38.84766 42.850264 48.861203 39.911358 43.430161 42.268181 46.721411 42.358651 39.386358 45.627922 42.745108 48.642661 37.06391 51.795943 47.648235 37.349847 53.833079 46.704119 44.619588 46.362557 45.569015 

FFT Java_Princeton_Recursive blockSize: 16384 executionTime: 114.708032 99.09626 107.227824 91.926415 70.708028 99.218863 94.182509 90.785842 71.292038 89.745738 92.300114 88.074957 93.210999 88.400061 89.050738 96.198447 93.066572 94.691729 101.316573 108.140219 109.255271 72.65183 93.243499 96.005738 83.044956 80.978081 97.575166 91.397457 94.467822 86.392769 

FFT Java_Princeton_Recursive blockSize: 32768 executionTime: 207.571843 212.281844 232.8482 208.253042 199.154395 178.632622 199.316999 223.590647 205.719083 186.853977 174.565903 193.755019 195.283613 209.475854 207.193146 225.57945 204.142312 199.163666 173.317778 197.831217 213.885178 223.083147 189.376582 182.516268 186.728612 187.114654 193.398874 209.696843 230.381117 207.119656 

FFT Java_Princeton_Recursive blockSize: 65536 executionTime: 417.714886 443.0127 426.812073 431.591658 478.624475 413.004468 455.811087 398.438946 407.97478 470.372964 436.414106 434.570824 466.754317 422.902282 426.379834 411.997854 414.686864 431.398168 403.224519 438.424627 401.459831 437.180304 407.549155 437.332336 415.414521 405.290718 474.799006 425.145459 427.981606 490.86583 

FFT Java_Princeton_Recursive blockSize: 131072 executionTime: 928.009103 890.804412 947.46499 911.817122 929.545093 971.06145 890.871547 911.147122 876.987848 897.439517 912.370925 890.956599 913.52556 927.953582 934.914416 911.740039 904.68884 923.80978 919.983112 893.685141 941.278167 931.770874 904.728059 877.777431 894.798214 918.60306 954.655877 913.030247 859.097638 962.050513 

FFT Java_Princeton_Recursive blockSize: 262144 executionTime: 2107.650835 2109.818283 2297.978771 2181.65402 2046.646246 2146.110475 2202.51423 2338.845962 2086.280676 2068.435623 2398.539927 2351.695807 2068.815518 2313.971116 2534.965356 2070.96432 2105.653074 2454.813786 2511.611396 2238.887306 2296.771947 2434.148315 2030.077859 2166.34532 2449.115973 2457.414359 2087.778541 2241.627307 2447.318108 2554.913588 

FFT Java_Columbia_Iterative blockSize: 16 executionTime: 0.031562 0.033906 0.027552 0.026719 0.026302 0.026563 0.026146 0.025781 0.027031 0.026302 0.026146 0.026146 0.025885 0.026407 0.026094 0.026146 0.026093 0.025937 0.026354 0.025729 0.025729 0.026042 0.025677 0.026041 0.025625 0.025885 0.025938 0.025729 0.026198 0.029323 

FFT Java_Columbia_Iterative blockSize: 32 executionTime: 0.056927 0.056354 0.055416 0.055937 0.055417 0.055469 0.055468 0.055989 0.055625 0.055521 0.055938 0.055365 0.055885 0.055416 0.055625 0.063542 0.057552 0.05651 0.056145 0.056459 0.056511 0.05625 0.055469 0.056666 0.056197 0.055677 0.065365 0.055937 0.055573 0.062656 

FFT Java_Columbia_Iterative blockSize: 64 executionTime: 0.162343 0.124114 0.124792 0.122916 0.123698 0.12276 0.155938 0.129115 0.122292 0.121823 0.122135 0.121979 0.122136 0.121562 0.121771 0.121927 0.12198 0.121667 0.125052 0.122083 0.121979 0.122083 0.121823 0.122031 0.1225 0.121875 0.122291 0.121771 0.122552 0.121719 

FFT Java_Columbia_Iterative blockSize: 128 executionTime: 0.26974 0.336979 0.402448 0.380156 0.37177 0.371875 0.370938 0.41651 0.012344 0.011771 0.010781 0.010521 0.010468 0.010365 0.010468 0.010469 0.010885 0.011823 0.010625 0.010677 0.010469 0.010677 0.011094 0.010625 0.010625 0.011197 0.010782 0.010469 0.010416 0.010417 

FFT Java_Columbia_Iterative blockSize: 256 executionTime: 0.022813 0.021771 0.021719 0.022812 0.023385 0.023646 0.023385 0.023021 0.023125 0.023333 0.023282 0.022812 0.023542 0.023854 0.023073 0.022657 0.023438 0.022708 0.023281 0.021979 0.023177 0.029948 0.022135 0.023021 0.022917 0.022448 0.022708 0.023125 0.023906 0.027812 

FFT Java_Columbia_Iterative blockSize: 512 executionTime: 0.048542 0.047187 0.045156 0.046719 0.046667 0.045937 0.047657 0.055886 0.064532 0.044791 0.044322 0.052291 0.045 0.045573 0.04375 0.044688 0.045209 0.043386 0.043802 0.045573 0.054427 0.05349 0.043021 0.045469 0.044323 0.044531 0.055052 0.055521 0.044687 0.044479 

FFT Java_Columbia_Iterative blockSize: 1024 executionTime: 0.093698 0.091354 0.093854 0.092188 0.093281 0.10625 0.106094 0.09401 0.100052 0.09849 0.090833 0.100156 0.098489 0.104323 0.101042 0.113073 0.091718 0.090104 0.093385 0.093594 0.091927 0.097969 0.107448 0.100208 0.092448 0.100208 0.099427 0.091198 0.101042 0.1 

FFT Java_Columbia_Iterative blockSize: 2048 executionTime: 0.312656 0.26448 0.422864 0.212708 0.508854 0.372135 0.348178 0.349166 0.284479 0.365469 0.391094 0.228438 0.28901 0.375989 0.274011 0.219636 0.217292 0.213646 0.218021 0.211093 0.22552 0.211562 0.209531 0.213386 0.207917 0.237552 0.210417 0.208438 0.215365 0.212396 

FFT Java_Columbia_Iterative blockSize: 4096 executionTime: 0.888333 1.014323 0.920104 1.055313 1.109375 1.040313 1.020104 0.958542 1.013281 1.026355 0.977083 0.98776 0.957657 0.933126 0.905729 0.930469 0.956563 0.884896 0.922344 0.923385 0.869479 0.863229 0.847552 0.833177 0.827813 0.832761 0.831302 0.873645 0.916146 0.889636 

FFT Java_Columbia_Iterative blockSize: 8192 executionTime: 1.810209 1.792864 1.837032 1.842032 1.852396 2.331198 1.91323 1.932604 1.888594 1.959427 1.87099 1.954323 1.976094 2.000365 1.998438 1.901302 2.042657 1.951094 1.9175 2.000885 1.936094 1.957605 1.922552 1.92724 1.864844 3.080678 3.297865 2.566771 2.353281 2.029167 

FFT Java_Columbia_Iterative blockSize: 16384 executionTime: 4.491615 4.406928 4.506303 4.124167 4.150625 4.286615 4.228594 4.357552 4.556511 4.517397 4.552552 4.488855 4.325677 4.308542 4.450574 4.366094 7.61849 6.734584 4.659063 4.274532 4.135834 4.49776 4.341719 4.504584 4.314792 4.34922 4.216511 4.31875 4.423178 4.397918 

FFT Java_Columbia_Iterative blockSize: 32768 executionTime: 10.299324 11.104168 14.836043 21.588439 16.784794 15.882033 10.093959 9.729115 9.762084 9.913647 10.37448 9.526876 9.428074 10.394272 10.043803 20.134585 9.867136 9.981199 9.664011 10.01271 9.670626 9.55047 9.711563 10.783751 20.354377 9.798283 9.995366 9.913074 10.007917 9.855262 

FFT Java_Columbia_Iterative blockSize: 65536 executionTime: 22.594794 24.692243 23.40094 40.658598 29.155732 22.559533 23.096721 23.405055 30.085576 24.887971 19.708752 18.480471 19.900471 17.160366 17.114793 19.624377 16.849898 17.255575 17.767449 36.412765 19.305679 17.460262 16.695262 16.224012 20.369117 21.492867 18.76021 18.007241 15.984012 18.295262 

FFT Java_Columbia_Iterative blockSize: 131072 executionTime: 70.801257 91.064905 70.578132 75.407038 70.871361 63.433548 94.341103 71.406726 75.090268 69.973184 71.778809 70.721101 79.634747 73.778654 59.288078 67.006778 63.526048 93.526624 67.889642 69.695163 62.281048 63.836777 71.297039 84.771779 66.179017 73.011518 70.794695 69.537924 73.28157 105.697042 

FFT Java_Columbia_Iterative blockSize: 262144 executionTime: 264.67388 372.524099 278.000497 272.156902 265.355235 340.684148 264.240443 264.999141 264.757526 341.476284 235.595909 247.910649 246.567577 267.722631 235.79294 253.536588 242.812732 262.894661 233.901013 245.036275 245.134868 253.119869 237.015909 246.661378 245.516171 322.193574 261.012578 304.460238 262.258464 312.380969 

FFT CPP_Princeton_Iterative blockSize: 16 executionTime: 0.041563 0.01125 0.009791 0.009687 0.010313 0.009583 0.009011 0.008958 0.008854 0.00901 0.008959 0.009063 0.00875 0.008698 0.008698 0.008698 0.008802 0.008907 0.009063 0.009792 0.009427 0.015417 0.009427 0.009166 0.009062 0.00875 0.009167 0.008802 0.008646 0.008959 

FFT CPP_Princeton_Iterative blockSize: 32 executionTime: 0.02724 0.014635 0.013438 0.012812 0.013073 0.013178 0.013333 0.012761 0.017917 0.013073 0.013906 0.013906 0.012865 0.012761 0.0125 0.01349 0.012604 0.012604 0.012657 0.012396 0.012448 0.012552 0.012604 0.012812 0.012657 0.012813 0.012656 0.0125 0.012552 0.047708 

FFT CPP_Princeton_Iterative blockSize: 64 executionTime: 0.030052 0.021145 0.022812 0.020625 0.021667 0.020573 0.020625 0.020833 0.020625 0.020105 0.02026 0.020313 0.020156 0.020468 0.023854 0.020729 0.021198 0.020729 0.020364 0.020625 0.020573 0.020885 0.020521 0.020156 0.020573 0.020573 0.020625 0.020573 0.020521 0.020364 

FFT CPP_Princeton_Iterative blockSize: 128 executionTime: 0.048906 0.036666 0.036042 0.035625 0.036041 0.037552 0.035521 0.035417 0.035417 0.035573 0.035781 0.035365 0.038541 0.061302 0.040105 0.036614 0.040365 0.03526 0.035156 0.035208 0.035156 0.035261 0.035729 0.035469 0.035521 0.035261 0.035209 0.035313 0.035208 0.035416 

FFT CPP_Princeton_Iterative blockSize: 256 executionTime: 0.080573 0.065313 0.06599 0.065104 0.065052 0.065053 0.064948 0.06474 0.065104 0.064792 0.064948 0.064896 0.065468 0.065521 0.07026 0.065833 0.065104 0.064948 0.064948 0.064895 0.065156 0.065261 0.065417 0.067188 0.065208 0.066041 0.065104 0.064896 0.065 0.064948 

FFT CPP_Princeton_Iterative blockSize: 512 executionTime: 0.151667 0.125208 0.124739 0.124271 0.124219 0.132187 0.125 0.124687 0.124427 0.125052 0.124792 0.125781 0.125938 0.125156 0.124896 0.125417 0.12625 0.125885 0.124531 0.125886 0.127604 0.12698 0.12651 0.132396 0.129427 0.125417 0.124323 0.12448 0.124739 0.159792 

FFT CPP_Princeton_Iterative blockSize: 1024 executionTime: 0.269687 0.241302 0.240625 0.239427 0.244011 0.282552 0.241562 0.277448 0.240573 0.241406 0.246354 0.242031 0.240156 0.239948 0.241771 0.278386 0.24198 0.243333 0.243281 0.240625 0.24375 0.242239 0.240261 0.276719 0.245 0.240729 0.240781 0.241719 0.241511 0.240677 

FFT CPP_Princeton_Iterative blockSize: 2048 executionTime: 0.608073 0.52474 0.51849 0.517865 0.574688 0.521406 0.521042 0.522552 0.556771 0.523854 0.528438 0.519843 0.559948 0.523906 0.527709 0.519166 0.520937 0.572708 0.564584 0.55625 0.522344 0.521823 0.524688 0.534375 0.526875 0.525625 0.522605 0.530833 0.529532 0.523594 

FFT CPP_Princeton_Iterative blockSize: 4096 executionTime: 1.262864 1.134948 1.13198 1.180052 1.135417 1.132813 1.145053 1.194636 1.144271 1.135938 1.252292 1.172344 1.173542 1.222708 1.651042 1.498021 1.353907 1.457761 1.341875 1.359844 1.32401 1.312916 1.375677 1.288698 1.287291 1.183334 1.130364 1.122708 1.125364 1.127969 

FFT CPP_Princeton_Iterative blockSize: 8192 executionTime: 2.590417 2.549583 2.540834 2.472761 2.462969 2.470313 2.433542 2.460209 3.175209 2.455886 2.533021 2.521979 2.491042 2.454687 2.544011 2.558177 2.463073 2.497708 2.445885 2.522083 2.580312 2.47724 2.496719 2.604687 2.521094 2.525157 2.495938 2.659688 2.529792 2.500886 

FFT CPP_Princeton_Iterative blockSize: 16384 executionTime: 5.497866 5.421928 5.369271 6.338646 7.800522 5.584064 5.300313 5.235573 5.206771 5.350573 5.277969 5.271042 5.329063 5.24599 5.34323 5.38375 5.366407 5.27875 5.522344 5.296615 5.346302 5.33172 5.283229 5.386199 5.258282 5.669011 7.71349 8.746875 5.249896 5.30625 

FFT CPP_Princeton_Iterative blockSize: 32768 executionTime: 11.238803 11.36297 11.45797 11.141303 11.423647 11.368491 11.468282 11.602761 11.388387 20.476147 11.164949 11.166459 11.19672 11.135261 11.566876 11.344324 11.307814 11.44349 11.376043 20.842502 11.166095 11.150834 11.278907 11.272137 12.148075 11.141199 11.169168 18.844897 11.177553 11.08547 

FFT CPP_Princeton_Iterative blockSize: 65536 executionTime: 24.494482 27.830784 35.216253 24.399013 24.943961 24.260159 31.446253 24.276044 35.75641 39.122244 23.98594 24.47193 24.284065 26.745315 27.128544 41.837765 25.703752 27.234743 25.622815 20.773544 18.799586 30.563962 18.809898 18.806668 19.668752 18.331095 24.069638 19.104064 18.106252 25.707346 

FFT CPP_Princeton_Iterative blockSize: 131072 executionTime: 64.300371 69.208913 67.590684 93.147249 62.695527 63.761204 71.983132 66.458236 64.346882 71.679747 64.515215 92.740999 63.093392 65.441673 72.583237 65.048079 64.00058 82.001518 79.615685 108.297563 80.529383 82.370477 88.482249 80.639331 81.869227 86.876467 80.867716 104.525896 80.111674 82.47657 

FFT CPP_Princeton_Iterative blockSize: 262144 executionTime: 283.820862 271.541485 321.814667 302.761645 305.564093 303.375499 300.044093 278.108934 269.013255 256.542422 254.134661 272.710705 259.844036 256.216067 300.460081 297.747634 239.649138 241.655857 263.482005 229.625648 232.243721 222.137157 208.006427 210.977469 227.038355 238.81393 244.33492 236.659711 236.603722 341.832846 

FFT CPP_Princeton_Recursive blockSize: 16 executionTime: 0.064323 0.022292 0.027864 0.019687 0.019167 0.019219 0.019219 0.019219 0.019167 0.019375 0.019167 0.019063 0.019011 0.019583 0.019167 0.019167 0.018959 0.01901 0.019375 0.019166 0.01901 0.081562 0.020312 0.019739 0.018958 0.018958 0.01948 0.019115 0.018906 0.018906 

FFT CPP_Princeton_Recursive blockSize: 32 executionTime: 0.043125 0.036406 0.035834 0.035365 0.035312 0.036823 0.035261 0.03552 0.034792 0.035104 0.035104 0.034844 0.035365 0.036823 0.035104 0.034896 0.035156 0.147291 0.035781 0.035313 0.038542 0.035782 0.03526 0.035261 0.037865 0.035261 0.035 0.037916 0.035416 0.035052 

FFT CPP_Princeton_Recursive blockSize: 64 executionTime: 0.08026 0.073073 0.0725 0.068959 0.069063 0.070313 0.070417 0.069844 0.069323 0.06974 0.070365 0.069791 0.101771 0.069532 0.070104 0.0775 0.070156 0.07099 0.069271 0.068854 0.069114 0.071094 0.069688 0.069688 0.068959 0.069323 0.069011 0.070729 0.069115 0.069062 

FFT CPP_Princeton_Recursive blockSize: 128 executionTime: 0.153073 0.144427 0.143073 0.142969 0.143594 0.144167 0.142812 0.143229 0.144062 0.240677 0.144947 0.144687 0.144271 0.143281 0.150937 0.144792 0.143594 0.143438 0.142708 0.144948 0.149479 0.143698 0.142812 0.14276 0.143281 0.144843 0.143854 0.178907 0.144584 0.143698 

FFT CPP_Princeton_Recursive blockSize: 256 executionTime: 0.320729 0.301823 0.303177 0.299948 0.299167 0.299271 0.3 0.301667 0.335521 0.302448 0.315833 0.299063 0.299844 0.3 0.298907 0.298751 0.3 0.324322 0.302396 0.300313 0.305104 0.299791 0.299688 0.299635 0.298959 0.299375 0.309375 0.302604 0.296458 0.294635 

FFT CPP_Princeton_Recursive blockSize: 512 executionTime: 0.666146 0.637239 0.657812 0.633073 0.622656 0.632916 0.628593 0.668958 0.628021 0.624636 0.621562 0.647969 0.626458 0.624688 0.627239 0.624063 0.657136 0.63 0.631302 0.623646 0.622292 0.660365 0.6325 0.625469 0.623854 0.661303 0.635052 0.624062 0.63151 0.623282 

FFT CPP_Princeton_Recursive blockSize: 1024 executionTime: 1.408177 1.312032 1.489948 1.314219 1.341459 1.318229 1.356355 1.312865 1.312032 1.322083 1.321823 1.346459 1.314948 1.339114 1.316771 1.358229 1.318751 1.310781 1.309948 1.310417 1.363021 1.325469 1.346407 1.327239 1.343073 1.318698 1.338489 1.323594 1.314844 1.372604 

FFT CPP_Princeton_Recursive blockSize: 2048 executionTime: 2.942552 2.87375 2.897656 2.871876 2.895522 2.958855 2.846771 2.900156 2.918386 2.959324 2.880781 2.876615 3.088541 2.846563 2.823021 2.860209 2.865469 2.82573 2.791823 2.831615 2.799324 2.881302 2.874739 2.831875 2.895573 2.875678 2.868282 2.882553 2.84026 2.86698 

FFT CPP_Princeton_Recursive blockSize: 4096 executionTime: 6.782969 6.318855 6.237813 6.226511 6.14448 6.024948 6.197605 6.036146 6.006095 6.112605 6.017189 6.039532 6.188334 7.798543 8.433594 6.582813 8.801772 6.096198 6.047604 5.994272 6.095104 6.103282 6.006719 6.040782 6.01974 6.008595 6.072605 6.06922 6.044168 6.020469 

FFT CPP_Princeton_Recursive blockSize: 8192 executionTime: 12.975001 12.974011 12.911512 12.867241 12.810574 12.948908 13.01047 12.869168 12.925262 12.964845 12.947501 12.814116 12.896304 12.86172 12.812658 12.91172 12.921563 12.863282 12.979897 13.502605 13.432241 13.318595 13.221251 13.457397 13.461824 13.404324 13.377814 13.290626 13.471095 13.628074 

FFT CPP_Princeton_Recursive blockSize: 16384 executionTime: 29.469586 27.878128 27.186513 29.264638 26.894274 27.2362 27.201982 27.384898 27.422607 27.418597 27.118805 27.081982 27.510367 27.456669 23.355315 19.187919 19.386148 19.039481 19.316878 19.256252 18.983596 19.009377 19.683492 19.35995 18.969273 19.63344 20.935418 18.808127 19.304325 19.058752 

FFT CPP_Princeton_Recursive blockSize: 32768 executionTime: 40.787713 40.778076 40.729952 41.044067 40.321514 40.222817 40.387921 40.996827 40.741931 41.832869 39.329639 40.397244 40.672035 40.750421 40.789744 40.713338 41.130473 41.502712 41.124223 41.664952 40.198806 40.697556 40.893338 41.709952 41.389588 40.4799 40.500265 42.179067 40.169795 40.551931 

FFT CPP_Princeton_Recursive blockSize: 65536 executionTime: 86.754019 85.563133 85.53605 86.742612 85.135894 82.99079 84.429487 83.463811 89.049749 83.676623 85.263862 86.267873 86.419227 85.252039 88.477196 84.715738 85.195061 85.554488 85.591154 86.001206 88.271207 84.710633 85.497248 85.250842 85.335009 88.084592 85.524123 86.558289 86.725373 85.383342 

FFT CPP_Princeton_Recursive blockSize: 131072 executionTime: 184.109862 224.554242 255.989349 256.211067 264.190235 254.759401 256.847943 263.194401 259.087109 257.332838 259.429244 262.784245 184.542153 180.817987 180.915904 182.9558 180.20257 179.768977 180.74257 180.25158 183.464133 180.559601 181.011632 182.148248 179.613143 183.236372 178.347414 179.402883 181.305018 179.199549 

FFT CPP_Princeton_Recursive blockSize: 262144 executionTime: 388.579154 379.840715 378.339204 537.125887 528.439792 528.132292 536.873543 544.229898 401.083634 370.588214 373.540506 371.357641 370.702016 372.61811 369.913787 376.568318 377.489673 373.020714 371.641599 377.773944 370.233943 375.06061 379.604621 377.479934 375.095923 380.974621 378.934881 377.20785 379.926913 406.364832 

FFT CPP_Columbia_Iterative blockSize: 16 executionTime: 0.014531 0.015157 0.007187 0.014479 0.006927 0.006407 0.00625 0.006042 0.00599 0.006093 0.007083 0.007292 0.006563 0.00625 0.00625 0.00625 0.006042 0.006042 0.006094 0.006927 0.007865 0.006511 0.006406 0.006094 0.006146 0.00625 0.007031 0.007448 0.006302 0.006406 

FFT CPP_Columbia_Iterative blockSize: 32 executionTime: 0.008385 0.007552 0.007865 0.00901 0.009114 0.007865 0.009636 0.007292 0.008333 0.007813 0.007864 0.008073 0.007448 0.007968 0.008125 0.007396 0.007188 0.008854 0.007656 0.00724 0.007604 0.007396 0.009843 0.007448 0.007188 0.007812 0.008385 0.009167 0.00724 0.008073 

FFT CPP_Columbia_Iterative blockSize: 64 executionTime: 0.011771 0.00974 0.010417 0.010052 0.010573 0.009427 0.010834 0.009896 0.008906 0.009427 0.010052 0.010364 0.010573 0.010261 0.010781 0.011042 0.010052 0.008594 0.009896 0.011667 0.010104 0.010625 0.009688 0.009427 0.01125 0.009792 0.009271 0.010208 0.009271 0.011354 

FFT CPP_Columbia_Iterative blockSize: 128 executionTime: 0.016354 0.01375 0.02 0.012396 0.011094 0.011719 0.01099 0.011875 0.011094 0.01151 0.011823 0.01323 0.011042 0.01125 0.010208 0.01099 0.012656 0.013646 0.011042 0.010469 0.011094 0.011042 0.015625 0.011094 0.011563 0.011146 0.011354 0.011198 0.010885 0.0125 

FFT CPP_Columbia_Iterative blockSize: 256 executionTime: 0.019739 0.019636 0.019948 0.021094 0.019792 0.019948 0.020937 0.019063 0.020625 0.01849 0.019323 0.018594 0.019635 0.018802 0.019062 0.020469 0.019792 0.018646 0.018906 0.018802 0.017916 0.018698 0.018542 0.026667 0.018541 0.019427 0.01823 0.019218 0.022813 0.024531 

FFT CPP_Columbia_Iterative blockSize: 512 executionTime: 0.036771 0.035416 0.035209 0.034323 0.039271 0.034219 0.035417 0.035312 0.034791 0.034323 0.035468 0.035729 0.034584 0.035052 0.040625 0.034011 0.036094 0.035833 0.037552 0.034479 0.035104 0.034948 0.034791 0.034479 0.038489 0.038177 0.03901 0.035105 0.035052 0.039375 

FFT CPP_Columbia_Iterative blockSize: 1024 executionTime: 0.081823 0.077812 0.120417 0.068177 0.076458 0.076302 0.067083 0.108906 0.069271 0.113021 0.074583 0.068281 0.068593 0.118489 0.074375 0.070573 0.068125 0.077604 0.078177 0.067813 0.131875 0.077604 0.070208 0.123906 0.069896 0.115677 0.080052 0.621458 0.080678 0.070781 

FFT CPP_Columbia_Iterative blockSize: 2048 executionTime: 0.254375 0.270261 0.160989 0.270781 0.342604 0.338333 0.207292 0.204479 0.285 0.210729 0.164323 0.163125 0.173177 0.170782 0.218021 0.166355 0.164896 0.171666 0.226979 0.17901 0.16875 0.176979 0.179427 0.172396 0.168229 0.190937 0.182657 0.17974 0.209635 0.177657 

FFT CPP_Columbia_Iterative blockSize: 4096 executionTime: 1.053229 0.986302 0.981458 0.715052 0.772031 0.900365 1.124948 0.820937 0.831979 1.079739 0.869219 0.95099 0.919167 0.973229 0.97448 0.80099 0.915 0.88 0.751979 0.834427 0.934375 0.862448 0.824219 0.778281 0.702136 0.813437 0.725886 0.772553 0.818437 0.804167 

FFT CPP_Columbia_Iterative blockSize: 8192 executionTime: 1.77724 1.7725 1.833855 1.860886 2.04151 1.671563 1.842448 1.859739 1.875938 1.844636 2.028646 1.884583 1.887136 1.780261 1.7375 1.81875 1.81151 1.968282 1.915156 1.890365 1.971771 1.842709 1.869479 1.815834 1.679427 1.813802 1.688021 1.924948 3.052605 2.429271 

FFT CPP_Columbia_Iterative blockSize: 16384 executionTime: 4.768802 4.425001 3.811615 3.983126 4.342084 4.294324 3.970417 4.20625 4.277657 4.238855 4.178178 4.189428 4.069792 4.041563 3.930574 4.045053 3.899324 6.107501 5.105313 4.041563 3.960729 4.26948 4.151667 4.172553 4.062136 3.980677 3.971563 4.257969 4.091979 4.165521 

FFT CPP_Columbia_Iterative blockSize: 32768 executionTime: 9.419532 9.333282 9.159845 14.64948 9.383282 9.531772 8.918699 9.506668 9.574115 9.562345 9.756512 14.729064 9.452605 9.137553 9.341928 9.561772 9.187449 15.489272 9.111615 9.091408 9.307033 9.317814 9.024272 13.574012 8.721095 9.125365 8.74323 11.526824 12.601147 16.517762 

FFT CPP_Columbia_Iterative blockSize: 65536 executionTime: 21.671877 21.24844 21.982971 20.249689 25.357555 22.047919 21.142086 39.769275 26.936305 21.468804 22.484377 22.303857 20.908387 19.863543 23.111044 22.998596 21.730419 39.990212 26.799013 21.654221 22.499013 23.889951 20.779534 22.284898 21.92219 22.339481 22.258543 38.373181 30.530472 21.903492 

FFT CPP_Columbia_Iterative blockSize: 131072 executionTime: 79.627144 73.006883 72.314799 70.923601 75.383914 102.856676 72.353288 77.402143 73.731049 89.728915 71.598497 73.076361 77.900893 86.899488 74.081986 74.276622 73.103132 90.645165 74.992142 73.799226 70.419122 88.778551 75.249747 71.010579 71.818393 87.74506 68.863341 75.292299 66.611205 80.158915 

FFT CPP_Columbia_Iterative blockSize: 262144 executionTime: 215.682521 253.141744 220.032053 243.699868 220.872782 257.426693 251.235441 255.79315 243.493045 282.349142 243.539503 279.999143 237.598513 286.051279 241.731483 257.913151 242.986066 265.534193 243.655128 274.972267 243.957993 273.442058 223.373616 245.64216 220.527106 247.584869 213.00247 248.528098 214.296584 244.907472 

FFT CPP_KISS blockSize: 16 executionTime: 0.027396 0.004948 0.004062 0.003907 0.003854 0.006198 0.00375 0.003854 0.003802 0.00375 0.003698 0.00375 0.003907 0.00375 0.003594 0.003698 0.003594 0.003698 0.003646 0.003698 0.003906 0.003698 0.00375 0.003646 0.003697 0.003697 0.003698 0.003698 0.003958 0.003697 

FFT CPP_KISS blockSize: 32 executionTime: 0.008334 0.00625 0.004844 0.004792 0.004636 0.004896 0.004532 0.004584 0.004583 0.004948 0.004635 0.004583 0.004531 0.004635 0.004532 0.004531 0.004635 0.004531 0.004583 0.005104 0.011146 0.004792 0.004636 0.004584 0.004688 0.004636 0.004635 0.004687 0.004688 0.004687 

FFT CPP_KISS blockSize: 64 executionTime: 0.010521 0.006146 0.00625 0.005677 0.005573 0.005573 0.005729 0.005885 0.005573 0.00599 0.005885 0.005521 0.005573 0.00573 0.005625 0.005625 0.00552 0.005729 0.005886 0.005677 0.005625 0.005885 0.005625 0.005573 0.006094 0.005781 0.00552 0.00599 0.005781 0.006093 

FFT CPP_KISS blockSize: 128 executionTime: 0.020938 0.010625 0.009791 0.009844 0.009792 0.009844 0.009583 0.009792 0.01 0.009688 0.009792 0.010469 0.010209 0.009844 0.009844 0.011719 0.010052 0.009792 0.011042 0.01 0.010156 0.009896 0.009948 0.010209 0.01026 0.009792 0.009844 0.010156 0.010573 0.009947 

FFT CPP_KISS blockSize: 256 executionTime: 0.032344 0.016459 0.015781 0.014219 0.013906 0.015365 0.014271 0.01375 0.014948 0.014687 0.01375 0.014532 0.014167 0.01375 0.013958 0.014636 0.014427 0.015313 0.01401 0.013802 0.014271 0.015312 0.014791 0.014167 0.014114 0.014167 0.014427 0.014792 0.014635 0.014375 

FFT CPP_KISS blockSize: 512 executionTime: 0.066563 0.034271 0.03401 0.033281 0.034271 0.034948 0.083177 0.034375 0.033177 0.033802 0.033802 0.033125 0.034063 0.034115 0.033438 0.033593 0.034844 0.032448 0.041042 0.033229 0.031927 0.03125 0.032916 0.036406 0.035104 0.032864 0.032604 0.032813 0.033906 0.035104 

FFT CPP_KISS blockSize: 1024 executionTime: 0.091771 0.053125 0.054218 0.051563 0.05224 0.053802 0.052239 0.052291 0.05349 0.053073 0.053437 0.055156 0.055261 0.052292 0.052969 0.051719 0.051875 0.05526 0.054479 0.056771 0.054792 0.053541 0.055782 0.050573 0.077136 0.048959 0.05802 0.053698 0.051928 0.056458 

FFT CPP_KISS blockSize: 2048 executionTime: 0.209739 0.138386 0.139792 0.134844 0.13401 0.137344 0.137708 0.134948 0.13651 0.135365 0.133177 0.137136 0.135157 0.132761 0.14151 0.132188 0.135729 0.137656 0.13651 0.13474 0.169635 0.138438 0.141042 0.136667 0.135208 0.134375 0.168594 0.139584 0.137969 0.135677 

FFT CPP_KISS blockSize: 4096 executionTime: 0.359792 0.275365 0.264583 0.272553 0.274375 0.2675 0.272135 0.264479 0.269427 0.26625 0.261979 0.279114 0.266823 0.296667 0.267812 0.300469 0.29276 0.38776 0.421771 0.440052 0.405833 0.51125 0.403907 0.448646 0.37224 0.496406 0.440052 0.453125 0.346093 0.297813 

FFT CPP_KISS blockSize: 8192 executionTime: 0.984323 0.937552 0.935052 0.835886 0.766771 0.804896 0.834115 0.749948 0.778177 0.811667 0.834167 0.787448 0.796615 0.831354 0.813073 0.756876 0.76875 0.768958 0.802032 0.767917 0.780365 0.769479 0.761042 0.830417 0.765312 0.773282 0.785104 0.806093 0.844323 0.790365 

FFT CPP_KISS blockSize: 16384 executionTime: 1.977136 2.430781 1.780782 1.772656 2.836459 3.231354 2.317084 1.654844 1.643646 1.705781 1.634531 1.649791 1.74276 1.656094 1.650157 1.644636 1.674896 1.655417 1.651979 1.73375 1.702761 1.762761 1.730729 1.617604 1.744531 1.617813 3.084115 3.573386 1.851302 1.755104 

FFT CPP_KISS blockSize: 32768 executionTime: 5.288594 5.297604 4.842969 4.838958 5.029219 6.018439 6.154323 6.080157 10.42297 6.274897 6.262396 6.245833 6.159167 6.151615 6.94849 6.184167 6.362969 6.201458 10.83422 6.029897 6.057396 6.05849 7.126511 6.302709 6.332605 6.854428 6.257397 13.264845 6.047136 6.322084 

FFT CPP_KISS blockSize: 65536 executionTime: 16.857502 16.760522 18.032346 15.038699 15.533075 16.990679 18.939898 18.736252 22.210888 24.039742 17.85146 16.623387 16.067241 16.057606 18.213179 24.279274 16.708023 14.594845 15.520783 18.944742 19.003283 23.180679 17.932293 18.127449 19.94172 19.476669 19.395627 18.080314 18.970679 21.213075 

FFT CPP_KISS blockSize: 131072 executionTime: 47.191203 40.144275 41.163077 45.298025 40.701046 42.6924 44.225681 41.903858 43.052348 44.905213 41.501723 48.807713 41.465161 41.949275 41.769952 40.984484 40.475264 40.654587 41.967035 42.280525 42.016775 41.616879 45.723702 40.529379 42.419118 42.068441 41.742556 43.153859 40.686827 41.791515 

FFT CPP_KISS blockSize: 262144 executionTime: 106.969386 100.616885 102.563865 100.839073 107.770792 100.862249 100.337458 106.348916 102.42199 101.364489 103.31725 98.691104 99.865114 104.871 99.013969 99.271729 104.676156 101.422718 100.838448 99.618864 99.176104 102.106365 104.666312 100.790791 100.339073 102.88777 101.653291 102.418969 104.659177 100.089489 

NEON CPP_Recursive blockSize: 16 executionTime: 0.038489 0.012917 0.016198 0.010052 0.008542 0.008489 0.008645 0.008281 0.00823 0.008438 0.009063 0.010572 0.008542 0.008542 0.009011 0.008542 0.008542 0.008802 0.008646 0.009271 0.008958 0.008542 0.009583 0.008386 0.008646 0.009063 0.008959 0.008385 0.008594 0.008281 

NEON CPP_Recursive blockSize: 32 executionTime: 0.018073 0.013385 0.012448 0.012552 0.011354 0.014636 0.011302 0.013541 0.013437 0.015781 0.011406 0.012396 0.012448 0.011406 0.012032 0.011302 0.011406 0.012344 0.011354 0.011771 0.011198 0.012292 0.012604 0.011823 0.011041 0.011771 0.01125 0.014687 0.011979 0.013125 

NEON CPP_Recursive blockSize: 64 executionTime: 0.022291 0.018594 0.019531 0.018385 0.018073 0.01901 0.017448 0.036042 0.019532 0.02026 0.026771 0.02 0.02052 0.020052 0.020729 0.019635 0.01875 0.021302 0.018959 0.01901 0.021042 0.020938 0.020313 0.020208 0.018541 0.021875 0.032135 0.020989 0.018229 0.018073 

NEON CPP_Recursive blockSize: 128 executionTime: 0.036458 0.034531 0.042083 0.033386 0.041042 0.031823 0.025417 0.029583 0.029166 0.026927 0.026198 0.028385 0.0325 0.027969 0.024896 0.026979 0.026719 0.030104 0.028072 0.025573 0.025937 0.036614 0.02724 0.025729 0.02849 0.028803 0.027604 0.040833 0.03349 0.026875 

NEON CPP_Recursive blockSize: 256 executionTime: 0.062552 0.047761 0.04974 0.113021 0.062187 0.049688 0.049271 0.048073 0.048178 0.048125 0.056719 0.059375 0.04698 0.048802 0.047448 0.049479 0.048437 0.048334 0.058438 0.057917 0.048021 0.04849 0.057187 0.046719 0.047969 0.049635 0.055573 0.05526 0.048229 0.047188 

NEON CPP_Recursive blockSize: 512 executionTime: 0.11724 0.134167 0.095365 0.102969 0.105729 0.106094 0.099895 0.103593 0.099896 0.099166 0.094427 0.102604 0.106355 0.10901 0.096979 0.103593 0.101406 0.103021 0.142813 0.104687 0.097917 0.103958 0.096511 0.097656 0.09474 0.092552 0.091875 0.092708 0.089948 0.090261 

NEON CPP_Recursive blockSize: 1024 executionTime: 0.183229 0.180521 0.175469 0.182343 0.17125 0.178855 0.184532 0.190365 0.17625 0.178437 0.178125 0.176615 0.181927 0.183958 0.180104 0.178594 0.175989 0.1825 0.176823 0.180261 0.177761 0.233802 0.181771 0.182292 0.174635 0.174635 0.177813 0.179114 0.173958 0.176302 

NEON CPP_Recursive blockSize: 2048 executionTime: 0.425938 0.374687 0.364062 0.35276 0.351094 0.353386 0.359531 0.359479 0.355677 1.009271 0.375052 0.36625 0.358958 0.419531 0.376094 0.375729 0.380469 0.398541 0.377083 0.38099 0.376875 0.388073 0.382083 0.426198 0.38625 0.384896 0.366094 0.397917 0.401042 0.389531 

NEON CPP_Recursive blockSize: 4096 executionTime: 0.886979 0.850052 0.770313 0.846459 0.785885 0.817292 0.765729 0.817344 0.73724 0.75073 0.783177 0.74375 0.765938 0.757239 0.735781 0.755521 0.73224 0.779375 0.715625 0.800625 0.739479 0.756354 0.738541 0.768385 0.744271 0.803125 0.734271 0.772187 0.78375 0.767813 

NEON CPP_Recursive blockSize: 8192 executionTime: 1.653698 1.566666 1.609635 1.566615 1.540521 1.556771 1.543073 1.600052 1.564792 2.015157 1.588073 1.637917 1.596823 1.619844 1.54 1.555625 1.631406 1.653854 1.540781 1.62651 1.610417 1.581614 1.611042 1.556354 1.537135 1.558803 1.56 1.581146 1.591458 1.641823 

NEON CPP_Recursive blockSize: 16384 executionTime: 4.073698 3.378073 3.537032 3.279584 3.759636 3.768438 4.059376 4.854375 3.923699 3.533698 3.147396 3.202396 3.374896 3.105209 3.051615 3.144636 3.263855 3.193437 3.855156 3.215729 3.338698 3.078594 2.658281 2.495677 2.969167 2.638073 2.470886 2.242083 2.30099 2.547552 

NEON CPP_Recursive blockSize: 32768 executionTime: 4.811355 4.819479 4.859063 5.571511 7.847293 6.096927 4.894896 4.834167 4.863646 6.237292 4.892396 4.785782 5.040677 4.666979 4.760782 4.656927 4.716198 5.687969 5.805209 8.529584 7.33974 5.854428 5.734427 5.665209 4.960105 5.149636 4.614011 4.65198 4.730053 4.878594 

NEON CPP_Recursive blockSize: 65536 executionTime: 13.843751 12.423022 17.875263 12.577553 10.986042 9.863646 10.706094 12.575887 18.887345 11.9662 12.239741 10.565522 10.53198 14.564689 11.650106 12.306824 12.360262 13.685522 12.39922 14.088543 12.129897 11.652501 11.582136 12.540782 14.513595 21.246148 11.643335 11.824011 11.406512 12.196252 

NEON CPP_Recursive blockSize: 131072 executionTime: 24.296878 25.389273 26.045315 23.976097 24.871617 28.153857 24.06844 28.674846 31.755108 27.841982 29.125784 30.236409 28.418128 28.932503 27.633128 30.471201 26.10693 28.284274 27.97818 38.097035 32.982347 38.096046 38.128806 31.120941 39.136619 41.496566 31.954743 35.804952 38.050889 40.216307 

NEON CPP_Recursive blockSize: 262144 executionTime: 71.101153 67.860059 66.955788 68.317194 66.769069 67.02386 68.377924 70.500736 65.819694 67.933496 66.624173 65.729381 65.188808 68.289799 67.61459 67.420892 66.208288 66.270788 69.137768 65.756673 65.674225 68.43209 66.375631 66.123131 67.150319 66.522767 69.833288 65.797299 66.500788 66.898757 

NEON CPP_Iterative blockSize: 16 executionTime: 0.01375 0.006718 0.010417 0.005678 0.005156 0.005104 0.005052 0.005208 0.005261 0.005312 0.005313 0.005625 0.005 0.005052 0.005313 0.005104 0.005156 0.005 0.005573 0.005573 0.005 0.005729 0.005834 0.00526 0.005156 0.005052 0.005573 0.005156 0.005 0.005209 

NEON CPP_Iterative blockSize: 32 executionTime: 0.011146 0.020104 0.006042 0.006667 0.005989 0.005781 0.005885 0.005521 0.005469 0.005573 0.005417 0.005677 0.005781 0.005781 0.00573 0.005781 0.005938 0.005833 0.005573 0.005781 0.007083 0.006094 0.00651 0.005573 0.005365 0.012604 0.005729 0.006198 0.005886 0.005677 

NEON CPP_Iterative blockSize: 64 executionTime: 0.009688 0.008021 0.006823 0.007031 0.006823 0.006719 0.006771 0.006562 0.006667 0.006927 0.006406 0.007239 0.00625 0.006823 0.006562 0.006355 0.00651 0.007083 0.006407 0.006979 0.006823 0.008229 0.006875 0.006354 0.006562 0.006354 0.00625 0.00875 0.006511 0.006719 

NEON CPP_Iterative blockSize: 128 executionTime: 0.016875 0.011198 0.010677 0.009948 0.011354 0.009427 0.009792 0.009375 0.025469 0.00974 0.013906 0.012343 0.010156 0.011719 0.010104 0.010886 0.009948 0.010156 0.011563 0.011198 0.010885 0.012239 0.0075 0.007552 0.007188 0.007448 0.008021 0.01 0.0075 0.007969 

NEON CPP_Iterative blockSize: 256 executionTime: 0.028229 0.016823 0.014271 0.014427 0.014844 0.015781 0.013334 0.013698 0.017239 0.013021 0.015364 0.014479 0.014011 0.015156 0.012864 0.013958 0.014062 0.01375 0.014583 0.014323 0.012813 0.014115 0.047448 0.014115 0.014739 0.015834 0.013177 0.013125 0.014011 0.014427 

NEON CPP_Iterative blockSize: 512 executionTime: 0.044427 0.040416 0.031979 0.032813 0.030104 0.030989 0.032552 0.032761 0.034271 0.038489 0.030156 0.029063 0.032656 0.031197 0.035937 0.029062 0.039531 0.031719 0.029375 0.030312 0.027604 0.030157 0.02974 0.034791 0.035625 0.03526 0.032032 0.030417 0.037344 0.031823 

NEON CPP_Iterative blockSize: 1024 executionTime: 0.070365 0.0675 0.060677 0.053073 0.059063 0.054114 0.054063 0.052344 0.051979 0.0525 0.050833 0.048541 0.053489 0.050157 0.048802 0.050781 0.047708 0.050468 0.054791 0.048438 0.051198 0.048646 0.049011 0.048073 0.049167 0.046198 0.051407 0.046197 0.049792 0.045937 

NEON CPP_Iterative blockSize: 2048 executionTime: 0.17875 0.128386 0.120521 0.121093 0.127187 0.1225 0.137291 0.118541 0.122552 0.119011 0.121875 0.112083 0.124636 0.112917 0.120989 0.121354 0.125938 0.12 0.121458 0.119427 0.119167 0.110312 0.118646 0.118021 0.119375 0.119427 0.119792 0.11901 0.1275 0.121042 

NEON CPP_Iterative blockSize: 4096 executionTime: 0.396719 0.348073 0.422239 0.33698 0.345938 0.379375 0.357344 0.341042 0.355417 0.337709 0.356563 0.379167 0.419688 0.415469 0.457135 0.393958 0.446614 0.414844 0.465678 0.438698 0.452656 0.397709 0.418958 0.393802 0.427864 0.451198 0.431041 0.491198 0.528073 0.479114 

NEON CPP_Iterative blockSize: 8192 executionTime: 1.299323 1.101146 1.130052 1.01974 0.968229 0.97474 1.000312 1.073698 1.330208 1.21151 1.098073 1.129271 1.023906 1.063073 0.98474 1.010573 1.005469 0.968594 0.944687 0.976771 0.988021 1.009427 0.96474 1.010313 0.954531 1.041198 0.983906 1.047031 1.016198 1.038542 

NEON CPP_Iterative blockSize: 16384 executionTime: 2.109688 2.108177 2.123229 1.987344 2.01573 2.060052 1.941302 2.203959 1.955001 2.005834 2.030625 2.003333 1.938958 1.973229 1.982031 2.009375 2.041563 1.995625 2.05625 2.074115 2.682292 2.376875 2.34224 1.963854 1.857239 1.966667 1.91776 1.984687 1.984844 2.000521 

NEON CPP_Iterative blockSize: 32768 executionTime: 4.316406 4.217032 4.114583 4.130208 4.226303 4.161406 4.168334 4.624844 4.155105 4.074271 4.076042 5.75698 4.006458 4.098073 4.155886 4.157813 4.006875 4.225886 4.286928 4.198594 4.271979 4.14073 4.292344 4.302709 4.107188 4.265365 6.516511 4.324219 4.178698 4.348854 

NEON CPP_Iterative blockSize: 65536 executionTime: 9.924271 10.249897 10.324116 10.672918 10.689324 10.872554 10.618751 10.699324 10.062761 10.689272 10.404688 11.09797 10.585783 10.910157 10.895991 10.667085 10.113126 10.803178 9.831459 9.649689 9.876719 9.753126 9.735991 9.850209 9.742344 9.652917 9.92073 13.797554 14.872919 9.729116 

NEON CPP_Iterative blockSize: 131072 executionTime: 24.173388 26.937711 26.595576 26.592919 27.150107 25.194638 24.866773 26.737451 37.010004 25.824534 27.586409 27.657555 26.881982 24.832138 26.825211 23.993076 27.001044 33.843545 24.899951 24.521982 27.390107 24.233336 25.357398 24.702138 25.35417 24.397763 35.990108 24.405887 25.745367 26.073545 

NEON CPP_Iterative blockSize: 262144 executionTime: 51.663287 53.618755 52.754067 54.004276 56.575266 53.911777 67.412142 50.964693 61.087141 67.865111 60.12584 56.870162 63.540631 66.902455 59.937298 66.615215 58.791933 59.96735 55.875162 68.201986 71.752559 68.184799 62.047089 61.197767 66.627506 58.885058 59.120944 57.554016 58.752714 59.990996 

